<?xml version="1.0" encoding="utf-8"?>
<TestRun id="a0f31130-25f9-48e5-8cd7-75a4ba990e93" name="talha@TAHA_TAL7A 2025-10-24 13:46:59" runUser="TAHA_TAL7A\talha" xmlns="http://microsoft.com/schemas/VisualStudio/TeamTest/2010">
  <Times creation="2025-10-24T13:46:59.0627019-04:00" queuing="2025-10-24T13:46:59.0627022-04:00" start="2025-10-24T13:46:56.8275382-04:00" finish="2025-10-24T13:47:16.2488592-04:00" />
  <TestSettings name="default" id="dab81df0-6848-4194-882c-d8b30759e99e">
    <Deployment runDeploymentRoot="talha_TAHA_TAL7A_2025-10-24_13_46_59" />
  </TestSettings>
  <Results>
    <UnitTestResult executionId="adce6c64-58de-45f5-860f-8f86fe370d1c" testId="7d52dd21-e4ea-5fc7-e801-b5ce66ebc0d7" testName="TaskItem_IdGeneration_IsNotEmpty" computerName="TAHA_TAL7A" duration="00:00:00.0020000" startTime="2025-10-24T13:47:03.7471670-04:00" endTime="2025-10-24T13:47:03.7481676-04:00" testType="13cdc9d9-ddb5-4fa4-a97d-d965ccfc6d4b" outcome="Passed" testListId="8c84fa94-04c1-424b-9868-57a2d4851a1d" relativeResultsDirectory="adce6c64-58de-45f5-860f-8f86fe370d1c" />
    <UnitTestResult executionId="e2a0f230-7345-4b7b-9471-62580b43b91e" testId="15b51a80-ed0d-ec9c-cd1e-64d39e918b6c" testName="GetReminderLabelForActive_WithoutDate_ReturnsActive" computerName="TAHA_TAL7A" duration="00:00:00.0100000" startTime="2025-10-24T13:47:07.0092197-04:00" endTime="2025-10-24T13:47:07.0187692-04:00" testType="13cdc9d9-ddb5-4fa4-a97d-d965ccfc6d4b" outcome="Passed" testListId="8c84fa94-04c1-424b-9868-57a2d4851a1d" relativeResultsDirectory="e2a0f230-7345-4b7b-9471-62580b43b91e" />
    <UnitTestResult executionId="82c9b017-3802-4bee-9d58-204308ac2d89" testId="aedee043-3609-633d-f3a4-c8ed0a977a72" testName="MainViewModel_AllTasks_CanBeCleared" computerName="TAHA_TAL7A" duration="00:00:00.0080000" startTime="2025-10-24T13:47:03.9137161-04:00" endTime="2025-10-24T13:47:03.9206923-04:00" testType="13cdc9d9-ddb5-4fa4-a97d-d965ccfc6d4b" outcome="Passed" testListId="8c84fa94-04c1-424b-9868-57a2d4851a1d" relativeResultsDirectory="82c9b017-3802-4bee-9d58-204308ac2d89" />
    <UnitTestResult executionId="a5f44cef-6923-47f0-8210-e5809fe4f397" testId="b5c4363d-ee34-6b1c-32bc-5da0777a7ddd" testName="TaskItem_GetFullDueDateTime_ComposesDateAndTime" computerName="TAHA_TAL7A" duration="00:00:00.0000001" startTime="2025-10-24T13:47:03.1664866-04:00" endTime="2025-10-24T13:47:03.1664866-04:00" testType="13cdc9d9-ddb5-4fa4-a97d-d965ccfc6d4b" outcome="Passed" testListId="8c84fa94-04c1-424b-9868-57a2d4851a1d" relativeResultsDirectory="a5f44cef-6923-47f0-8210-e5809fe4f397" />
    <UnitTestResult executionId="f731b167-6a96-41ff-ba5b-a27149c96681" testId="6ab1b34f-868e-8b28-8c6f-423a8bb6b1b4" testName="RefreshDailyTasks_LimitsTo3Tasks" computerName="TAHA_TAL7A" duration="00:00:00.0070000" startTime="2025-10-24T13:47:07.3049663-04:00" endTime="2025-10-24T13:47:07.3115049-04:00" testType="13cdc9d9-ddb5-4fa4-a97d-d965ccfc6d4b" outcome="Passed" testListId="8c84fa94-04c1-424b-9868-57a2d4851a1d" relativeResultsDirectory="f731b167-6a96-41ff-ba5b-a27149c96681" />
    <UnitTestResult executionId="4399ec6d-9970-4d5d-9a41-6721e381cd31" testId="953af306-cdc0-a66e-253b-f9028301bb81" testName="LoadState_RefreshDailyTracking_ResetsYesterday" computerName="TAHA_TAL7A" duration="00:00:00.1270000" startTime="2025-10-24T13:47:03.1674859-04:00" endTime="2025-10-24T13:47:03.2947191-04:00" testType="13cdc9d9-ddb5-4fa4-a97d-d965ccfc6d4b" outcome="Passed" testListId="8c84fa94-04c1-424b-9868-57a2d4851a1d" relativeResultsDirectory="4399ec6d-9970-4d5d-9a41-6721e381cd31" />
    <UnitTestResult executionId="fe2c88a7-0480-4938-9381-1b5d71b8cc2e" testId="afee722e-c7cc-2e47-9f57-40817f7374d4" testName="MainViewModel_RefreshUpcomingTask_WithEmptyTasks_SetsNull" computerName="TAHA_TAL7A" duration="00:00:00.0070000" startTime="2025-10-24T13:47:03.6971653-04:00" endTime="2025-10-24T13:47:03.7047257-04:00" testType="13cdc9d9-ddb5-4fa4-a97d-d965ccfc6d4b" outcome="Passed" testListId="8c84fa94-04c1-424b-9868-57a2d4851a1d" relativeResultsDirectory="fe2c88a7-0480-4938-9381-1b5d71b8cc2e" />
    <UnitTestResult executionId="5d3cc0ab-a142-4f21-ab87-cf31312e9282" testId="fffb47eb-39c5-53a4-2db1-4f65c65ad639" testName="OverloadConstructor_DoesNotCreate_WhenEnsureFalse" computerName="TAHA_TAL7A" duration="00:00:00.0010000" startTime="2025-10-24T13:47:03.4044501-04:00" endTime="2025-10-24T13:47:03.4059602-04:00" testType="13cdc9d9-ddb5-4fa4-a97d-d965ccfc6d4b" outcome="Passed" testListId="8c84fa94-04c1-424b-9868-57a2d4851a1d" relativeResultsDirectory="5d3cc0ab-a142-4f21-ab87-cf31312e9282" />
    <UnitTestResult executionId="f2917319-0ce5-4e66-8658-5311d8c87e48" testId="665c67ac-d0b2-a4c1-a6fb-acb26db90b89" testName="WindowButtons_Methods_AreCallable" computerName="TAHA_TAL7A" duration="00:00:00.0600000" startTime="2025-10-24T13:47:15.6466357-04:00" endTime="2025-10-24T13:47:15.7066026-04:00" testType="13cdc9d9-ddb5-4fa4-a97d-d965ccfc6d4b" outcome="Passed" testListId="8c84fa94-04c1-424b-9868-57a2d4851a1d" relativeResultsDirectory="f2917319-0ce5-4e66-8658-5311d8c87e48" />
    <UnitTestResult executionId="669646d3-3b8b-4141-a0c1-0918648f3c9f" testId="0a8c2da9-87b0-a1b5-c357-85aaf24e56fb" testName="MergeImportedTasks_SkipsNullOrEmptyNameTasks" computerName="TAHA_TAL7A" duration="00:00:00.0090000" startTime="2025-10-24T13:47:07.2657547-04:00" endTime="2025-10-24T13:47:07.2746524-04:00" testType="13cdc9d9-ddb5-4fa4-a97d-d965ccfc6d4b" outcome="Passed" testListId="8c84fa94-04c1-424b-9868-57a2d4851a1d" relativeResultsDirectory="669646d3-3b8b-4141-a0c1-0918648f3c9f" />
    <UnitTestResult executionId="d2fa492e-d521-4f06-80d2-d7fc760c1e16" testId="5f5ac3f9-32e0-d0f1-3101-2730a303f946" testName="SaveTask_TriggersAllRefreshes" computerName="TAHA_TAL7A" duration="00:00:00.0100000" startTime="2025-10-24T13:47:07.0518165-04:00" endTime="2025-10-24T13:47:07.0619498-04:00" testType="13cdc9d9-ddb5-4fa4-a97d-d965ccfc6d4b" outcome="Passed" testListId="8c84fa94-04c1-424b-9868-57a2d4851a1d" relativeResultsDirectory="d2fa492e-d521-4f06-80d2-d7fc760c1e16" />
    <UnitTestResult executionId="65c01d0e-cf8b-4c54-a552-c3ac9833597f" testId="7a6335a3-1e7c-ebf3-a6cc-aebe97c49369" testName="MainViewModel_AllIntegerProperties_CanBeSetAndGet" computerName="TAHA_TAL7A" duration="00:00:00.0100000" startTime="2025-10-24T13:47:03.8971320-04:00" endTime="2025-10-24T13:47:03.9071612-04:00" testType="13cdc9d9-ddb5-4fa4-a97d-d965ccfc6d4b" outcome="Passed" testListId="8c84fa94-04c1-424b-9868-57a2d4851a1d" relativeResultsDirectory="65c01d0e-cf8b-4c54-a552-c3ac9833597f" />
    <UnitTestResult executionId="072073d8-36e2-44bc-9d5a-97e1c58bcecb" testId="f2622b5f-044a-dc53-85c2-68d9c83e6594" testName="MainViewModel_Constructor_SetsDefaultValues" computerName="TAHA_TAL7A" duration="00:00:00.0100000" startTime="2025-10-24T13:47:04.0546223-04:00" endTime="2025-10-24T13:47:04.0656739-04:00" testType="13cdc9d9-ddb5-4fa4-a97d-d965ccfc6d4b" outcome="Passed" testListId="8c84fa94-04c1-424b-9868-57a2d4851a1d" relativeResultsDirectory="072073d8-36e2-44bc-9d5a-97e1c58bcecb" />
    <UnitTestResult executionId="5ac4c750-44d5-4445-95ec-ef7d97e206ce" testId="ada27103-f311-2e8e-91d4-7cdb6f86693c" testName="RefreshDailyTasks_FiltersAndLimitsCorrectly" computerName="TAHA_TAL7A" duration="00:00:00.0110000" startTime="2025-10-24T13:47:03.8325829-04:00" endTime="2025-10-24T13:47:03.8440188-04:00" testType="13cdc9d9-ddb5-4fa4-a97d-d965ccfc6d4b" outcome="Passed" testListId="8c84fa94-04c1-424b-9868-57a2d4851a1d" relativeResultsDirectory="5ac4c750-44d5-4445-95ec-ef7d97e206ce" />
    <UnitTestResult executionId="27dadbec-2214-4ae2-a5ba-63f223bdec61" testId="3c07acb5-917b-adbc-0260-6d773978b4ba" testName="StartInfo_TimeZone_Valid_LocalId" computerName="TAHA_TAL7A" duration="00:00:00.0070000" startTime="2025-10-24T13:47:00.3814142-04:00" endTime="2025-10-24T13:47:00.3884386-04:00" testType="13cdc9d9-ddb5-4fa4-a97d-d965ccfc6d4b" outcome="Passed" testListId="8c84fa94-04c1-424b-9868-57a2d4851a1d" relativeResultsDirectory="27dadbec-2214-4ae2-a5ba-63f223bdec61" />
    <UnitTestResult executionId="d5af64af-70a4-40bf-ac0f-3eb36073ee56" testId="80c52fc8-da3a-b418-6720-ee1a943d99c8" testName="MainViewModel_StringProperties_CanBeSetToEmpty" computerName="TAHA_TAL7A" duration="00:00:00.0070000" startTime="2025-10-24T13:47:03.7311220-04:00" endTime="2025-10-24T13:47:03.7381190-04:00" testType="13cdc9d9-ddb5-4fa4-a97d-d965ccfc6d4b" outcome="Passed" testListId="8c84fa94-04c1-424b-9868-57a2d4851a1d" relativeResultsDirectory="d5af64af-70a4-40bf-ac0f-3eb36073ee56" />
    <UnitTestResult executionId="722f61d9-782d-49c7-83aa-69894aee2288" testId="b6b1e7aa-17d1-33c8-8718-53db2e88b804" testName="SaveState_And_LoadState_RoundTrip_UsingOverload" computerName="TAHA_TAL7A" duration="00:00:00.0100000" startTime="2025-10-24T13:47:03.4059602-04:00" endTime="2025-10-24T13:47:03.4160435-04:00" testType="13cdc9d9-ddb5-4fa4-a97d-d965ccfc6d4b" outcome="Passed" testListId="8c84fa94-04c1-424b-9868-57a2d4851a1d" relativeResultsDirectory="722f61d9-782d-49c7-83aa-69894aee2288" />
    <UnitTestResult executionId="1e3a9bd7-0ac0-4eee-8cf0-07ca11c3e345" testId="109a1ed3-0a45-c836-c145-2e2529e3f762" testName="NameIsTrimmed" computerName="TAHA_TAL7A" duration="00:00:00.0060000" startTime="2025-10-24T13:47:00.3222963-04:00" endTime="2025-10-24T13:47:00.3288330-04:00" testType="13cdc9d9-ddb5-4fa4-a97d-d965ccfc6d4b" outcome="Passed" testListId="8c84fa94-04c1-424b-9868-57a2d4851a1d" relativeResultsDirectory="1e3a9bd7-0ac0-4eee-8cf0-07ca11c3e345" />
    <UnitTestResult executionId="764d1461-f78d-4698-b72f-b0073beb7dee" testId="d77bcb08-5329-9c47-371d-35e5e55c0fa0" testName="LoadState_WhenFileMissing_ReturnsDefaultState" computerName="TAHA_TAL7A" duration="00:00:00.0030000" startTime="2025-10-24T13:47:03.4316150-04:00" endTime="2025-10-24T13:47:03.4346154-04:00" testType="13cdc9d9-ddb5-4fa4-a97d-d965ccfc6d4b" outcome="Passed" testListId="8c84fa94-04c1-424b-9868-57a2d4851a1d" relativeResultsDirectory="764d1461-f78d-4698-b72f-b0073beb7dee" />
    <UnitTestResult executionId="96c3d0cf-e0d4-4c45-a809-0362583c9f5b" testId="89c7a87f-d8f5-ba74-2315-767c210090b2" testName="SaveAndEditTask_FlowsThroughCollections" computerName="TAHA_TAL7A" duration="00:00:00.0080000" startTime="2025-10-24T13:47:07.3344562-04:00" endTime="2025-10-24T13:47:07.3435304-04:00" testType="13cdc9d9-ddb5-4fa4-a97d-d965ccfc6d4b" outcome="Passed" testListId="8c84fa94-04c1-424b-9868-57a2d4851a1d" relativeResultsDirectory="96c3d0cf-e0d4-4c45-a809-0362583c9f5b" />
    <UnitTestResult executionId="a85889d0-c5fe-464c-9132-0b597b7bd304" testId="aec9fb5c-924e-26a2-cf14-45e8e268dc33" testName="MainViewModel_PreviousMonth_DecreasesMonth" computerName="TAHA_TAL7A" duration="00:00:00.0060000" startTime="2025-10-24T13:47:04.2134852-04:00" endTime="2025-10-24T13:47:04.2194812-04:00" testType="13cdc9d9-ddb5-4fa4-a97d-d965ccfc6d4b" outcome="Passed" testListId="8c84fa94-04c1-424b-9868-57a2d4851a1d" relativeResultsDirectory="a85889d0-c5fe-464c-9132-0b597b7bd304" />
    <UnitTestResult executionId="bd88c0cb-b2ac-44d4-9309-e22cf31ab5e0" testId="a5ef6eae-211a-2be2-42ef-97499e8a9d2b" testName="MainViewModel_AllBooleanProperties_CanBeSetAndGet" computerName="TAHA_TAL7A" duration="00:00:00.0070000" startTime="2025-10-24T13:47:03.8830793-04:00" endTime="2025-10-24T13:47:03.8895748-04:00" testType="13cdc9d9-ddb5-4fa4-a97d-d965ccfc6d4b" outcome="Passed" testListId="8c84fa94-04c1-424b-9868-57a2d4851a1d" relativeResultsDirectory="bd88c0cb-b2ac-44d4-9309-e22cf31ab5e0" />
    <UnitTestResult executionId="104fec45-0ce8-4450-9433-b0716df4ef79" testId="144b8965-9d58-28ca-3bc7-5fc44dc5774f" testName="CreateGoogleAccountCommand_ExecutesWithoutError" computerName="TAHA_TAL7A" duration="00:00:00.0750000" startTime="2025-10-24T13:47:07.9055773-04:00" endTime="2025-10-24T13:47:07.9804638-04:00" testType="13cdc9d9-ddb5-4fa4-a97d-d965ccfc6d4b" outcome="Passed" testListId="8c84fa94-04c1-424b-9868-57a2d4851a1d" relativeResultsDirectory="104fec45-0ce8-4450-9433-b0716df4ef79" />
    <UnitTestResult executionId="6bc3781f-8e6c-4943-a420-0a023758a75e" testId="1afc8480-caa5-2b2d-c13e-c998042bda0f" testName="MainViewModel_TimerButtonText_ChangesWithTimerState" computerName="TAHA_TAL7A" duration="00:00:00.0080000" startTime="2025-10-24T13:47:06.2964024-04:00" endTime="2025-10-24T13:47:06.3049637-04:00" testType="13cdc9d9-ddb5-4fa4-a97d-d965ccfc6d4b" outcome="Passed" testListId="8c84fa94-04c1-424b-9868-57a2d4851a1d" relativeResultsDirectory="6bc3781f-8e6c-4943-a420-0a023758a75e" />
    <UnitTestResult executionId="bdef3d4b-fd9d-4d04-a6de-9d4c899a0157" testId="4c90f059-b2a6-6417-7ef2-aab4234f4c7e" testName="MainViewModel_Collections_AreObservable" computerName="TAHA_TAL7A" duration="00:00:00.0090000" startTime="2025-10-24T13:47:03.9497943-04:00" endTime="2025-10-24T13:47:03.9588129-04:00" testType="13cdc9d9-ddb5-4fa4-a97d-d965ccfc6d4b" outcome="Passed" testListId="8c84fa94-04c1-424b-9868-57a2d4851a1d" relativeResultsDirectory="bdef3d4b-fd9d-4d04-a6de-9d4c899a0157" />
    <UnitTestResult executionId="96a5fcd9-a898-43ed-97d5-343e97f9025d" testId="71f36e2c-56c7-eff3-e7a3-fef6baf5eb23" testName="AutoSearch_FindsInParentDirectory" computerName="TAHA_TAL7A" duration="00:00:00.0040000" startTime="2025-10-24T13:46:58.9496329-04:00" endTime="2025-10-24T13:46:58.9531861-04:00" testType="13cdc9d9-ddb5-4fa4-a97d-d965ccfc6d4b" outcome="Passed" testListId="8c84fa94-04c1-424b-9868-57a2d4851a1d" relativeResultsDirectory="96a5fcd9-a898-43ed-97d5-343e97f9025d" />
    <UnitTestResult executionId="b1811bdb-9e9b-419b-92de-27786f3b615d" testId="12716aeb-3e46-6948-b4f5-8409e2c9f206" testName="SecondsToDurationConverter_VariousValues" computerName="TAHA_TAL7A" duration="00:00:00.0010000" startTime="2025-10-24T13:47:02.3330042-04:00" endTime="2025-10-24T13:47:02.3349864-04:00" testType="13cdc9d9-ddb5-4fa4-a97d-d965ccfc6d4b" outcome="Passed" testListId="8c84fa94-04c1-424b-9868-57a2d4851a1d" relativeResultsDirectory="b1811bdb-9e9b-419b-92de-27786f3b615d" />
    <UnitTestResult executionId="dfccf2f7-b6ca-41cc-b838-67c51c446efd" testId="a17b3e5e-b9c5-c77c-7fc0-567e68ebad52" testName="SaveState_MissingDirectory_LogsError" computerName="TAHA_TAL7A" duration="00:00:00.0750000" startTime="2025-10-24T13:47:03.3168287-04:00" endTime="2025-10-24T13:47:03.3917520-04:00" testType="13cdc9d9-ddb5-4fa4-a97d-d965ccfc6d4b" outcome="Passed" testListId="8c84fa94-04c1-424b-9868-57a2d4851a1d" relativeResultsDirectory="dfccf2f7-b6ca-41cc-b838-67c51c446efd" />
    <UnitTestResult executionId="0e362886-ff27-4d20-b979-06eeb1a3fb5b" testId="1be09caa-c243-06cb-4ed8-fc125c845bf9" testName="MainViewModel_PaginationText_ShowsZeroForEmpty" computerName="TAHA_TAL7A" duration="00:00:00.0050000" startTime="2025-10-24T13:47:04.2079483-04:00" endTime="2025-10-24T13:47:04.2134852-04:00" testType="13cdc9d9-ddb5-4fa4-a97d-d965ccfc6d4b" outcome="Passed" testListId="8c84fa94-04c1-424b-9868-57a2d4851a1d" relativeResultsDirectory="0e362886-ff27-4d20-b979-06eeb1a3fb5b" />
    <UnitTestResult executionId="0e56a79e-67be-4531-ba3b-e736f9bfa4f0" testId="f2325ff3-39f7-1259-97af-89acf301fd46" testName="OpenEditTaskModal_CopiesTaskValues" computerName="TAHA_TAL7A" duration="00:00:00.0100000" startTime="2025-10-24T13:47:07.0411876-04:00" endTime="2025-10-24T13:47:07.0518165-04:00" testType="13cdc9d9-ddb5-4fa4-a97d-d965ccfc6d4b" outcome="Passed" testListId="8c84fa94-04c1-424b-9868-57a2d4851a1d" relativeResultsDirectory="0e56a79e-67be-4531-ba3b-e736f9bfa4f0" />
    <UnitTestResult executionId="635b4c4f-9c49-498f-a28a-27fe498fef5c" testId="ff32484f-1d20-de47-b9ef-2cee64518ab8" testName="SetProperty_NoRaise_WhenValueSame" computerName="TAHA_TAL7A" duration="00:00:00.0000001" startTime="2025-10-24T13:47:15.7096022-04:00" endTime="2025-10-24T13:47:15.7096022-04:00" testType="13cdc9d9-ddb5-4fa4-a97d-d965ccfc6d4b" outcome="Passed" testListId="8c84fa94-04c1-424b-9868-57a2d4851a1d" relativeResultsDirectory="635b4c4f-9c49-498f-a28a-27fe498fef5c" />
    <UnitTestResult executionId="6f336fe5-a816-4fde-ae68-edb6f2a2c42c" testId="f30fd916-7f16-ade9-9af6-ee80812e9460" testName="GetReminderLabelForActive_WithoutTime_ReturnsActive" computerName="TAHA_TAL7A" duration="00:00:00.0060000" startTime="2025-10-24T13:47:07.0187692-04:00" endTime="2025-10-24T13:47:07.0241313-04:00" testType="13cdc9d9-ddb5-4fa4-a97d-d965ccfc6d4b" outcome="Passed" testListId="8c84fa94-04c1-424b-9868-57a2d4851a1d" relativeResultsDirectory="6f336fe5-a816-4fde-ae68-edb6f2a2c42c" />
    <UnitTestResult executionId="8523e183-7c12-4a51-8d9a-412395df433a" testId="413279d4-cd8b-ff19-0677-b02c8989bf78" testName="ReminderStatusToBrushConverter_ReturnsExpectedColors" computerName="TAHA_TAL7A" duration="00:00:00.0010000" startTime="2025-10-24T13:47:03.7687830-04:00" endTime="2025-10-24T13:47:03.7687830-04:00" testType="13cdc9d9-ddb5-4fa4-a97d-d965ccfc6d4b" outcome="Passed" testListId="8c84fa94-04c1-424b-9868-57a2d4851a1d" relativeResultsDirectory="8523e183-7c12-4a51-8d9a-412395df433a" />
    <UnitTestResult executionId="fe3f6630-8bd0-4169-921c-d1709163cd2e" testId="ac5a6734-95fc-dc48-2eec-7f6cfad0ccaa" testName="Constructor_WithNullPath_Throws" computerName="TAHA_TAL7A" duration="00:00:00.0030000" startTime="2025-10-24T13:47:03.4270734-04:00" endTime="2025-10-24T13:47:03.4290758-04:00" testType="13cdc9d9-ddb5-4fa4-a97d-d965ccfc6d4b" outcome="Passed" testListId="8c84fa94-04c1-424b-9868-57a2d4851a1d" relativeResultsDirectory="fe3f6630-8bd0-4169-921c-d1709163cd2e" />
    <UnitTestResult executionId="f96d6982-354b-4c0c-8c1e-881674543ccd" testId="51216b0d-af06-df90-2684-eeae4f530217" testName="UserCancellation_ReturnsCancelledOutcome" computerName="TAHA_TAL7A" duration="00:00:00.0050000" startTime="2025-10-24T13:47:00.4133541-04:00" endTime="2025-10-24T13:47:00.4183531-04:00" testType="13cdc9d9-ddb5-4fa4-a97d-d965ccfc6d4b" outcome="Passed" testListId="8c84fa94-04c1-424b-9868-57a2d4851a1d" relativeResultsDirectory="f96d6982-354b-4c0c-8c1e-881674543ccd" />
    <UnitTestResult executionId="706ec093-a602-47a5-bf3c-915eb52a4743" testId="0dfc0da8-3027-097e-1d37-84ae375d35b0" testName="InvalidAllDayDate_String_ResultsInNoDueAndNoReminder" computerName="TAHA_TAL7A" duration="00:00:00.0060000" startTime="2025-10-24T13:47:00.3087241-04:00" endTime="2025-10-24T13:47:00.3147772-04:00" testType="13cdc9d9-ddb5-4fa4-a97d-d965ccfc6d4b" outcome="Passed" testListId="8c84fa94-04c1-424b-9868-57a2d4851a1d" relativeResultsDirectory="706ec093-a602-47a5-bf3c-915eb52a4743" />
    <UnitTestResult executionId="6479a942-e280-48f2-afbe-7496a1b5c191" testId="6b03b685-58c8-aa82-2e36-38a61eee5b41" testName="MainViewModel_CalendarDays_GeneratedOnConstruction" computerName="TAHA_TAL7A" duration="00:00:00.0070000" startTime="2025-10-24T13:47:03.9206923-04:00" endTime="2025-10-24T13:47:03.9285690-04:00" testType="13cdc9d9-ddb5-4fa4-a97d-d965ccfc6d4b" outcome="Passed" testListId="8c84fa94-04c1-424b-9868-57a2d4851a1d" relativeResultsDirectory="6479a942-e280-48f2-afbe-7496a1b5c191" />
    <UnitTestResult executionId="899b689f-29b8-4553-811a-6c37684cb1d3" testId="b983a39e-9665-190c-f3a1-e1f3e17edbd5" testName="ConvertBack_Throws_NotImplemented" computerName="TAHA_TAL7A" duration="00:00:00.0000001" startTime="2025-10-24T13:47:03.7998734-04:00" endTime="2025-10-24T13:47:03.8008755-04:00" testType="13cdc9d9-ddb5-4fa4-a97d-d965ccfc6d4b" outcome="Passed" testListId="8c84fa94-04c1-424b-9868-57a2d4851a1d" relativeResultsDirectory="899b689f-29b8-4553-811a-6c37684cb1d3" />
    <UnitTestResult executionId="14d83f12-255c-43a0-b6d1-dfaf964eef95" testId="43808ba6-9786-e3e5-04a3-bc0794934936" testName="CalendarDayTagConverter_AllProperties" computerName="TAHA_TAL7A" duration="00:00:00.0270000" startTime="2025-10-24T13:47:02.1189488-04:00" endTime="2025-10-24T13:47:02.1456037-04:00" testType="13cdc9d9-ddb5-4fa4-a97d-d965ccfc6d4b" outcome="Passed" testListId="8c84fa94-04c1-424b-9868-57a2d4851a1d" relativeResultsDirectory="14d83f12-255c-43a0-b6d1-dfaf964eef95" />
    <UnitTestResult executionId="82adfea6-a25f-4792-a15e-e3884f1f84bb" testId="5dcc2895-3762-fe7b-ff2b-d2da4600ad0f" testName="TimerState_AllProperties_CanBeModified" computerName="TAHA_TAL7A" duration="00:00:00.0010000" startTime="2025-10-24T13:47:03.1634707-04:00" endTime="2025-10-24T13:47:03.1634707-04:00" testType="13cdc9d9-ddb5-4fa4-a97d-d965ccfc6d4b" outcome="Passed" testListId="8c84fa94-04c1-424b-9868-57a2d4851a1d" relativeResultsDirectory="82adfea6-a25f-4792-a15e-e3884f1f84bb" />
    <UnitTestResult executionId="ad023f32-3158-474d-93c0-d2a4a2c9c533" testId="c57c91a4-637d-7767-7ced-4bc84a5041df" testName="HandleImportResultAsync_WithNullResult_SetsErrorMessage" computerName="TAHA_TAL7A" duration="00:00:00.0070000" startTime="2025-10-24T13:47:07.2483839-04:00" endTime="2025-10-24T13:47:07.2562152-04:00" testType="13cdc9d9-ddb5-4fa4-a97d-d965ccfc6d4b" outcome="Passed" testListId="8c84fa94-04c1-424b-9868-57a2d4851a1d" relativeResultsDirectory="ad023f32-3158-474d-93c0-d2a4a2c9c533" />
    <UnitTestResult executionId="a20b5f48-7b2b-4f32-8c84-1d6f45bac8b9" testId="0d923a9b-bd6d-9872-be87-018e3fba6853" testName="SaveTask_WithEmptyName_ShowsValidationAndKeepsModalOpen" computerName="TAHA_TAL7A" duration="00:00:00.4890000" startTime="2025-10-24T13:47:07.3547449-04:00" endTime="2025-10-24T13:47:07.8425563-04:00" testType="13cdc9d9-ddb5-4fa4-a97d-d965ccfc6d4b" outcome="Passed" testListId="8c84fa94-04c1-424b-9868-57a2d4851a1d" relativeResultsDirectory="a20b5f48-7b2b-4f32-8c84-1d6f45bac8b9" />
    <UnitTestResult executionId="15bb9ab5-5dd1-4057-a54a-2cf289d49ae7" testId="7152f95c-cde5-07e4-7bbf-d383a27673a9" testName="NextPageCommand_Execute_IncreasesPage" computerName="TAHA_TAL7A" duration="00:00:00.0070000" startTime="2025-10-24T13:47:06.9043012-04:00" endTime="2025-10-24T13:47:06.9108456-04:00" testType="13cdc9d9-ddb5-4fa4-a97d-d965ccfc6d4b" outcome="Passed" testListId="8c84fa94-04c1-424b-9868-57a2d4851a1d" relativeResultsDirectory="15bb9ab5-5dd1-4057-a54a-2cf289d49ae7" />
    <UnitTestResult executionId="85aabc38-316a-4422-9263-a81f178c08cb" testId="a2843b70-1264-1392-200c-06b77d733504" testName="Constructor_InitializesCollectionsAndProperties" computerName="TAHA_TAL7A" duration="00:00:00.0110000" startTime="2025-10-24T13:47:07.1414638-04:00" endTime="2025-10-24T13:47:07.1520166-04:00" testType="13cdc9d9-ddb5-4fa4-a97d-d965ccfc6d4b" outcome="Passed" testListId="8c84fa94-04c1-424b-9868-57a2d4851a1d" relativeResultsDirectory="85aabc38-316a-4422-9263-a81f178c08cb" />
    <UnitTestResult executionId="13ef3caf-2a0b-4555-8452-4ed9b8c9cd70" testId="8e9ea120-fad6-647c-a5cc-83a7674d95bc" testName="MainViewModel_AllStringProperties_CanBeSetAndGet" computerName="TAHA_TAL7A" duration="00:00:00.0070000" startTime="2025-10-24T13:47:03.9071612-04:00" endTime="2025-10-24T13:47:03.9137161-04:00" testType="13cdc9d9-ddb5-4fa4-a97d-d965ccfc6d4b" outcome="Passed" testListId="8c84fa94-04c1-424b-9868-57a2d4851a1d" relativeResultsDirectory="13ef3caf-2a0b-4555-8452-4ed9b8c9cd70" />
    <UnitTestResult executionId="2da0d02f-5ebb-4923-b743-b2dc94d13c0c" testId="041e498d-6d8a-ca0c-7f8c-feb57bd935ad" testName="MainViewModel_Constructor_InitializesAllCommands" computerName="TAHA_TAL7A" duration="00:00:00.0070000" startTime="2025-10-24T13:47:03.9725938-04:00" endTime="2025-10-24T13:47:03.9799004-04:00" testType="13cdc9d9-ddb5-4fa4-a97d-d965ccfc6d4b" outcome="Passed" testListId="8c84fa94-04c1-424b-9868-57a2d4851a1d" relativeResultsDirectory="2da0d02f-5ebb-4923-b743-b2dc94d13c0c" />
    <UnitTestResult executionId="ef17d815-788f-4ae8-adfd-882804059027" testId="530a3c8f-dd2a-d7e0-d036-98af526d52e1" testName="WhitespaceSummary_BecomesUntitled" computerName="TAHA_TAL7A" duration="00:00:00.0100000" startTime="2025-10-24T13:47:02.0987895-04:00" endTime="2025-10-24T13:47:02.1093597-04:00" testType="13cdc9d9-ddb5-4fa4-a97d-d965ccfc6d4b" outcome="Passed" testListId="8c84fa94-04c1-424b-9868-57a2d4851a1d" relativeResultsDirectory="ef17d815-788f-4ae8-adfd-882804059027" />
    <UnitTestResult executionId="29f07d93-3a10-4372-ab58-7571cf3a6d66" testId="1cdb85eb-b822-aca7-f636-0f78e3e597f5" testName="MainViewModel_SelectDate_WithNonDateTimeParameter_DoesNothing" computerName="TAHA_TAL7A" duration="00:00:00.0080000" startTime="2025-10-24T13:47:06.2789206-04:00" endTime="2025-10-24T13:47:06.2863404-04:00" testType="13cdc9d9-ddb5-4fa4-a97d-d965ccfc6d4b" outcome="Passed" testListId="8c84fa94-04c1-424b-9868-57a2d4851a1d" relativeResultsDirectory="29f07d93-3a10-4372-ab58-7571cf3a6d66" />
    <UnitTestResult executionId="7b66f32a-cb80-42d3-a327-0d4440be59f6" testId="40568ae1-44f1-e681-39e0-ab38fd5d5bb1" testName="AutoImport_FindsAlternateCredentialFile" computerName="TAHA_TAL7A" duration="00:00:00.0070000" startTime="2025-10-24T13:46:58.9270779-04:00" endTime="2025-10-24T13:46:58.9346282-04:00" testType="13cdc9d9-ddb5-4fa4-a97d-d965ccfc6d4b" outcome="Passed" testListId="8c84fa94-04c1-424b-9868-57a2d4851a1d" relativeResultsDirectory="7b66f32a-cb80-42d3-a327-0d4440be59f6" />
    <UnitTestResult executionId="e51198a7-0caf-4481-8ee4-b71dc985f713" testId="62630577-4e2d-2717-e223-ec7af56d2e7d" testName="RefreshUpcomingTask_NoFutureTask_SelectsFirst" computerName="TAHA_TAL7A" duration="00:00:00.0110000" startTime="2025-10-24T13:47:03.8440188-04:00" endTime="2025-10-24T13:47:03.8545794-04:00" testType="13cdc9d9-ddb5-4fa4-a97d-d965ccfc6d4b" outcome="Passed" testListId="8c84fa94-04c1-424b-9868-57a2d4851a1d" relativeResultsDirectory="e51198a7-0caf-4481-8ee4-b71dc985f713" />
    <UnitTestResult executionId="dac72353-6787-4fdd-8037-dfbe27f8621e" testId="338e2b40-3c9e-5f6f-85ae-e9c485100616" testName="OnStartup_SetsEnglishCulture_And_SubscribeHandlers" computerName="TAHA_TAL7A" duration="00:00:00.0240000" startTime="2025-10-24T13:47:03.5583670-04:00" endTime="2025-10-24T13:47:03.5814931-04:00" testType="13cdc9d9-ddb5-4fa4-a97d-d965ccfc6d4b" outcome="Passed" testListId="8c84fa94-04c1-424b-9868-57a2d4851a1d" relativeResultsDirectory="dac72353-6787-4fdd-8037-dfbe27f8621e" />
    <UnitTestResult executionId="e2320146-143d-4c9a-89b2-673c2c755804" testId="1215877b-af93-a7e7-7486-8fe145ae3e4c" testName="ReminderStatusToTextColorConverter_AllStatuses" computerName="TAHA_TAL7A" duration="00:00:00.0030000" startTime="2025-10-24T13:47:02.3304685-04:00" endTime="2025-10-24T13:47:02.3330042-04:00" testType="13cdc9d9-ddb5-4fa4-a97d-d965ccfc6d4b" outcome="Passed" testListId="8c84fa94-04c1-424b-9868-57a2d4851a1d" relativeResultsDirectory="e2320146-143d-4c9a-89b2-673c2c755804" />
    <UnitTestResult executionId="20e69d38-79dd-4fcc-8d8c-9706d63d4990" testId="53a91285-b2c8-507e-a2c3-af1518161c59" testName="TaskItem_IsOverdue_PastDate_ReturnsTrue" computerName="TAHA_TAL7A" duration="00:00:00.0000001" startTime="2025-10-24T13:47:03.1624625-04:00" endTime="2025-10-24T13:47:03.1624625-04:00" testType="13cdc9d9-ddb5-4fa4-a97d-d965ccfc6d4b" outcome="Passed" testListId="8c84fa94-04c1-424b-9868-57a2d4851a1d" relativeResultsDirectory="20e69d38-79dd-4fcc-8d8c-9706d63d4990" />
    <UnitTestResult executionId="50dfc84f-d8d5-4bc6-99db-cacc36a5ab10" testId="8bc1c53b-c64e-19cb-800c-440d00701e4d" testName="MVIM008_MergeResult_HasChanges_FalseForOnlyDuplicates" computerName="TAHA_TAL7A" duration="00:00:00.0010000" startTime="2025-10-24T13:47:06.3846884-04:00" endTime="2025-10-24T13:47:06.3846884-04:00" testType="13cdc9d9-ddb5-4fa4-a97d-d965ccfc6d4b" outcome="Passed" testListId="8c84fa94-04c1-424b-9868-57a2d4851a1d" relativeResultsDirectory="50dfc84f-d8d5-4bc6-99db-cacc36a5ab10" />
    <UnitTestResult executionId="5a3a4733-97b1-4394-ad5a-76080e5146b4" testId="48cd6100-55b6-6025-8c4d-53a7d63b6c01" testName="FormatReminderMinutes_OneHourOneMinute" computerName="TAHA_TAL7A" duration="00:00:00.0080000" startTime="2025-10-24T13:47:00.2406755-04:00" endTime="2025-10-24T13:47:00.2487039-04:00" testType="13cdc9d9-ddb5-4fa4-a97d-d965ccfc6d4b" outcome="Passed" testListId="8c84fa94-04c1-424b-9868-57a2d4851a1d" relativeResultsDirectory="5a3a4733-97b1-4394-ad5a-76080e5146b4" />
    <UnitTestResult executionId="b498f4fd-fcf6-4232-b1c0-824f355d5b65" testId="b91ee680-d93a-d12f-811a-f688d20efe47" testName="CurrentMonthDisplay_FormatsCorrectly" computerName="TAHA_TAL7A" duration="00:00:00.0080000" startTime="2025-10-24T13:47:03.8110576-04:00" endTime="2025-10-24T13:47:03.8187204-04:00" testType="13cdc9d9-ddb5-4fa4-a97d-d965ccfc6d4b" outcome="Passed" testListId="8c84fa94-04c1-424b-9868-57a2d4851a1d" relativeResultsDirectory="b498f4fd-fcf6-4232-b1c0-824f355d5b65" />
    <UnitTestResult executionId="0296d6fa-e81a-4c96-860f-c7039cf984e0" testId="b7545b85-5362-8d08-53ff-63fdc7f48d90" testName="ToggleTheme_UpdatesCurrentTheme" computerName="TAHA_TAL7A" duration="00:00:00.0070000" startTime="2025-10-24T13:47:08.0337150-04:00" endTime="2025-10-24T13:47:08.0415185-04:00" testType="13cdc9d9-ddb5-4fa4-a97d-d965ccfc6d4b" outcome="Passed" testListId="8c84fa94-04c1-424b-9868-57a2d4851a1d" relativeResultsDirectory="0296d6fa-e81a-4c96-860f-c7039cf984e0" />
    <UnitTestResult executionId="3c6ca30d-043a-416f-8a7d-31f96a5aa488" testId="7c35cf1a-44e5-8cf1-0c83-a606b353254a" testName="HandleImportResultAsync_Success_BuildsSummaryAndMerges" computerName="TAHA_TAL7A" duration="00:00:00.0130000" startTime="2025-10-24T13:47:07.2351699-04:00" endTime="2025-10-24T13:47:07.2483839-04:00" testType="13cdc9d9-ddb5-4fa4-a97d-d965ccfc6d4b" outcome="Passed" testListId="8c84fa94-04c1-424b-9868-57a2d4851a1d" relativeResultsDirectory="3c6ca30d-043a-416f-8a7d-31f96a5aa488" />
    <UnitTestResult executionId="850813dd-7a12-45c8-88ef-f2dfda381460" testId="430053f1-f3ec-d28a-ea8f-8a7714cd7817" testName="RaiseCanExecuteChanged_IsCallable" computerName="TAHA_TAL7A" duration="00:00:00.0000001" startTime="2025-10-24T13:47:15.7086024-04:00" endTime="2025-10-24T13:47:15.7096022-04:00" testType="13cdc9d9-ddb5-4fa4-a97d-d965ccfc6d4b" outcome="Passed" testListId="8c84fa94-04c1-424b-9868-57a2d4851a1d" relativeResultsDirectory="850813dd-7a12-45c8-88ef-f2dfda381460" />
    <UnitTestResult executionId="5e066119-085f-4434-a204-d196e587f7fb" testId="38e437ff-a82f-8b70-1d8e-9c464e92bfbf" testName="MainViewModel_DeleteTask_WithNull_DoesNothing" computerName="TAHA_TAL7A" duration="00:00:00.0070000" startTime="2025-10-24T13:47:04.1014928-04:00" endTime="2025-10-24T13:47:04.1082736-04:00" testType="13cdc9d9-ddb5-4fa4-a97d-d965ccfc6d4b" outcome="Passed" testListId="8c84fa94-04c1-424b-9868-57a2d4851a1d" relativeResultsDirectory="5e066119-085f-4434-a204-d196e587f7fb" />
    <UnitTestResult executionId="d66afc40-2ed2-4418-8711-b44aa9a521bf" testId="de76c2a8-265e-ee3e-267e-efccf33890a3" testName="ReminderLabel_CommonCases" computerName="TAHA_TAL7A" duration="00:00:00.0120000" startTime="2025-10-24T13:47:00.3567780-04:00" endTime="2025-10-24T13:47:00.3688753-04:00" testType="13cdc9d9-ddb5-4fa4-a97d-d965ccfc6d4b" outcome="Passed" testListId="8c84fa94-04c1-424b-9868-57a2d4851a1d" relativeResultsDirectory="d66afc40-2ed2-4418-8711-b44aa9a521bf" />
    <UnitTestResult executionId="917bd1e8-402a-4cbb-b9ac-872351d29c1d" testId="187f556b-dd2c-552a-bae6-32ab6137a7f3" testName="HandleImportResultAsync_NoEvents_And_Cancelled" computerName="TAHA_TAL7A" duration="00:00:00.0100000" startTime="2025-10-24T13:47:07.2245553-04:00" endTime="2025-10-24T13:47:07.2351699-04:00" testType="13cdc9d9-ddb5-4fa4-a97d-d965ccfc6d4b" outcome="Passed" testListId="8c84fa94-04c1-424b-9868-57a2d4851a1d" relativeResultsDirectory="917bd1e8-402a-4cbb-b9ac-872351d29c1d" />
    <UnitTestResult executionId="fe6914c5-8b7b-4745-8a0a-77736174978a" testId="b11278b0-3c47-3f1f-85c1-96432a5fa270" testName="MainViewModel_AllCollections_InitializedNonNull" computerName="TAHA_TAL7A" duration="00:00:00.0500000" startTime="2025-10-24T13:47:03.6070343-04:00" endTime="2025-10-24T13:47:03.6580443-04:00" testType="13cdc9d9-ddb5-4fa4-a97d-d965ccfc6d4b" outcome="Passed" testListId="8c84fa94-04c1-424b-9868-57a2d4851a1d" relativeResultsDirectory="fe6914c5-8b7b-4745-8a0a-77736174978a" />
    <UnitTestResult executionId="ecef5038-1667-44da-8516-b934dca5f42d" testId="6a9fe792-894e-b56a-736e-18d8bbee0176" testName="TaskItem_IsOverdue_ReturnsTrueForPast" computerName="TAHA_TAL7A" duration="00:00:00.0000001" startTime="2025-10-24T13:47:03.1664866-04:00" endTime="2025-10-24T13:47:03.1664866-04:00" testType="13cdc9d9-ddb5-4fa4-a97d-d965ccfc6d4b" outcome="Passed" testListId="8c84fa94-04c1-424b-9868-57a2d4851a1d" relativeResultsDirectory="ecef5038-1667-44da-8516-b934dca5f42d" />
    <UnitTestResult executionId="b460e94c-9331-4f7a-ad14-cfc88fa1dc50" testId="2a112d6b-374a-d62d-e0ff-b737094fd554" testName="ToggleTheme_SetsResourceFlagAndTogglesState" computerName="TAHA_TAL7A" duration="00:00:00.0080000" startTime="2025-10-24T13:47:07.8815015-04:00" endTime="2025-10-24T13:47:07.8890165-04:00" testType="13cdc9d9-ddb5-4fa4-a97d-d965ccfc6d4b" outcome="Passed" testListId="8c84fa94-04c1-424b-9868-57a2d4851a1d" relativeResultsDirectory="b460e94c-9331-4f7a-ad14-cfc88fa1dc50" />
    <UnitTestResult executionId="8acd68a5-b79b-467c-8cd5-8abba7c6b20a" testId="255a221d-055d-9940-34dc-4600612b5c2c" testName="ThemeProperty_SetsDarkTheme_UpdatesResource" computerName="TAHA_TAL7A" duration="00:00:00.0100000" startTime="2025-10-24T13:47:08.0075587-04:00" endTime="2025-10-24T13:47:08.0176080-04:00" testType="13cdc9d9-ddb5-4fa4-a97d-d965ccfc6d4b" outcome="Passed" testListId="8c84fa94-04c1-424b-9868-57a2d4851a1d" relativeResultsDirectory="8acd68a5-b79b-467c-8cd5-8abba7c6b20a" />
    <UnitTestResult executionId="e21869ae-7bba-4ce3-b6b2-f5e5415352bb" testId="aeb28572-92e7-1997-0d40-e968803b500d" testName="MainViewModel_CloseCalendarImportModal_ClearsProperty" computerName="TAHA_TAL7A" duration="00:00:00.0080000" startTime="2025-10-24T13:47:03.9337058-04:00" endTime="2025-10-24T13:47:03.9417669-04:00" testType="13cdc9d9-ddb5-4fa4-a97d-d965ccfc6d4b" outcome="Passed" testListId="8c84fa94-04c1-424b-9868-57a2d4851a1d" relativeResultsDirectory="e21869ae-7bba-4ce3-b6b2-f5e5415352bb" />
    <UnitTestResult executionId="0a5d5815-f889-4c4e-b057-32e94d26ec01" testId="657e2188-a089-e60e-da5b-dfb0df2725b5" testName="IconStrokeConverter_UsesIsDarkThemeResource" computerName="TAHA_TAL7A" duration="00:00:00.0010000" startTime="2025-10-24T13:47:07.2562152-04:00" endTime="2025-10-24T13:47:07.2572171-04:00" testType="13cdc9d9-ddb5-4fa4-a97d-d965ccfc6d4b" outcome="Passed" testListId="8c84fa94-04c1-424b-9868-57a2d4851a1d" relativeResultsDirectory="0a5d5815-f889-4c4e-b057-32e94d26ec01" />
    <UnitTestResult executionId="bd3d7990-6756-419a-b5ae-3ea05be72391" testId="26fb8f38-15cb-438c-2bcb-c2a673c404e4" testName="RefreshDisplayedTasks_LastPage_ShowsRemaining" computerName="TAHA_TAL7A" duration="00:00:00.0080000" startTime="2025-10-24T13:47:06.9450898-04:00" endTime="2025-10-24T13:47:06.9536437-04:00" testType="13cdc9d9-ddb5-4fa4-a97d-d965ccfc6d4b" outcome="Passed" testListId="8c84fa94-04c1-424b-9868-57a2d4851a1d" relativeResultsDirectory="bd3d7990-6756-419a-b5ae-3ea05be72391" />
    <UnitTestResult executionId="92053db2-9a52-4b7a-a3a1-a844d34fa4cd" testId="9a54901c-57c6-b875-40a6-f35878a8a75a" testName="CalendarState_Defaults" computerName="TAHA_TAL7A" duration="00:00:00.0000001" startTime="2025-10-24T13:47:03.1654904-04:00" endTime="2025-10-24T13:47:03.1654904-04:00" testType="13cdc9d9-ddb5-4fa4-a97d-d965ccfc6d4b" outcome="Passed" testListId="8c84fa94-04c1-424b-9868-57a2d4851a1d" relativeResultsDirectory="92053db2-9a52-4b7a-a3a1-a844d34fa4cd" />
    <UnitTestResult executionId="c4fb8b93-658b-4260-8023-46983b78cd43" testId="1fa72f98-0620-726c-e39c-8ddb830b9d24" testName="CurrentTheme_ReflectsDarkThemeState" computerName="TAHA_TAL7A" duration="00:00:00.0060000" startTime="2025-10-24T13:47:07.9804638-04:00" endTime="2025-10-24T13:47:07.9859815-04:00" testType="13cdc9d9-ddb5-4fa4-a97d-d965ccfc6d4b" outcome="Passed" testListId="8c84fa94-04c1-424b-9868-57a2d4851a1d" relativeResultsDirectory="c4fb8b93-658b-4260-8023-46983b78cd43" />
    <UnitTestResult executionId="5292f40c-462c-40a2-821e-0bea3e3e749c" testId="3afe5b99-8473-bad7-d32b-ebcf8b66854e" testName="TaskItem_DefaultValues" computerName="TAHA_TAL7A" duration="00:00:00.0000001" startTime="2025-10-24T13:47:03.1654904-04:00" endTime="2025-10-24T13:47:03.1654904-04:00" testType="13cdc9d9-ddb5-4fa4-a97d-d965ccfc6d4b" outcome="Passed" testListId="8c84fa94-04c1-424b-9868-57a2d4851a1d" relativeResultsDirectory="5292f40c-462c-40a2-821e-0bea3e3e749c" />
    <UnitTestResult executionId="79631690-a009-4244-b98e-dcf71bd95719" testId="958bb142-e16a-c301-75cb-f6af67ca3977" testName="BoolToVisibilityConverter_BasicAndInverse" computerName="TAHA_TAL7A" duration="00:00:00.0010000" startTime="2025-10-24T13:47:03.7657958-04:00" endTime="2025-10-24T13:47:03.7677829-04:00" testType="13cdc9d9-ddb5-4fa4-a97d-d965ccfc6d4b" outcome="Passed" testListId="8c84fa94-04c1-424b-9868-57a2d4851a1d" relativeResultsDirectory="79631690-a009-4244-b98e-dcf71bd95719" />
    <UnitTestResult executionId="d6cf7c47-4b9f-44e8-bb76-16bd0f36cf69" testId="162323ee-eb40-8f8a-8b9d-c8f5e206b4cb" testName="MainViewModel_PreviousPageCommand_CanExecute_OnlyOnPage2OrHigher" computerName="TAHA_TAL7A" duration="00:00:00.0340000" startTime="2025-10-24T13:47:04.2194812-04:00" endTime="2025-10-24T13:47:04.2539886-04:00" testType="13cdc9d9-ddb5-4fa4-a97d-d965ccfc6d4b" outcome="Passed" testListId="8c84fa94-04c1-424b-9868-57a2d4851a1d" relativeResultsDirectory="d6cf7c47-4b9f-44e8-bb76-16bd0f36cf69" />
    <UnitTestResult executionId="198d061b-6bcf-4618-986b-81c9b06a131b" testId="729b3137-627c-1000-3c43-10047d4ed73b" testName="LoadState_WithTasksNull_InitializesEmptyList" computerName="TAHA_TAL7A" duration="00:00:00.0170000" startTime="2025-10-24T13:47:03.2997201-04:00" endTime="2025-10-24T13:47:03.3168287-04:00" testType="13cdc9d9-ddb5-4fa4-a97d-d965ccfc6d4b" outcome="Passed" testListId="8c84fa94-04c1-424b-9868-57a2d4851a1d" relativeResultsDirectory="198d061b-6bcf-4618-986b-81c9b06a131b" />
    <UnitTestResult executionId="69b67231-ab2c-4fe4-b7e8-77fd2bff418c" testId="c3f14832-9f2f-a2d3-29b8-92daa712b8a7" testName="EditTaskCommand_WithNullParameter_DoesNothing" computerName="TAHA_TAL7A" duration="00:00:00.0060000" startTime="2025-10-24T13:47:07.1675681-04:00" endTime="2025-10-24T13:47:07.1740861-04:00" testType="13cdc9d9-ddb5-4fa4-a97d-d965ccfc6d4b" outcome="Passed" testListId="8c84fa94-04c1-424b-9868-57a2d4851a1d" relativeResultsDirectory="69b67231-ab2c-4fe4-b7e8-77fd2bff418c" />
    <UnitTestResult executionId="9c2e6205-f989-4319-9fd4-4ab18ac37035" testId="ecda45fd-94c8-86c7-f5c6-7115a8114549" testName="NullEventInList_IsFilteredOut" computerName="TAHA_TAL7A" duration="00:00:00.0060000" startTime="2025-10-24T13:47:00.3353699-04:00" endTime="2025-10-24T13:47:00.3408824-04:00" testType="13cdc9d9-ddb5-4fa4-a97d-d965ccfc6d4b" outcome="Passed" testListId="8c84fa94-04c1-424b-9868-57a2d4851a1d" relativeResultsDirectory="9c2e6205-f989-4319-9fd4-4ab18ac37035" />
    <UnitTestResult executionId="c4258031-8d10-4775-9f2f-811178c18a9f" testId="60deb68b-cd94-875a-9929-e98737e3bd46" testName="FetchEventsAsync_NullStream_Throws" computerName="TAHA_TAL7A" duration="00:00:00.0040000" startTime="2025-10-24T13:47:02.5604774-04:00" endTime="2025-10-24T13:47:02.5640206-04:00" testType="13cdc9d9-ddb5-4fa4-a97d-d965ccfc6d4b" outcome="Passed" testListId="8c84fa94-04c1-424b-9868-57a2d4851a1d" relativeResultsDirectory="c4258031-8d10-4775-9f2f-811178c18a9f" />
    <UnitTestResult executionId="10ae1ae1-5b3e-478b-91b2-af9b34f5c6a4" testId="973cb1a7-8ba0-ee2f-689e-81eb4b4eb5a6" testName="MainViewModel_DailyTasks_LimitedToThree" computerName="TAHA_TAL7A" duration="00:00:00.0060000" startTime="2025-10-24T13:47:04.0949388-04:00" endTime="2025-10-24T13:47:04.1014928-04:00" testType="13cdc9d9-ddb5-4fa4-a97d-d965ccfc6d4b" outcome="Passed" testListId="8c84fa94-04c1-424b-9868-57a2d4851a1d" relativeResultsDirectory="10ae1ae1-5b3e-478b-91b2-af9b34f5c6a4" />
    <UnitTestResult executionId="22331b9e-ff67-4aaa-b7a6-d385a4408bc1" testId="09b023da-8282-207a-609c-7b2cb6583acb" testName="DeleteTask_WithNo_DoesNotDelete" computerName="TAHA_TAL7A" duration="00:00:00.0090000" startTime="2025-10-24T13:47:06.9936014-04:00" endTime="2025-10-24T13:47:07.0021485-04:00" testType="13cdc9d9-ddb5-4fa4-a97d-d965ccfc6d4b" outcome="Passed" testListId="8c84fa94-04c1-424b-9868-57a2d4851a1d" relativeResultsDirectory="22331b9e-ff67-4aaa-b7a6-d385a4408bc1" />
    <UnitTestResult executionId="f347cb22-e9db-4c58-90c0-1f22db9e8cda" testId="270be1c9-182d-e5b8-52e2-a63352eca751" testName="SecondsToDurationConverter_FormatsValues" computerName="TAHA_TAL7A" duration="00:00:00.0000001" startTime="2025-10-24T13:47:03.7697844-04:00" endTime="2025-10-24T13:47:03.7707839-04:00" testType="13cdc9d9-ddb5-4fa4-a97d-d965ccfc6d4b" outcome="Passed" testListId="8c84fa94-04c1-424b-9868-57a2d4851a1d" relativeResultsDirectory="f347cb22-e9db-4c58-90c0-1f22db9e8cda" />
    <UnitTestResult executionId="db2502bc-a38e-4792-b1b6-8c57e2e9ea00" testId="cd9db0ec-01fa-f783-8f8d-d271318a3b88" testName="CalendarDayTagConverter_ReturnsRequestedProperty" computerName="TAHA_TAL7A" duration="00:00:00.0010000" startTime="2025-10-24T13:47:03.7677829-04:00" endTime="2025-10-24T13:47:03.7677829-04:00" testType="13cdc9d9-ddb5-4fa4-a97d-d965ccfc6d4b" outcome="Passed" testListId="8c84fa94-04c1-424b-9868-57a2d4851a1d" relativeResultsDirectory="db2502bc-a38e-4792-b1b6-8c57e2e9ea00" />
    <UnitTestResult executionId="da2f8479-75fe-438a-9801-64dcc1c27a8f" testId="1e8d451d-034c-885e-f516-f61ef4de3410" testName="LogError_IncludesExceptionDetails" computerName="TAHA_TAL7A" duration="00:00:00.1060000" startTime="2025-10-24T13:47:03.0446567-04:00" endTime="2025-10-24T13:47:03.1498984-04:00" testType="13cdc9d9-ddb5-4fa4-a97d-d965ccfc6d4b" outcome="Passed" testListId="8c84fa94-04c1-424b-9868-57a2d4851a1d" relativeResultsDirectory="da2f8479-75fe-438a-9801-64dcc1c27a8f" />
    <UnitTestResult executionId="3010606d-5845-4203-82a4-60cd2943d5ff" testId="8e64cdaf-1518-5af4-df67-d698a3535ae2" testName="ReminderStatusToBrushConverter_AllStatuses" computerName="TAHA_TAL7A" duration="00:00:00.1820000" startTime="2025-10-24T13:47:02.1476118-04:00" endTime="2025-10-24T13:47:02.3304685-04:00" testType="13cdc9d9-ddb5-4fa4-a97d-d965ccfc6d4b" outcome="Passed" testListId="8c84fa94-04c1-424b-9868-57a2d4851a1d" relativeResultsDirectory="3010606d-5845-4203-82a4-60cd2943d5ff" />
    <UnitTestResult executionId="f4a346ee-d539-461f-b796-fd23fd844569" testId="02a9fe51-8243-38f5-1ace-9d5d3763d7cf" testName="MVIM009_SaveState_UpdatesInternalStateFields" computerName="TAHA_TAL7A" duration="00:00:00.0080000" startTime="2025-10-24T13:47:06.3846884-04:00" endTime="2025-10-24T13:47:06.3933740-04:00" testType="13cdc9d9-ddb5-4fa4-a97d-d965ccfc6d4b" outcome="Passed" testListId="8c84fa94-04c1-424b-9868-57a2d4851a1d" relativeResultsDirectory="f4a346ee-d539-461f-b796-fd23fd844569" />
    <UnitTestResult executionId="9fa09ea7-1e99-4215-9cbb-2b6000dd8b54" testId="34c9fa00-92ac-fc6e-34fc-a2db2faa95f6" testName="MainViewModel_SearchText_SearchesReminderLabel" computerName="TAHA_TAL7A" duration="00:00:00.0100000" startTime="2025-10-24T13:47:06.2615188-04:00" endTime="2025-10-24T13:47:06.2707487-04:00" testType="13cdc9d9-ddb5-4fa4-a97d-d965ccfc6d4b" outcome="Passed" testListId="8c84fa94-04c1-424b-9868-57a2d4851a1d" relativeResultsDirectory="9fa09ea7-1e99-4215-9cbb-2b6000dd8b54" />
    <UnitTestResult executionId="3123f34f-7031-4a4f-b3c1-de446fc24a56" testId="14b84508-8c48-3f7f-7951-92c16370e675" testName="AccessDeniedDuringTokenExchange_ReturnsCancelledOutcome" computerName="TAHA_TAL7A" duration="00:00:00.0080000" startTime="2025-10-24T13:46:58.9038905-04:00" endTime="2025-10-24T13:46:58.9119820-04:00" testType="13cdc9d9-ddb5-4fa4-a97d-d965ccfc6d4b" outcome="Passed" testListId="8c84fa94-04c1-424b-9868-57a2d4851a1d" relativeResultsDirectory="3123f34f-7031-4a4f-b3c1-de446fc24a56" />
    <UnitTestResult executionId="db423e6c-2f16-4e51-974d-9882300e91ae" testId="3d14f347-8a55-72b6-c3da-f7eb75fb903e" testName="GenerateCalendarDays_ReflectsSelectedMonthAndToday" computerName="TAHA_TAL7A" duration="00:00:00.0070000" startTime="2025-10-24T13:47:07.1879788-04:00" endTime="2025-10-24T13:47:07.1950482-04:00" testType="13cdc9d9-ddb5-4fa4-a97d-d965ccfc6d4b" outcome="Passed" testListId="8c84fa94-04c1-424b-9868-57a2d4851a1d" relativeResultsDirectory="db423e6c-2f16-4e51-974d-9882300e91ae" />
    <UnitTestResult executionId="143cdac2-16b1-49f3-884d-b07a5d0c3689" testId="14b12f51-fe3f-8dcb-0b6d-115e4cbfaae4" testName="Convert_NoFlags_NoMergedDictionaries_ReturnsLight" computerName="TAHA_TAL7A" duration="00:00:00.0020000" startTime="2025-10-24T13:47:03.7968753-04:00" endTime="2025-10-24T13:47:03.7989079-04:00" testType="13cdc9d9-ddb5-4fa4-a97d-d965ccfc6d4b" outcome="Passed" testListId="8c84fa94-04c1-424b-9868-57a2d4851a1d" relativeResultsDirectory="143cdac2-16b1-49f3-884d-b07a5d0c3689" />
    <UnitTestResult executionId="34574877-6888-426d-9867-9091b46521f0" testId="42ab9111-5de1-8f7a-bbfd-732c9eb77dc1" testName="SaveState_WithNullTasks_SerialisesEmptyList" computerName="TAHA_TAL7A" duration="00:00:00.0030000" startTime="2025-10-24T13:47:03.4456721-04:00" endTime="2025-10-24T13:47:03.4476766-04:00" testType="13cdc9d9-ddb5-4fa4-a97d-d965ccfc6d4b" outcome="Passed" testListId="8c84fa94-04c1-424b-9868-57a2d4851a1d" relativeResultsDirectory="34574877-6888-426d-9867-9091b46521f0" />
    <UnitTestResult executionId="b9640b0b-f51a-4fa9-ae25-1b4f0de9b1c7" testId="67b5ff10-adc2-29a8-cba4-51b0f9b6eead" testName="FetchEventsAsync_DisposedStream_Throws" computerName="TAHA_TAL7A" duration="00:00:00.0460000" startTime="2025-10-24T13:47:02.3369885-04:00" endTime="2025-10-24T13:47:02.3832218-04:00" testType="13cdc9d9-ddb5-4fa4-a97d-d965ccfc6d4b" outcome="Passed" testListId="8c84fa94-04c1-424b-9868-57a2d4851a1d" relativeResultsDirectory="b9640b0b-f51a-4fa9-ae25-1b4f0de9b1c7" />
    <UnitTestResult executionId="59a999bb-8648-495c-b412-fb31b1e1f921" testId="c65f76ac-4f08-951f-fbec-54820c490cf8" testName="ToggleTheme_ExecutesCommand_TogglesTheme" computerName="TAHA_TAL7A" duration="00:00:00.0070000" startTime="2025-10-24T13:47:08.0186086-04:00" endTime="2025-10-24T13:47:08.0251285-04:00" testType="13cdc9d9-ddb5-4fa4-a97d-d965ccfc6d4b" outcome="Passed" testListId="8c84fa94-04c1-424b-9868-57a2d4851a1d" relativeResultsDirectory="59a999bb-8648-495c-b412-fb31b1e1f921" />
    <UnitTestResult executionId="a9785371-7c76-4d64-b03b-1b95a9c36f30" testId="8d51e13e-90e8-a75b-d4e5-c766011262fc" testName="MainViewModel_NextPageCommand_CanExecute_WhenMorePagesExist" computerName="TAHA_TAL7A" duration="00:00:00.0060000" startTime="2025-10-24T13:47:04.1714741-04:00" endTime="2025-10-24T13:47:04.1769967-04:00" testType="13cdc9d9-ddb5-4fa4-a97d-d965ccfc6d4b" outcome="Passed" testListId="8c84fa94-04c1-424b-9868-57a2d4851a1d" relativeResultsDirectory="a9785371-7c76-4d64-b03b-1b95a9c36f30" />
    <UnitTestResult executionId="bb5b20e7-ac1f-45ee-bae2-915f4cb72ee0" testId="40b1e7ab-d93c-2900-af30-2f0bf7eb718d" testName="TimerState_RefreshDailyTracking_PreviousDayResets" computerName="TAHA_TAL7A" duration="00:00:00.0000001" startTime="2025-10-24T13:47:03.1644859-04:00" endTime="2025-10-24T13:47:03.1644859-04:00" testType="13cdc9d9-ddb5-4fa4-a97d-d965ccfc6d4b" outcome="Passed" testListId="8c84fa94-04c1-424b-9868-57a2d4851a1d" relativeResultsDirectory="bb5b20e7-ac1f-45ee-bae2-915f4cb72ee0" />
    <UnitTestResult executionId="8f2b9a83-68b2-4935-ab9c-f0e7e880671f" testId="99979909-7556-662d-1329-e41d9d6e319e" testName="TaskItem_AllProperties_CanBeSet" computerName="TAHA_TAL7A" duration="00:00:00.0010000" startTime="2025-10-24T13:47:07.0996524-04:00" endTime="2025-10-24T13:47:07.1006499-04:00" testType="13cdc9d9-ddb5-4fa4-a97d-d965ccfc6d4b" outcome="Passed" testListId="8c84fa94-04c1-424b-9868-57a2d4851a1d" relativeResultsDirectory="8f2b9a83-68b2-4935-ab9c-f0e7e880671f" />
    <UnitTestResult executionId="f5533704-0c27-44d5-b832-bfb514c1e259" testId="7704d67a-67e1-6e37-d919-f480a064e9fe" testName="OpenAddTaskModal_SetsDefaultValues" computerName="TAHA_TAL7A" duration="00:00:00.0070000" startTime="2025-10-24T13:47:07.0346805-04:00" endTime="2025-10-24T13:47:07.0411876-04:00" testType="13cdc9d9-ddb5-4fa4-a97d-d965ccfc6d4b" outcome="Passed" testListId="8c84fa94-04c1-424b-9868-57a2d4851a1d" relativeResultsDirectory="f5533704-0c27-44d5-b832-bfb514c1e259" />
    <UnitTestResult executionId="05782d2b-64ae-4b36-a212-90e81fe775b0" testId="60ceef70-41bb-5341-e175-2b90b1352a24" testName="PageSize_ChangeResetsToFirstPage" computerName="TAHA_TAL7A" duration="00:00:00.0070000" startTime="2025-10-24T13:47:07.2837208-04:00" endTime="2025-10-24T13:47:07.2907150-04:00" testType="13cdc9d9-ddb5-4fa4-a97d-d965ccfc6d4b" outcome="Passed" testListId="8c84fa94-04c1-424b-9868-57a2d4851a1d" relativeResultsDirectory="05782d2b-64ae-4b36-a212-90e81fe775b0" />
    <UnitTestResult executionId="fa15f111-5005-4f4d-9f66-8f8b030b6db0" testId="31e900a7-924f-98c6-d465-5409893c280e" testName="CloseModal_ResetsModalState" computerName="TAHA_TAL7A" duration="00:00:00.0070000" startTime="2025-10-24T13:47:06.9868145-04:00" endTime="2025-10-24T13:47:06.9936014-04:00" testType="13cdc9d9-ddb5-4fa4-a97d-d965ccfc6d4b" outcome="Passed" testListId="8c84fa94-04c1-424b-9868-57a2d4851a1d" relativeResultsDirectory="fa15f111-5005-4f4d-9f66-8f8b030b6db0" />
    <UnitTestResult executionId="fa9025aa-671b-4746-9dd7-f49188f187c0" testId="efe5da03-45d5-2c43-f83b-7f96f9c7adb0" testName="SelectedDateDisplay_FormatsCorrectly" computerName="TAHA_TAL7A" duration="00:00:00.0090000" startTime="2025-10-24T13:47:07.8572390-04:00" endTime="2025-10-24T13:47:07.8662802-04:00" testType="13cdc9d9-ddb5-4fa4-a97d-d965ccfc6d4b" outcome="Passed" testListId="8c84fa94-04c1-424b-9868-57a2d4851a1d" relativeResultsDirectory="fa9025aa-671b-4746-9dd7-f49188f187c0" />
    <UnitTestResult executionId="33428985-1dea-4135-a97f-9867a5eec759" testId="0c1f26e7-3193-6e7c-6139-f4a5d059cc82" testName="GetReminderLabelForActive_WithPMTime_ShowsPM" computerName="TAHA_TAL7A" duration="00:00:00.0100000" startTime="2025-10-24T13:47:07.0241313-04:00" endTime="2025-10-24T13:47:07.0346805-04:00" testType="13cdc9d9-ddb5-4fa4-a97d-d965ccfc6d4b" outcome="Passed" testListId="8c84fa94-04c1-424b-9868-57a2d4851a1d" relativeResultsDirectory="33428985-1dea-4135-a97f-9867a5eec759" />
    <UnitTestResult executionId="0b3c722f-a5c5-4d5b-8bda-8184c42f5de7" testId="2534f4a6-6350-3500-846d-90a3da0b7ebe" testName="NoEvents_ReturnsNoEventsOutcome" computerName="TAHA_TAL7A" duration="00:00:00.0060000" startTime="2025-10-24T13:47:00.3288330-04:00" endTime="2025-10-24T13:47:00.3353699-04:00" testType="13cdc9d9-ddb5-4fa4-a97d-d965ccfc6d4b" outcome="Passed" testListId="8c84fa94-04c1-424b-9868-57a2d4851a1d" relativeResultsDirectory="0b3c722f-a5c5-4d5b-8bda-8184c42f5de7" />
    <UnitTestResult executionId="2c40d942-25ec-428b-9865-ab230fac1572" testId="10117fc0-e4b5-560b-ac69-deda8d832550" testName="Watcher_ValidFile_ClearsTokens" computerName="TAHA_TAL7A" duration="00:00:00.6240000" startTime="2025-10-24T13:47:01.4731872-04:00" endTime="2025-10-24T13:47:02.0977817-04:00" testType="13cdc9d9-ddb5-4fa4-a97d-d965ccfc6d4b" outcome="Passed" testListId="8c84fa94-04c1-424b-9868-57a2d4851a1d" relativeResultsDirectory="2c40d942-25ec-428b-9865-ab230fac1572" />
    <UnitTestResult executionId="eee9262e-afa0-4e15-ac5a-256a124daffd" testId="dd895588-3926-7b9d-a053-1a16e749f2f3" testName="MainViewModel_Constructor_InitializesAllCollections" computerName="TAHA_TAL7A" duration="00:00:00.0060000" startTime="2025-10-24T13:47:03.9660518-04:00" endTime="2025-10-24T13:47:03.9725938-04:00" testType="13cdc9d9-ddb5-4fa4-a97d-d965ccfc6d4b" outcome="Passed" testListId="8c84fa94-04c1-424b-9868-57a2d4851a1d" relativeResultsDirectory="eee9262e-afa0-4e15-ac5a-256a124daffd" />
    <UnitTestResult executionId="1d6ba783-619e-4d6d-ae39-3ba029559fa6" testId="76c997d4-084c-63d9-8ad7-2e3e4a92d1db" testName="OverloadConstructor_CreatesDirectory_WhenEnsureTrue_AndMissing" computerName="TAHA_TAL7A" duration="00:00:00.0050000" startTime="2025-10-24T13:47:03.3997575-04:00" endTime="2025-10-24T13:47:03.4044501-04:00" testType="13cdc9d9-ddb5-4fa4-a97d-d965ccfc6d4b" outcome="Passed" testListId="8c84fa94-04c1-424b-9868-57a2d4851a1d" relativeResultsDirectory="1d6ba783-619e-4d6d-ae39-3ba029559fa6" />
    <UnitTestResult executionId="d8ada71f-818b-463f-a15b-5a366306b537" testId="b7a12823-9633-bd90-1aef-525981bb9fdc" testName="Success_ReturnsTasksForUpcomingEvents" computerName="TAHA_TAL7A" duration="00:00:00.0060000" startTime="2025-10-24T13:47:00.3934848-04:00" endTime="2025-10-24T13:47:00.3994973-04:00" testType="13cdc9d9-ddb5-4fa4-a97d-d965ccfc6d4b" outcome="Passed" testListId="8c84fa94-04c1-424b-9868-57a2d4851a1d" relativeResultsDirectory="d8ada71f-818b-463f-a15b-5a366306b537" />
    <UnitTestResult executionId="53d9f5c2-9972-4844-a421-5c7cbdaab5ba" testId="8769a522-824d-2f4f-50b7-2d64461e4744" testName="MainViewModel_PageSize_Change_ResetsToFirstPage" computerName="TAHA_TAL7A" duration="00:00:00.0070000" startTime="2025-10-24T13:47:04.1925530-04:00" endTime="2025-10-24T13:47:04.2005673-04:00" testType="13cdc9d9-ddb5-4fa4-a97d-d965ccfc6d4b" outcome="Passed" testListId="8c84fa94-04c1-424b-9868-57a2d4851a1d" relativeResultsDirectory="53d9f5c2-9972-4844-a421-5c7cbdaab5ba" />
    <UnitTestResult executionId="3cd222d0-a063-4131-8a9b-6b68b665ff7e" testId="61c2a12a-b226-95d4-1d07-008f7d89d546" testName="MVIM002_ApplyCredentialState_ValidStatus_SetsCredentialsTrue" computerName="TAHA_TAL7A" duration="00:00:00.0090000" startTime="2025-10-24T13:47:06.3409500-04:00" endTime="2025-10-24T13:47:06.3495099-04:00" testType="13cdc9d9-ddb5-4fa4-a97d-d965ccfc6d4b" outcome="Passed" testListId="8c84fa94-04c1-424b-9868-57a2d4851a1d" relativeResultsDirectory="3cd222d0-a063-4131-8a9b-6b68b665ff7e" />
    <UnitTestResult executionId="cca54b07-bf26-4fd7-80b7-bd81a8f19990" testId="c6f0a2ac-fa2b-a959-f653-01cf4989f33f" testName="MainViewModel_CurrentPage_Change_TriggersRefresh" computerName="TAHA_TAL7A" duration="00:00:00.0070000" startTime="2025-10-24T13:47:04.0878153-04:00" endTime="2025-10-24T13:47:04.0949388-04:00" testType="13cdc9d9-ddb5-4fa4-a97d-d965ccfc6d4b" outcome="Passed" testListId="8c84fa94-04c1-424b-9868-57a2d4851a1d" relativeResultsDirectory="cca54b07-bf26-4fd7-80b7-bd81a8f19990" />
    <UnitTestResult executionId="8034817e-c496-4903-a637-bfd223a5ce8e" testId="a2f2a7ea-dc66-62e8-d7f4-b4ded537e057" testName="MergeImportedTasks_MatchesByNameDateTimeWhenNoExternalId" computerName="TAHA_TAL7A" duration="00:00:00.0080000" startTime="2025-10-24T13:47:07.2572171-04:00" endTime="2025-10-24T13:47:07.2657547-04:00" testType="13cdc9d9-ddb5-4fa4-a97d-d965ccfc6d4b" outcome="Passed" testListId="8c84fa94-04c1-424b-9868-57a2d4851a1d" relativeResultsDirectory="8034817e-c496-4903-a637-bfd223a5ce8e" />
    <UnitTestResult executionId="d93dee1c-9a6b-4828-8630-38c6970ebdc7" testId="a72c4e24-ba79-aef0-0ec2-eb8517419086" testName="MVIM005_BuildImportSummary_SingleAdded_ShowsSingular" computerName="TAHA_TAL7A" duration="00:00:00.0080000" startTime="2025-10-24T13:47:06.3665932-04:00" endTime="2025-10-24T13:47:06.3746540-04:00" testType="13cdc9d9-ddb5-4fa4-a97d-d965ccfc6d4b" outcome="Passed" testListId="8c84fa94-04c1-424b-9868-57a2d4851a1d" relativeResultsDirectory="d93dee1c-9a6b-4828-8630-38c6970ebdc7" />
    <UnitTestResult executionId="82c203d3-bd2c-4b6e-8933-5cb42d66a201" testId="fd38d11d-14e6-c672-1057-464a356a6f4e" testName="ValidateCredentialFile_ReadError_ResultsInvalid" computerName="TAHA_TAL7A" duration="00:00:00.0040000" startTime="2025-10-24T13:47:00.4238871-04:00" endTime="2025-10-24T13:47:00.4284088-04:00" testType="13cdc9d9-ddb5-4fa4-a97d-d965ccfc6d4b" outcome="Passed" testListId="8c84fa94-04c1-424b-9868-57a2d4851a1d" relativeResultsDirectory="82c203d3-bd2c-4b6e-8933-5cb42d66a201" />
    <UnitTestResult executionId="4aa5198c-8771-41d7-abf1-ddb9def67492" testId="994ae86d-4641-c793-ee63-d14ca011921a" testName="DeleteTask_WithNullParameter_DoesNothing" computerName="TAHA_TAL7A" duration="00:00:00.0090000" startTime="2025-10-24T13:47:07.1590235-04:00" endTime="2025-10-24T13:47:07.1675681-04:00" testType="13cdc9d9-ddb5-4fa4-a97d-d965ccfc6d4b" outcome="Passed" testListId="8c84fa94-04c1-424b-9868-57a2d4851a1d" relativeResultsDirectory="4aa5198c-8771-41d7-abf1-ddb9def67492" />
    <UnitTestResult executionId="65af20c4-27a2-4935-b60d-0aa6a3e69597" testId="9e4988f9-ad3e-c59f-d7d4-b2f6cdcc9b37" testName="Pagination_Filtering_And_Text" computerName="TAHA_TAL7A" duration="00:00:00.0070000" startTime="2025-10-24T13:47:07.2907150-04:00" endTime="2025-10-24T13:47:07.2977423-04:00" testType="13cdc9d9-ddb5-4fa4-a97d-d965ccfc6d4b" outcome="Passed" testListId="8c84fa94-04c1-424b-9868-57a2d4851a1d" relativeResultsDirectory="65af20c4-27a2-4935-b60d-0aa6a3e69597" />
    <UnitTestResult executionId="7373837c-40b8-405c-a84a-9962da9e1ad7" testId="b98ad579-de54-7af3-6c52-2d5cf926ff12" testName="DateFormatConverter_VariousValues" computerName="TAHA_TAL7A" duration="00:00:00.0010000" startTime="2025-10-24T13:47:02.1476118-04:00" endTime="2025-10-24T13:47:02.1476118-04:00" testType="13cdc9d9-ddb5-4fa4-a97d-d965ccfc6d4b" outcome="Passed" testListId="8c84fa94-04c1-424b-9868-57a2d4851a1d" relativeResultsDirectory="7373837c-40b8-405c-a84a-9962da9e1ad7" />
    <UnitTestResult executionId="793e4f45-804b-41aa-8a7b-df0ff4f10cae" testId="e330b486-a6c7-1d58-9c83-9650f679589e" testName="GenerateCalendarDays_IncludesPlaceholders" computerName="TAHA_TAL7A" duration="00:00:00.0060000" startTime="2025-10-24T13:47:07.1740861-04:00" endTime="2025-10-24T13:47:07.1794499-04:00" testType="13cdc9d9-ddb5-4fa4-a97d-d965ccfc6d4b" outcome="Passed" testListId="8c84fa94-04c1-424b-9868-57a2d4851a1d" relativeResultsDirectory="793e4f45-804b-41aa-8a7b-df0ff4f10cae" />
    <UnitTestResult executionId="2cc021b3-d42a-47ce-b03b-d195376ff2ed" testId="e03b249e-f31f-3cc6-a301-2520956ae97c" testName="Convert_UsesThemeNameFallback_WhenProvided" computerName="TAHA_TAL7A" duration="00:00:00.0000001" startTime="2025-10-24T13:47:03.7998734-04:00" endTime="2025-10-24T13:47:03.7998734-04:00" testType="13cdc9d9-ddb5-4fa4-a97d-d965ccfc6d4b" outcome="Passed" testListId="8c84fa94-04c1-424b-9868-57a2d4851a1d" relativeResultsDirectory="2cc021b3-d42a-47ce-b03b-d195376ff2ed" />
    <UnitTestResult executionId="1a25f5d8-307b-4edf-8cb4-2530adfdcc06" testId="58dc1f20-a8f0-2ac0-c772-6929d08e7fec" testName="LoadState_WithInvalidJson_ReturnsDefault" computerName="TAHA_TAL7A" duration="00:00:00.0050000" startTime="2025-10-24T13:47:03.4346154-04:00" endTime="2025-10-24T13:47:03.4391229-04:00" testType="13cdc9d9-ddb5-4fa4-a97d-d965ccfc6d4b" outcome="Passed" testListId="8c84fa94-04c1-424b-9868-57a2d4851a1d" relativeResultsDirectory="1a25f5d8-307b-4edf-8cb4-2530adfdcc06" />
    <UnitTestResult executionId="d5e1ba26-764f-493f-bbf2-80c3befdcd8e" testId="d0f8ce36-2fb1-38d9-e9ed-6f8feaca0738" testName="Constructor_Subscribes_And_Logs" computerName="TAHA_TAL7A" duration="00:00:00.2260000" startTime="2025-10-24T13:47:12.7925373-04:00" endTime="2025-10-24T13:47:13.0184998-04:00" testType="13cdc9d9-ddb5-4fa4-a97d-d965ccfc6d4b" outcome="Passed" testListId="8c84fa94-04c1-424b-9868-57a2d4851a1d" relativeResultsDirectory="d5e1ba26-764f-493f-bbf2-80c3befdcd8e" />
    <UnitTestResult executionId="8062dd44-7f0b-4a8b-bf1c-c6d1e64b38fc" testId="5a9b3926-03e0-7000-4078-04e44b19972f" testName="RunImportAsync_TaskCanceled_ReturnsCancelled" computerName="TAHA_TAL7A" duration="00:00:00.0060000" startTime="2025-10-24T13:47:00.3688753-04:00" endTime="2025-10-24T13:47:00.3753873-04:00" testType="13cdc9d9-ddb5-4fa4-a97d-d965ccfc6d4b" outcome="Passed" testListId="8c84fa94-04c1-424b-9868-57a2d4851a1d" relativeResultsDirectory="8062dd44-7f0b-4a8b-bf1c-c6d1e64b38fc" />
    <UnitTestResult executionId="f346a401-07f0-43d5-9558-88de0dcc9b9f" testId="a1248695-b2f0-2fdd-e885-0f574e2bbb89" testName="AppState_DefaultConstructor_InitializesCollections" computerName="TAHA_TAL7A" duration="00:00:00.0000001" startTime="2025-10-24T13:47:03.1524017-04:00" endTime="2025-10-24T13:47:03.1534109-04:00" testType="13cdc9d9-ddb5-4fa4-a97d-d965ccfc6d4b" outcome="Passed" testListId="8c84fa94-04c1-424b-9868-57a2d4851a1d" relativeResultsDirectory="f346a401-07f0-43d5-9558-88de0dcc9b9f" />
    <UnitTestResult executionId="1ab296c6-1fbb-411c-94cc-525898899727" testId="d43d193a-e0f2-e0e9-6f73-1752368bac34" testName="MainViewModel_NextMonth_IncreasesMonth" computerName="TAHA_TAL7A" duration="00:00:00.0060000" startTime="2025-10-24T13:47:04.1649425-04:00" endTime="2025-10-24T13:47:04.1714741-04:00" testType="13cdc9d9-ddb5-4fa4-a97d-d965ccfc6d4b" outcome="Passed" testListId="8c84fa94-04c1-424b-9868-57a2d4851a1d" relativeResultsDirectory="1ab296c6-1fbb-411c-94cc-525898899727" />
    <UnitTestResult executionId="9dff6d65-fbf2-40fc-ba8d-fd91f90dbaae" testId="20080d33-8341-b4a5-cf22-7fb688144a89" testName="MergeImportedTasks_WithNullList_ReturnsZeroCounts" computerName="TAHA_TAL7A" duration="00:00:00.0090000" startTime="2025-10-24T13:47:07.2746524-04:00" endTime="2025-10-24T13:47:07.2837208-04:00" testType="13cdc9d9-ddb5-4fa4-a97d-d965ccfc6d4b" outcome="Passed" testListId="8c84fa94-04c1-424b-9868-57a2d4851a1d" relativeResultsDirectory="9dff6d65-fbf2-40fc-ba8d-fd91f90dbaae" />
    <UnitTestResult executionId="e643ad39-30a2-4b23-8c55-f7755bd8d894" testId="fec34dae-ee0e-62d3-5b97-6186db3e6f84" testName="CredentialsChanged_Event_Raised_OnWatcherChanges" computerName="TAHA_TAL7A" duration="00:00:01.2380000" startTime="2025-10-24T13:46:58.9869544-04:00" endTime="2025-10-24T13:47:00.2246172-04:00" testType="13cdc9d9-ddb5-4fa4-a97d-d965ccfc6d4b" outcome="Passed" testListId="8c84fa94-04c1-424b-9868-57a2d4851a1d" relativeResultsDirectory="e643ad39-30a2-4b23-8c55-f7755bd8d894" />
    <UnitTestResult executionId="47152797-9d78-4913-b377-d28974c30e64" testId="74e051e4-f981-cb9c-82cc-8425a1919dd9" testName="RefreshDisplayedTasks_EmptyList_ShowsZeros" computerName="TAHA_TAL7A" duration="00:00:00.0060000" startTime="2025-10-24T13:47:06.9390543-04:00" endTime="2025-10-24T13:47:06.9450898-04:00" testType="13cdc9d9-ddb5-4fa4-a97d-d965ccfc6d4b" outcome="Passed" testListId="8c84fa94-04c1-424b-9868-57a2d4851a1d" relativeResultsDirectory="47152797-9d78-4913-b377-d28974c30e64" />
    <UnitTestResult executionId="2664d222-b900-4e57-8ce9-9d1501b6e9d8" testId="a162dd32-c8d5-80f7-6d2a-6f242efca23a" testName="Convert_MergedDictionary_WithNullSource_DefaultsToLight" computerName="TAHA_TAL7A" duration="00:00:00.0050000" startTime="2025-10-24T13:47:03.7918654-04:00" endTime="2025-10-24T13:47:03.7968753-04:00" testType="13cdc9d9-ddb5-4fa4-a97d-d965ccfc6d4b" outcome="Passed" testListId="8c84fa94-04c1-424b-9868-57a2d4851a1d" relativeResultsDirectory="2664d222-b900-4e57-8ce9-9d1501b6e9d8" />
    <UnitTestResult executionId="e6357a05-93c6-4eb2-8f6b-a2f7199c775b" testId="5d045012-1f6f-032a-685c-172a5b14cdf3" testName="MainViewModel_IsImportRunning_DefaultsToFalse" computerName="TAHA_TAL7A" duration="00:00:00.0060000" startTime="2025-10-24T13:47:04.1508778-04:00" endTime="2025-10-24T13:47:04.1574090-04:00" testType="13cdc9d9-ddb5-4fa4-a97d-d965ccfc6d4b" outcome="Passed" testListId="8c84fa94-04c1-424b-9868-57a2d4851a1d" relativeResultsDirectory="e6357a05-93c6-4eb2-8f6b-a2f7199c775b" />
    <UnitTestResult executionId="3871523f-2269-49fe-a65f-4dfc41660bb5" testId="69e402df-bd18-5d68-62ff-927254b9997b" testName="MainViewModel_DisplayedTasks_UpdatesOnSearchClear" computerName="TAHA_TAL7A" duration="00:00:00.0100000" startTime="2025-10-24T13:47:04.1167501-04:00" endTime="2025-10-24T13:47:04.1259047-04:00" testType="13cdc9d9-ddb5-4fa4-a97d-d965ccfc6d4b" outcome="Passed" testListId="8c84fa94-04c1-424b-9868-57a2d4851a1d" relativeResultsDirectory="3871523f-2269-49fe-a65f-4dfc41660bb5" />
    <UnitTestResult executionId="d2e8d850-119e-4e6b-ba35-82cd5b7b7230" testId="6eb657d1-e980-1fa7-638c-b1f2deb8042b" testName="MVIM007_MergeResult_HasChanges_TrueWhenAdded" computerName="TAHA_TAL7A" duration="00:00:00.0010000" startTime="2025-10-24T13:47:06.3836852-04:00" endTime="2025-10-24T13:47:06.3846884-04:00" testType="13cdc9d9-ddb5-4fa4-a97d-d965ccfc6d4b" outcome="Passed" testListId="8c84fa94-04c1-424b-9868-57a2d4851a1d" relativeResultsDirectory="d2e8d850-119e-4e6b-ba35-82cd5b7b7230" />
    <UnitTestResult executionId="ab4b141e-8f0f-489d-a3dd-ac469e8a4b79" testId="80e0b1b8-6615-a023-37e0-44d8b9845495" testName="InvalidCredentials_ReturnsInvalidCredentialsOutcome" computerName="TAHA_TAL7A" duration="00:00:00.0050000" startTime="2025-10-24T13:47:00.3147772-04:00" endTime="2025-10-24T13:47:00.3197761-04:00" testType="13cdc9d9-ddb5-4fa4-a97d-d965ccfc6d4b" outcome="Passed" testListId="8c84fa94-04c1-424b-9868-57a2d4851a1d" relativeResultsDirectory="ab4b141e-8f0f-489d-a3dd-ac469e8a4b79" />
    <UnitTestResult executionId="96251c7b-c0cb-431a-87f6-a1bf57120399" testId="51da7ffa-f9c7-4db3-4cb5-2e822de77bd2" testName="TimerState_ResetAndRefresh" computerName="TAHA_TAL7A" duration="00:00:00.0000001" startTime="2025-10-24T13:47:03.1664866-04:00" endTime="2025-10-24T13:47:03.1674859-04:00" testType="13cdc9d9-ddb5-4fa4-a97d-d965ccfc6d4b" outcome="Passed" testListId="8c84fa94-04c1-424b-9868-57a2d4851a1d" relativeResultsDirectory="96251c7b-c0cb-431a-87f6-a1bf57120399" />
    <UnitTestResult executionId="1dadb868-87ac-4dce-a6ce-5209764f014e" testId="8ea55ce5-cb65-68d9-e8a2-731a1ea7c432" testName="RefreshUpcomingTask_SelectsNextOrFirst" computerName="TAHA_TAL7A" duration="00:00:00.0080000" startTime="2025-10-24T13:47:07.3263281-04:00" endTime="2025-10-24T13:47:07.3344562-04:00" testType="13cdc9d9-ddb5-4fa4-a97d-d965ccfc6d4b" outcome="Passed" testListId="8c84fa94-04c1-424b-9868-57a2d4851a1d" relativeResultsDirectory="1dadb868-87ac-4dce-a6ce-5209764f014e" />
    <UnitTestResult executionId="e0fe2064-01e2-41fb-a8c3-ea3008cb2245" testId="1155ed49-a023-b5dd-c7b4-bf958b539329" testName="Convert_DefaultsToLightBrush_WhenNoFlagsOrDictionaries" computerName="TAHA_TAL7A" duration="00:00:00.0000001" startTime="2025-10-24T13:47:03.7998734-04:00" endTime="2025-10-24T13:47:03.7998734-04:00" testType="13cdc9d9-ddb5-4fa4-a97d-d965ccfc6d4b" outcome="Passed" testListId="8c84fa94-04c1-424b-9868-57a2d4851a1d" relativeResultsDirectory="e0fe2064-01e2-41fb-a8c3-ea3008cb2245" />
    <UnitTestResult executionId="e932ffad-0faa-45fa-a1d4-98bd788351ab" testId="50f722f6-0195-8263-d22f-27f84068c8d2" testName="RefreshDisplayedTasks_PaginatesCorrectly" computerName="TAHA_TAL7A" duration="00:00:00.0080000" startTime="2025-10-24T13:47:06.9606648-04:00" endTime="2025-10-24T13:47:06.9681459-04:00" testType="13cdc9d9-ddb5-4fa4-a97d-d965ccfc6d4b" outcome="Passed" testListId="8c84fa94-04c1-424b-9868-57a2d4851a1d" relativeResultsDirectory="e932ffad-0faa-45fa-a1d4-98bd788351ab" />
    <UnitTestResult executionId="2ed802e5-2362-42de-9bb3-ee012c7e1054" testId="5a730e93-98df-9dd5-d142-8c5e49858f26" testName="GenerateCalendarDays_CreatesCorrectDays" computerName="TAHA_TAL7A" duration="00:00:00.0080000" startTime="2025-10-24T13:47:03.8187204-04:00" endTime="2025-10-24T13:47:03.8267416-04:00" testType="13cdc9d9-ddb5-4fa4-a97d-d965ccfc6d4b" outcome="Passed" testListId="8c84fa94-04c1-424b-9868-57a2d4851a1d" relativeResultsDirectory="2ed802e5-2362-42de-9bb3-ee012c7e1054" />
    <UnitTestResult executionId="1e315f90-57d8-420b-bbbe-ce53aada1d69" testId="e122d60d-893c-6184-076e-e909ffa851c8" testName="MainViewModel_AllDateTimeProperties_CanBeSetAndGet" computerName="TAHA_TAL7A" duration="00:00:00.0070000" startTime="2025-10-24T13:47:03.8895748-04:00" endTime="2025-10-24T13:47:03.8971320-04:00" testType="13cdc9d9-ddb5-4fa4-a97d-d965ccfc6d4b" outcome="Passed" testListId="8c84fa94-04c1-424b-9868-57a2d4851a1d" relativeResultsDirectory="1e315f90-57d8-420b-bbbe-ce53aada1d69" />
    <UnitTestResult executionId="18fb7239-05f2-4701-9282-f25c580094e1" testId="83c8e903-fed0-2a1c-eb45-285a15ca17ea" testName="GetDataFolderPath_ReturnsDirectory" computerName="TAHA_TAL7A" duration="00:00:00.0020000" startTime="2025-10-24T13:47:03.4305864-04:00" endTime="2025-10-24T13:47:03.4316150-04:00" testType="13cdc9d9-ddb5-4fa4-a97d-d965ccfc6d4b" outcome="Passed" testListId="8c84fa94-04c1-424b-9868-57a2d4851a1d" relativeResultsDirectory="18fb7239-05f2-4701-9282-f25c580094e1" />
    <UnitTestResult executionId="95034abc-540e-40bc-86fc-3fd8db484237" testId="0188cc5e-0892-7ca7-0e98-17c4e1f93b73" testName="CurrentMonthDisplay_FormatsCorrectly" computerName="TAHA_TAL7A" duration="00:00:00.0060000" startTime="2025-10-24T13:47:07.1530320-04:00" endTime="2025-10-24T13:47:07.1590235-04:00" testType="13cdc9d9-ddb5-4fa4-a97d-d965ccfc6d4b" outcome="Passed" testListId="8c84fa94-04c1-424b-9868-57a2d4851a1d" relativeResultsDirectory="95034abc-540e-40bc-86fc-3fd8db484237" />
    <UnitTestResult executionId="b250fbae-e1c9-49af-8eb8-0d94a529115a" testId="b18722f5-b966-2a9e-28fa-7504dd45ada4" testName="ChangePage_UpdatesCurrentPage" computerName="TAHA_TAL7A" duration="00:00:00.0090000" startTime="2025-10-24T13:47:06.8947528-04:00" endTime="2025-10-24T13:47:06.9043012-04:00" testType="13cdc9d9-ddb5-4fa4-a97d-d965ccfc6d4b" outcome="Passed" testListId="8c84fa94-04c1-424b-9868-57a2d4851a1d" relativeResultsDirectory="b250fbae-e1c9-49af-8eb8-0d94a529115a" />
    <UnitTestResult executionId="7210e682-07ed-4c7c-8298-89eda0e2ac8b" testId="7687d39c-fb37-3754-1d83-844797101fef" testName="MainViewModel_SearchText_TriggersRefreshDisplayedTasks" computerName="TAHA_TAL7A" duration="00:00:00.0070000" startTime="2025-10-24T13:47:03.7235662-04:00" endTime="2025-10-24T13:47:03.7311220-04:00" testType="13cdc9d9-ddb5-4fa4-a97d-d965ccfc6d4b" outcome="Passed" testListId="8c84fa94-04c1-424b-9868-57a2d4851a1d" relativeResultsDirectory="7210e682-07ed-4c7c-8298-89eda0e2ac8b" />
    <UnitTestResult executionId="5110899e-c4e6-4e16-9636-a4fba793f821" testId="9b0dcb06-aa2e-73ef-e16f-a69a86ea5ee3" testName="OpenCalendarImportModal_SetsPropertyTrue" computerName="TAHA_TAL7A" duration="00:00:00.0070000" startTime="2025-10-24T13:47:08.0005513-04:00" endTime="2025-10-24T13:47:08.0075587-04:00" testType="13cdc9d9-ddb5-4fa4-a97d-d965ccfc6d4b" outcome="Passed" testListId="8c84fa94-04c1-424b-9868-57a2d4851a1d" relativeResultsDirectory="5110899e-c4e6-4e16-9636-a4fba793f821" />
    <UnitTestResult executionId="8c9748ea-9504-48b1-aaa0-8748af9e50db" testId="07910b7c-e8bc-2343-13cc-4abc1c66dd6d" testName="AppSettings_Properties_CanBeSet" computerName="TAHA_TAL7A" duration="00:00:00.0000001" startTime="2025-10-24T13:47:03.1513912-04:00" endTime="2025-10-24T13:47:03.1513912-04:00" testType="13cdc9d9-ddb5-4fa4-a97d-d965ccfc6d4b" outcome="Passed" testListId="8c84fa94-04c1-424b-9868-57a2d4851a1d" relativeResultsDirectory="8c9748ea-9504-48b1-aaa0-8748af9e50db" />
    <UnitTestResult executionId="59e22a43-bf2e-4f01-84cd-4ab2ce2e77d3" testId="ea55df16-f8d4-fcad-0289-c468dfb01769" testName="TimerButtonText_ReflectsRunningState" computerName="TAHA_TAL7A" duration="00:00:00.0160000" startTime="2025-10-24T13:47:07.8662802-04:00" endTime="2025-10-24T13:47:07.8815015-04:00" testType="13cdc9d9-ddb5-4fa4-a97d-d965ccfc6d4b" outcome="Passed" testListId="8c84fa94-04c1-424b-9868-57a2d4851a1d" relativeResultsDirectory="59e22a43-bf2e-4f01-84cd-4ab2ce2e77d3" />
    <UnitTestResult executionId="0fa0de40-a67a-4961-a2be-4ba45800b248" testId="ef8816ac-89b7-11b8-b2a7-d15960418e1d" testName="StartInfo_TimeZone_Invalid_Fallbacks" computerName="TAHA_TAL7A" duration="00:00:00.0060000" startTime="2025-10-24T13:47:00.3753873-04:00" endTime="2025-10-24T13:47:00.3809054-04:00" testType="13cdc9d9-ddb5-4fa4-a97d-d965ccfc6d4b" outcome="Passed" testListId="8c84fa94-04c1-424b-9868-57a2d4851a1d" relativeResultsDirectory="0fa0de40-a67a-4961-a2be-4ba45800b248" />
    <UnitTestResult executionId="ba6e8d58-6926-4bd9-bdf2-9c24b25c2cc4" testId="af7f489a-ea54-3575-4ce1-2c7e5fe2259b" testName="ImportCredentials_Cancellation_ReturnsInvalid" computerName="TAHA_TAL7A" duration="00:00:00.0050000" startTime="2025-10-24T13:47:00.2628023-04:00" endTime="2025-10-24T13:47:00.2667954-04:00" testType="13cdc9d9-ddb5-4fa4-a97d-d965ccfc6d4b" outcome="Passed" testListId="8c84fa94-04c1-424b-9868-57a2d4851a1d" relativeResultsDirectory="ba6e8d58-6926-4bd9-bdf2-9c24b25c2cc4" />
    <UnitTestResult executionId="1e40062b-b5db-4235-b526-d923babde2bb" testId="20a92317-7dd2-f182-83cd-8f022ed91505" testName="AppState_AllProperties_CanBeModified" computerName="TAHA_TAL7A" duration="00:00:00.0010000" startTime="2025-10-24T13:47:03.1513912-04:00" endTime="2025-10-24T13:47:03.1524017-04:00" testType="13cdc9d9-ddb5-4fa4-a97d-d965ccfc6d4b" outcome="Passed" testListId="8c84fa94-04c1-424b-9868-57a2d4851a1d" relativeResultsDirectory="1e40062b-b5db-4235-b526-d923babde2bb" />
    <UnitTestResult executionId="31975c17-31c4-4e0b-92f4-608fae3d4c3e" testId="2acc9dba-c680-5ac3-51f2-a8f4f0aa17cd" testName="CloseCalendarImportModal_SetsPropertyFalse" computerName="TAHA_TAL7A" duration="00:00:00.0070000" startTime="2025-10-24T13:47:07.8990485-04:00" endTime="2025-10-24T13:47:07.9055773-04:00" testType="13cdc9d9-ddb5-4fa4-a97d-d965ccfc6d4b" outcome="Passed" testListId="8c84fa94-04c1-424b-9868-57a2d4851a1d" relativeResultsDirectory="31975c17-31c4-4e0b-92f4-608fae3d4c3e" />
    <UnitTestResult executionId="e0cdd6a7-1f7c-4f92-84de-dcaf450bb5ec" testId="5f64e81b-b8e2-bb47-5213-c3b4dce45c77" testName="ImportCredentials_WebRoot_Succeeds" computerName="TAHA_TAL7A" duration="00:00:00.0050000" startTime="2025-10-24T13:47:00.2997035-04:00" endTime="2025-10-24T13:47:00.3052168-04:00" testType="13cdc9d9-ddb5-4fa4-a97d-d965ccfc6d4b" outcome="Passed" testListId="8c84fa94-04c1-424b-9868-57a2d4851a1d" relativeResultsDirectory="e0cdd6a7-1f7c-4f92-84de-dcaf450bb5ec" />
    <UnitTestResult executionId="6d257614-80b9-4719-8683-f1e79673eb8b" testId="6e1acef6-2b36-8d63-603f-9a16a20fbd94" testName="SaveAndLoadState_RoundTripsData" computerName="TAHA_TAL7A" duration="00:00:00.0050000" startTime="2025-10-24T13:47:03.4391229-04:00" endTime="2025-10-24T13:47:03.4456721-04:00" testType="13cdc9d9-ddb5-4fa4-a97d-d965ccfc6d4b" outcome="Passed" testListId="8c84fa94-04c1-424b-9868-57a2d4851a1d" relativeResultsDirectory="6d257614-80b9-4719-8683-f1e79673eb8b" />
    <UnitTestResult executionId="179a76b0-797f-473c-9cbc-07f526d5075f" testId="6ea2e0f0-86fe-08b6-a994-48f864962676" testName="ValidateCredentialJson_NoInstalledOrWeb_ReturnsInvalid" computerName="TAHA_TAL7A" duration="00:00:00.0050000" startTime="2025-10-24T13:47:00.4284088-04:00" endTime="2025-10-24T13:47:00.4329340-04:00" testType="13cdc9d9-ddb5-4fa4-a97d-d965ccfc6d4b" outcome="Passed" testListId="8c84fa94-04c1-424b-9868-57a2d4851a1d" relativeResultsDirectory="179a76b0-797f-473c-9cbc-07f526d5075f" />
    <UnitTestResult executionId="1d7e6b46-d16c-40eb-a46a-6e53c5c4cb2f" testId="fb5353e8-9b87-1bed-d2b9-0bdded8b5502" testName="StartWithInvalidCredentials_FilePresent_StateInvalid" computerName="TAHA_TAL7A" duration="00:00:00.0050000" startTime="2025-10-24T13:47:00.3884386-04:00" endTime="2025-10-24T13:47:00.3934848-04:00" testType="13cdc9d9-ddb5-4fa4-a97d-d965ccfc6d4b" outcome="Passed" testListId="8c84fa94-04c1-424b-9868-57a2d4851a1d" relativeResultsDirectory="1d7e6b46-d16c-40eb-a46a-6e53c5c4cb2f" />
    <UnitTestResult executionId="6370ed37-daef-492d-86fe-38be94e73f1d" testId="dadd54d8-d90a-bcd7-5cdd-784b1b2b340e" testName="CalendarDay_AllProperties_CanBeSetIndependently" computerName="TAHA_TAL7A" duration="00:00:00.0250000" startTime="2025-10-24T13:47:03.5824700-04:00" endTime="2025-10-24T13:47:03.6070343-04:00" testType="13cdc9d9-ddb5-4fa4-a97d-d965ccfc6d4b" outcome="Passed" testListId="8c84fa94-04c1-424b-9868-57a2d4851a1d" relativeResultsDirectory="6370ed37-daef-492d-86fe-38be94e73f1d" />
    <UnitTestResult executionId="ab1a3736-fae4-4d62-99b7-fdfb8d2fb85e" testId="079204a1-d57f-df10-b8e4-cc3f89a62041" testName="MainViewModel_SaveTask_WithOverdueStatus_SetsOverdueLabel" computerName="TAHA_TAL7A" duration="00:00:00.0100000" startTime="2025-10-24T13:47:06.2409034-04:00" endTime="2025-10-24T13:47:06.2508338-04:00" testType="13cdc9d9-ddb5-4fa4-a97d-d965ccfc6d4b" outcome="Passed" testListId="8c84fa94-04c1-424b-9868-57a2d4851a1d" relativeResultsDirectory="ab1a3736-fae4-4d62-99b7-fdfb8d2fb85e" />
    <UnitTestResult executionId="1f266fcd-7ddc-4f55-86d3-c5b72ad93bb6" testId="85c3b3c7-870f-9778-5100-ad1314af5e61" testName="Convert_IsDarkTheme_False_ReturnsLight" computerName="TAHA_TAL7A" duration="00:00:00.0010000" startTime="2025-10-24T13:47:03.7908552-04:00" endTime="2025-10-24T13:47:03.7918654-04:00" testType="13cdc9d9-ddb5-4fa4-a97d-d965ccfc6d4b" outcome="Passed" testListId="8c84fa94-04c1-424b-9868-57a2d4851a1d" relativeResultsDirectory="1f266fcd-7ddc-4f55-86d3-c5b72ad93bb6" />
    <UnitTestResult executionId="21919248-8db3-4f26-8cf7-50147701787b" testId="1994cf35-b8da-4175-9193-d684d42be005" testName="MainViewModel_SearchText_FiltersDisplayedTasks" computerName="TAHA_TAL7A" duration="00:00:00.0100000" startTime="2025-10-24T13:47:06.2508338-04:00" endTime="2025-10-24T13:47:06.2615188-04:00" testType="13cdc9d9-ddb5-4fa4-a97d-d965ccfc6d4b" outcome="Passed" testListId="8c84fa94-04c1-424b-9868-57a2d4851a1d" relativeResultsDirectory="21919248-8db3-4f26-8cf7-50147701787b" />
    <UnitTestResult executionId="c9b906b9-dff9-4fef-9a74-c49f67885507" testId="a2c2bf93-f4bc-544f-c4ea-d8ddad304138" testName="CloseModalCommand_ClearsEditingTask" computerName="TAHA_TAL7A" duration="00:00:00.0060000" startTime="2025-10-24T13:47:07.1349163-04:00" endTime="2025-10-24T13:47:07.1414638-04:00" testType="13cdc9d9-ddb5-4fa4-a97d-d965ccfc6d4b" outcome="Passed" testListId="8c84fa94-04c1-424b-9868-57a2d4851a1d" relativeResultsDirectory="c9b906b9-dff9-4fef-9a74-c49f67885507" />
    <UnitTestResult executionId="af08c530-c8d6-4b8a-90b2-8b2375f6dae8" testId="39f27ada-53be-6bad-7864-12c8f6d4134f" testName="TimeFormatConverter_VariousValues" computerName="TAHA_TAL7A" duration="00:00:00.0010000" startTime="2025-10-24T13:47:02.3360004-04:00" endTime="2025-10-24T13:47:02.3369885-04:00" testType="13cdc9d9-ddb5-4fa4-a97d-d965ccfc6d4b" outcome="Passed" testListId="8c84fa94-04c1-424b-9868-57a2d4851a1d" relativeResultsDirectory="af08c530-c8d6-4b8a-90b2-8b2375f6dae8" />
    <UnitTestResult executionId="6ece1b24-c32d-48dd-b092-42aa99e85fab" testId="0eac4af4-c5e5-de04-62ca-66028fb3f264" testName="Convert_ThemeName_Dark_ReturnsWhite" computerName="TAHA_TAL7A" duration="00:00:00.0000001" startTime="2025-10-24T13:47:03.7989079-04:00" endTime="2025-10-24T13:47:03.7989079-04:00" testType="13cdc9d9-ddb5-4fa4-a97d-d965ccfc6d4b" outcome="Passed" testListId="8c84fa94-04c1-424b-9868-57a2d4851a1d" relativeResultsDirectory="6ece1b24-c32d-48dd-b092-42aa99e85fab" />
    <UnitTestResult executionId="d5ea964b-37f7-47b4-88bd-3f7313f6a17a" testId="eb3c19a6-fdb6-92d0-ac3c-a42bef314a12" testName="RelayCommand_WithPredicate_ChangesCanExecute" computerName="TAHA_TAL7A" duration="00:00:00.0000001" startTime="2025-10-24T13:47:03.7461649-04:00" endTime="2025-10-24T13:47:03.7471670-04:00" testType="13cdc9d9-ddb5-4fa4-a97d-d965ccfc6d4b" outcome="Passed" testListId="8c84fa94-04c1-424b-9868-57a2d4851a1d" relativeResultsDirectory="d5ea964b-37f7-47b4-88bd-3f7313f6a17a" />
    <UnitTestResult executionId="cd60108f-146a-48b4-95ad-ee3bf3ebbd74" testId="0850ba61-449a-d2f5-2a0d-b47f327116b2" testName="BuildImportSummaryMessage_AllBranches" computerName="TAHA_TAL7A" duration="00:00:00.0090000" startTime="2025-10-24T13:47:07.1092782-04:00" endTime="2025-10-24T13:47:07.1188390-04:00" testType="13cdc9d9-ddb5-4fa4-a97d-d965ccfc6d4b" outcome="Passed" testListId="8c84fa94-04c1-424b-9868-57a2d4851a1d" relativeResultsDirectory="cd60108f-146a-48b4-95ad-ee3bf3ebbd74" />
[...]
    <TestEntry testId="5e3477ca-f8d9-338a-9f36-1a1a4304063f" executionId="f14a6c6b-9106-4ad2-88a4-839f3a438d3e" testListId="8c84fa94-04c1-424b-9868-57a2d4851a1d" />
    <TestEntry testId="98e6bad3-6059-c15c-410f-3e1708e75427" executionId="2b6fc904-f273-49d9-99de-3415c0a7f878" testListId="8c84fa94-04c1-424b-9868-57a2d4851a1d" />
    <TestEntry testId="d14afbf8-3dcb-f156-c839-f2a534f17881" executionId="052a355f-82ea-476b-87c7-e1e2e94277fa" testListId="8c84fa94-04c1-424b-9868-57a2d4851a1d" />
    <TestEntry testId="ede6f2e4-0f09-5d0c-d221-04fc3cf13e1b" executionId="dab18d78-6d42-4b1d-a839-29bb335f8f67" testListId="8c84fa94-04c1-424b-9868-57a2d4851a1d" />
    <TestEntry testId="7c013654-5ced-0e3a-67fa-d1c4e6502592" executionId="1a292059-5c49-45be-95e7-5bf324051cf4" testListId="8c84fa94-04c1-424b-9868-57a2d4851a1d" />
    <TestEntry testId="4e41ab12-db13-e298-973a-2453dd34409b" executionId="8df7dbd6-e105-499f-9c55-e7b0e7269748" testListId="8c84fa94-04c1-424b-9868-57a2d4851a1d" />
    <TestEntry testId="9541e07b-e096-7b7d-42b1-af76f6dbb100" executionId="15bb545d-02e6-4514-a446-d4a641a416f2" testListId="8c84fa94-04c1-424b-9868-57a2d4851a1d" />
    <TestEntry testId="50d84dbc-231a-4222-05dc-d8f9a0298254" executionId="ff0232cf-9e9c-4483-b0bf-84732d275dd9" testListId="8c84fa94-04c1-424b-9868-57a2d4851a1d" />
    <TestEntry testId="6f64a403-c2da-4455-86cc-ed47eab1ecae" executionId="680baf7d-4ad3-4bba-9370-32dbaaf175c4" testListId="8c84fa94-04c1-424b-9868-57a2d4851a1d" />
    <TestEntry testId="d7c514b5-9336-40fd-755d-4adb63dfe004" executionId="8954cf4e-28fc-4800-8010-ad9b0cc013b2" testListId="8c84fa94-04c1-424b-9868-57a2d4851a1d" />
    <TestEntry testId="66c42b30-735d-81a7-27a9-ede01266eb92" executionId="e6c54084-d383-48ee-aac0-ad6a78d64aad" testListId="8c84fa94-04c1-424b-9868-57a2d4851a1d" />
    <TestEntry testId="22a98320-13d6-b185-2d9f-9e114c481b85" executionId="7174ef33-2220-4d2b-ae15-b795260016ae" testListId="8c84fa94-04c1-424b-9868-57a2d4851a1d" />
    <TestEntry testId="b33728ca-11c1-45d7-2363-26e6e717db67" executionId="89e8e684-a693-45ef-8609-90c6c4e63370" testListId="8c84fa94-04c1-424b-9868-57a2d4851a1d" />
    <TestEntry testId="f593d164-3ca9-a171-b314-570397c82f72" executionId="d8b0cca2-f150-4825-8605-5c4dc1bb8d58" testListId="8c84fa94-04c1-424b-9868-57a2d4851a1d" />
    <TestEntry testId="9d215d48-7493-77d4-3d66-6664cf8b0389" executionId="c724abb6-906e-4cbc-a31b-2716f41b9fe5" testListId="8c84fa94-04c1-424b-9868-57a2d4851a1d" />
    <TestEntry testId="51f14d1d-2bad-9c9e-639a-081ae2ef31c9" executionId="cde81680-90d1-40ea-b3a0-695678a9d9fd" testListId="8c84fa94-04c1-424b-9868-57a2d4851a1d" />
    <TestEntry testId="f72e0a85-f0f0-ba48-fa25-ac86eca9ef54" executionId="be2ee2d4-f0b6-43aa-b5c3-181135a4f559" testListId="8c84fa94-04c1-424b-9868-57a2d4851a1d" />
    <TestEntry testId="be6c51ee-0739-9ee0-5c92-2702709f5232" executionId="45c5733d-6a3f-4715-947a-1a0dfc025499" testListId="8c84fa94-04c1-424b-9868-57a2d4851a1d" />
    <TestEntry testId="33d357f2-af85-a6ee-adaa-da92b2a64d09" executionId="5c4052e8-67da-4615-b838-92075315677d" testListId="8c84fa94-04c1-424b-9868-57a2d4851a1d" />
    <TestEntry testId="8afa74b9-c5b7-c9be-b03f-a0edda0b395a" executionId="81f1bfee-56bf-4c53-9174-2370d22c6e42" testListId="8c84fa94-04c1-424b-9868-57a2d4851a1d" />
    <TestEntry testId="fba68a59-60b4-edde-c490-976138a0abf3" executionId="f1059062-db4e-459c-9ec5-f7fba99ab02b" testListId="8c84fa94-04c1-424b-9868-57a2d4851a1d" />
    <TestEntry testId="ddc449ef-df5e-7567-1966-6e2b94f4fbb4" executionId="736a1cb7-0354-4206-9022-c3b2b752dcc5" testListId="8c84fa94-04c1-424b-9868-57a2d4851a1d" />
    <TestEntry testId="b30b86f3-f67b-76ca-d685-fdbe38aad781" executionId="fa9b9bd2-4b6b-46d9-a571-34c669309f0f" testListId="8c84fa94-04c1-424b-9868-57a2d4851a1d" />
    <TestEntry testId="d79f8ee1-b4bf-6c19-dce4-915122db97dc" executionId="c97c7613-8d70-4889-a431-3de672a03e7c" testListId="8c84fa94-04c1-424b-9868-57a2d4851a1d" />
    <TestEntry testId="f1667f13-265d-b8f4-5c1e-756fa7beca8f" executionId="f5e4c961-4f65-49c5-b547-58cbe1690ec9" testListId="8c84fa94-04c1-424b-9868-57a2d4851a1d" />
    <TestEntry testId="1087ce9a-3a80-fc69-4960-d11d56c3db00" executionId="9214b294-66b3-457f-8ab5-959879d3b711" testListId="8c84fa94-04c1-424b-9868-57a2d4851a1d" />
    <TestEntry testId="f1912460-d686-45a5-3ace-57477f2afa01" executionId="533a1c9e-9669-4ce8-978f-c390bb1ee938" testListId="8c84fa94-04c1-424b-9868-57a2d4851a1d" />
    <TestEntry testId="9a331573-bd78-8314-cf4c-dd4c49056c67" executionId="3225ff0c-7a83-457e-9e15-8af701701fe4" testListId="8c84fa94-04c1-424b-9868-57a2d4851a1d" />
    <TestEntry testId="e7a98561-2355-a971-fd00-4633d32f08d4" executionId="1878c963-64d9-4047-a683-ceee5530e901" testListId="8c84fa94-04c1-424b-9868-57a2d4851a1d" />
    <TestEntry testId="62c49a8d-aba8-c45d-fb4d-f531ad06cb02" executionId="9d160993-2f4f-4462-8271-614cd3ddfe13" testListId="8c84fa94-04c1-424b-9868-57a2d4851a1d" />
    <TestEntry testId="2b3a9e02-8691-9ca4-0c49-dace97bf0ce8" executionId="b347b81d-2003-4dda-81ab-ae250a2ed29e" testListId="8c84fa94-04c1-424b-9868-57a2d4851a1d" />
    <TestEntry testId="f6ce4bca-9056-65e6-7def-8e52a30ae4db" executionId="0cc11486-7ffe-4547-a4a5-2c9e94056185" testListId="8c84fa94-04c1-424b-9868-57a2d4851a1d" />
    <TestEntry testId="57803405-14a5-1564-cfdc-64e4688f4a8e" executionId="b9f3af28-bdbb-4968-a1cd-bc7ebc057800" testListId="8c84fa94-04c1-424b-9868-57a2d4851a1d" />
    <TestEntry testId="6eb6f5ea-dfc6-b9f0-0540-545a3eac78b6" executionId="1970bd44-ff45-4176-b398-e9f7dcd374ca" testListId="8c84fa94-04c1-424b-9868-57a2d4851a1d" />
    <TestEntry testId="344676cf-5188-4262-62fc-0109b0333ea7" executionId="c5f92ef1-b7f0-49ea-9777-57ed4e283ab1" testListId="8c84fa94-04c1-424b-9868-57a2d4851a1d" />
    <TestEntry testId="ba03841b-caa7-2b91-016f-237810796174" executionId="63d77b1c-c98c-4c13-abee-69d73d8149d8" testListId="8c84fa94-04c1-424b-9868-57a2d4851a1d" />
    <TestEntry testId="0c58692d-6328-d300-772c-4859ce063d39" executionId="c9920a88-23c3-4946-9453-cea34c8a98f1" testListId="8c84fa94-04c1-424b-9868-57a2d4851a1d" />
    <TestEntry testId="70dbfa07-a4aa-3f0a-306e-5b9e2e192e6d" executionId="16b4a0fd-bd51-4a4c-8c32-1304260dbbb7" testListId="8c84fa94-04c1-424b-9868-57a2d4851a1d" />
    <TestEntry testId="385f34a3-9533-43a9-718a-d66d6b44e2d9" executionId="33c5e13a-b82e-4104-9e56-5596486bc0fc" testListId="8c84fa94-04c1-424b-9868-57a2d4851a1d" />
    <TestEntry testId="0c30cf97-a0b4-bc5a-e2a7-0ad50368141b" executionId="c5dfa69f-4ba0-471e-aff3-a3d3efbe013e" testListId="8c84fa94-04c1-424b-9868-57a2d4851a1d" />
    <TestEntry testId="2b8c464c-e6de-b473-704d-dbb885607dec" executionId="bf07adb8-959d-44c4-aeef-12f9b4840c2a" testListId="8c84fa94-04c1-424b-9868-57a2d4851a1d" />
    <TestEntry testId="9fecfac3-035b-dcb8-1a0e-638d1045461b" executionId="bbc5705f-2c55-481c-8c89-5186dff4d0a8" testListId="8c84fa94-04c1-424b-9868-57a2d4851a1d" />
    <TestEntry testId="17c4ba69-fcf4-95d5-53c5-d321cd31840b" executionId="1ce1eefa-b534-462b-a53b-d104a72531d9" testListId="8c84fa94-04c1-424b-9868-57a2d4851a1d" />
    <TestEntry testId="d762fe14-6a54-baef-5f6b-354cd162fab9" executionId="0dc680a9-21e0-4a44-8d4b-e7dd1cd00fe0" testListId="8c84fa94-04c1-424b-9868-57a2d4851a1d" />
    <TestEntry testId="3672aebd-f8a5-6084-860a-2ad0d980f8d3" executionId="2b59e615-299b-4d76-95d6-9c8f2bfd419d" testListId="8c84fa94-04c1-424b-9868-57a2d4851a1d" />
    <TestEntry testId="64a2cce6-4ba6-8d9c-b60b-f274580ccfa4" executionId="9ca98bf7-29f9-409d-b7ed-241cfb9657b4" testListId="8c84fa94-04c1-424b-9868-57a2d4851a1d" />
    <TestEntry testId="5bea4849-bce1-6019-4ae4-578ee62dcf14" executionId="dd4bb770-6f47-44d5-b23f-08e606e4fe61" testListId="8c84fa94-04c1-424b-9868-57a2d4851a1d" />
    <TestEntry testId="53612b69-df28-3050-6d31-6a6086dc83e9" executionId="b41d9418-61fd-423c-ba5d-c19ce21dc473" testListId="8c84fa94-04c1-424b-9868-57a2d4851a1d" />
    <TestEntry testId="ed05da72-7906-2a35-ca71-1f6768c62464" executionId="afc4272b-acce-4d49-8ae1-06496d23a722" testListId="8c84fa94-04c1-424b-9868-57a2d4851a1d" />
    <TestEntry testId="b7c173d0-642f-a4a6-e40a-128f4be97b6c" executionId="293f1a66-d89b-47f7-b74d-4be15ff1ac0e" testListId="8c84fa94-04c1-424b-9868-57a2d4851a1d" />
    <TestEntry testId="e1d2b388-9cf9-e7c7-52da-23096b2fcb22" executionId="04be2679-b85c-4b6a-a201-f8fb00d5e16b" testListId="8c84fa94-04c1-424b-9868-57a2d4851a1d" />
    <TestEntry testId="f03b923f-10fd-7fd0-b143-459e9f9eb52c" executionId="e7d557d9-a6a5-4dcc-bafb-3b7ad24517da" testListId="8c84fa94-04c1-424b-9868-57a2d4851a1d" />
    <TestEntry testId="71289e4e-bd0d-6859-b0ae-e400e425a2f0" executionId="950c9428-810a-445a-bb7d-a03f8fe03d92" testListId="8c84fa94-04c1-424b-9868-57a2d4851a1d" />
    <TestEntry testId="6e9e82d3-ca09-92cf-c623-0d2eef23a57c" executionId="9f23b17b-ec52-4d02-9f2a-fc37c946ce57" testListId="8c84fa94-04c1-424b-9868-57a2d4851a1d" />
    <TestEntry testId="e194ac91-5ffe-63d4-9f23-9350b024f9f9" executionId="597abcb0-4cb7-4031-9f05-9d9ec8e9779e" testListId="8c84fa94-04c1-424b-9868-57a2d4851a1d" />
    <TestEntry testId="879044d5-7044-b7bb-6e31-4a90f1427374" executionId="73fe646c-3e40-431d-b37b-5a383351dd5f" testListId="8c84fa94-04c1-424b-9868-57a2d4851a1d" />
    <TestEntry testId="b3bfef51-cd6b-417d-8e19-2de33cce329c" executionId="bf2cbb23-e4e3-460f-b734-2b799b93ac36" testListId="8c84fa94-04c1-424b-9868-57a2d4851a1d" />
    <TestEntry testId="d6a2e04a-8018-cd71-efac-f3e610d21d5d" executionId="aa46122b-45cc-4eab-a555-08b7af7619b8" testListId="8c84fa94-04c1-424b-9868-57a2d4851a1d" />
    <TestEntry testId="5d5467a6-592c-7f68-4efe-b7cf3d2886da" executionId="39ffdf40-b40d-4ef0-b50d-cc66ee979330" testListId="8c84fa94-04c1-424b-9868-57a2d4851a1d" />
    <TestEntry testId="fc9a4692-068b-32b5-fa46-1b0be5fe7ca4" executionId="cd205176-6923-488a-87e1-5ece2a974598" testListId="8c84fa94-04c1-424b-9868-57a2d4851a1d" />
    <TestEntry testId="6eb8d064-76e0-f9f1-2e22-1bd7127adc29" executionId="e4108be1-842c-4d75-8f44-4561f8dc00e4" testListId="8c84fa94-04c1-424b-9868-57a2d4851a1d" />
    <TestEntry testId="79539bc3-2096-9a98-afc6-957d2fa46b00" executionId="48b0e291-7b63-494e-85c1-858ea7f2cac6" testListId="8c84fa94-04c1-424b-9868-57a2d4851a1d" />
    <TestEntry testId="5c92b06b-9c32-c8af-19ac-5a6e305adae4" executionId="909efe0c-c394-4ce3-b673-b4c3195854aa" testListId="8c84fa94-04c1-424b-9868-57a2d4851a1d" />
    <TestEntry testId="0e3cef52-d694-6ba9-dd30-9e203c3957f3" executionId="6e2b286b-4240-4c5e-8d55-5f89fa40567f" testListId="8c84fa94-04c1-424b-9868-57a2d4851a1d" />
    <TestEntry testId="9b849d4e-84b7-5170-3a47-e760838c7519" executionId="fa2e7288-e628-4253-9bef-fab024a8aa21" testListId="8c84fa94-04c1-424b-9868-57a2d4851a1d" />
    <TestEntry testId="aa38e686-e0fb-c396-d498-bbeda2fccf64" executionId="3d2c2e0f-25c5-4ee1-bd93-646398873773" testListId="8c84fa94-04c1-424b-9868-57a2d4851a1d" />
    <TestEntry testId="2ee1d8a8-cacf-d3d2-9067-439fd74cfe11" executionId="ecdbb6c5-0a74-4a9d-aa71-566297380774" testListId="8c84fa94-04c1-424b-9868-57a2d4851a1d" />
    <TestEntry testId="bb8cb774-63db-3c45-f761-b4f64c483f60" executionId="424123f3-c089-4c18-a2d5-fbe907ed4ccf" testListId="8c84fa94-04c1-424b-9868-57a2d4851a1d" />
    <TestEntry testId="619ff732-0ac8-a48a-fa08-b859976e580d" executionId="42dc0732-9692-4544-93c7-a173ae56a54d" testListId="8c84fa94-04c1-424b-9868-57a2d4851a1d" />
    <TestEntry testId="7f2f3f50-d544-7e11-a26a-0ead02d38b91" executionId="4231afc2-bdb9-454a-8b28-3d4c7ad8a6d2" testListId="8c84fa94-04c1-424b-9868-57a2d4851a1d" />
    <TestEntry testId="31708bab-bb2e-50f2-c658-7f54da0c1c50" executionId="347575e1-612e-4b48-bbc1-7c5a08460205" testListId="8c84fa94-04c1-424b-9868-57a2d4851a1d" />
    <TestEntry testId="1180e7eb-344d-7d01-8750-acba309c94f3" executionId="41512757-218f-4a5f-b13e-b1fbc549a357" testListId="8c84fa94-04c1-424b-9868-57a2d4851a1d" />
    <TestEntry testId="20225a6c-9b77-725a-4090-9260d8ca9824" executionId="ff737ba9-68bb-4068-9d9c-1295e0b632d5" testListId="8c84fa94-04c1-424b-9868-57a2d4851a1d" />
    <TestEntry testId="a5da569d-f73b-fc84-f822-7e39ca8f4b76" executionId="e0de6176-eb6d-4fe0-aa27-199d64a1b47d" testListId="8c84fa94-04c1-424b-9868-57a2d4851a1d" />
    <TestEntry testId="0d05d8f7-acc0-1aed-0b5a-a0d530f1c3bb" executionId="2531baf2-3576-42f6-8806-85a47afeea84" testListId="8c84fa94-04c1-424b-9868-57a2d4851a1d" />
    <TestEntry testId="f37348bb-1fa1-fb14-945a-3103c8214d7e" executionId="84e337ec-774e-4537-8caf-da0675987a9a" testListId="8c84fa94-04c1-424b-9868-57a2d4851a1d" />
    <TestEntry testId="9359ef3c-e635-9944-9a13-617e9c2ed373" executionId="620ca0ad-71f2-4aac-9f27-e170c24aa7ca" testListId="8c84fa94-04c1-424b-9868-57a2d4851a1d" />
    <TestEntry testId="a2bd451e-416f-e24b-bc5b-1cc4434a444d" executionId="ac294b30-4089-439b-9b7d-9c116d68b765" testListId="8c84fa94-04c1-424b-9868-57a2d4851a1d" />
    <TestEntry testId="8827a813-c11f-0c03-de65-8161d11e0215" executionId="d13d9de5-1cf6-4ea8-bc1a-c977151f0154" testListId="8c84fa94-04c1-424b-9868-57a2d4851a1d" />
    <TestEntry testId="963df31d-1a25-c38d-a672-464e15ff9032" executionId="7c823f9a-42d5-4f72-b82a-14e28b6280b3" testListId="8c84fa94-04c1-424b-9868-57a2d4851a1d" />
    <TestEntry testId="1c034aee-3d87-e0ff-69f0-c96862306427" executionId="cf910d8d-e8f4-4807-af04-979b3aebc139" testListId="8c84fa94-04c1-424b-9868-57a2d4851a1d" />
    <TestEntry testId="2f86f2fa-178e-6b2a-03b2-79acb00a2be8" executionId="a1681bdd-6fe9-4ca0-b276-0805cfa92064" testListId="8c84fa94-04c1-424b-9868-57a2d4851a1d" />
    <TestEntry testId="2fbb587d-7849-7f8d-bd6e-6284c66ce151" executionId="4eba2fc4-7bd6-4ac1-8a21-ea6f7aec9b12" testListId="8c84fa94-04c1-424b-9868-57a2d4851a1d" />
    <TestEntry testId="a11b0dc6-b4cf-ffd7-a867-bec5a7c236f0" executionId="5780e1a2-9846-4bd7-8253-3c1308c91e7f" testListId="8c84fa94-04c1-424b-9868-57a2d4851a1d" />
    <TestEntry testId="d1e002aa-1cb8-8373-7882-5152ccf76f21" executionId="942c0b7f-b16a-4c32-824a-5c0d85ecabd1" testListId="8c84fa94-04c1-424b-9868-57a2d4851a1d" />
    <TestEntry testId="37bde0aa-6031-723d-0b90-58a3261f524b" executionId="2b6f0259-4f2c-42fb-a3c4-6803651c82ab" testListId="8c84fa94-04c1-424b-9868-57a2d4851a1d" />
    <TestEntry testId="3e8c1540-1464-6175-be3b-c8a92e1253a1" executionId="bde5e792-14ed-46a6-8fbd-970390ed7f48" testListId="8c84fa94-04c1-424b-9868-57a2d4851a1d" />
    <TestEntry testId="8d6da237-d5a7-2213-f3d4-b56268bc17c1" executionId="87395118-b62b-4faa-999b-87b64529042e" testListId="8c84fa94-04c1-424b-9868-57a2d4851a1d" />
    <TestEntry testId="b3574c58-415d-dc05-8094-f4168cdaf0c6" executionId="14ccd135-0f9a-49c3-a086-1e17c9bb2905" testListId="8c84fa94-04c1-424b-9868-57a2d4851a1d" />
    <TestEntry testId="5784f16d-ff81-142a-bf4e-49eedc4ddf42" executionId="eedae213-4ee9-472d-b8dc-54b49a770d5f" testListId="8c84fa94-04c1-424b-9868-57a2d4851a1d" />
    <TestEntry testId="2adcbaa8-53e1-fa18-437c-37d3afe9cd10" executionId="bb08488d-10b9-4adb-b6a2-989da3e07ab3" testListId="8c84fa94-04c1-424b-9868-57a2d4851a1d" />
    <TestEntry testId="e7ae8018-8122-7e5a-ed8d-b99421714167" executionId="61c09e13-d3b7-49a1-a1e6-3d5f239304df" testListId="8c84fa94-04c1-424b-9868-57a2d4851a1d" />
    <TestEntry testId="cf1e0c04-ac3a-c958-27e4-a79acce78ddd" executionId="e6f455d0-92f7-48a9-8b7c-4410f71beb61" testListId="8c84fa94-04c1-424b-9868-57a2d4851a1d" />
    <TestEntry testId="525e96b1-d85c-c9b7-ebc3-7e1598bdc45e" executionId="00da4bda-8f61-44c8-8ce4-71d3ec25e00f" testListId="8c84fa94-04c1-424b-9868-57a2d4851a1d" />
    <TestEntry testId="0221217a-bb45-11c3-0c5b-0e612d7fca4d" executionId="eada53de-5cc0-462b-93d3-3672484536bd" testListId="8c84fa94-04c1-424b-9868-57a2d4851a1d" />
    <TestEntry testId="d22ddbae-55b3-4d67-68ea-6cf451e97fee" executionId="cd360ba8-8ebf-4400-a150-659d82edf957" testListId="8c84fa94-04c1-424b-9868-57a2d4851a1d" />
    <TestEntry testId="bc35bbe1-d3cd-6ecf-7e4e-8e231ef71bb8" executionId="6a7b8b8c-3cc1-4590-a459-1c00c988ed4a" testListId="8c84fa94-04c1-424b-9868-57a2d4851a1d" />
    <TestEntry testId="f26ab00f-0cda-7910-f4e9-b80ee8100a5d" executionId="5c049c2a-e6b5-49fc-88d7-e79c3169ad69" testListId="8c84fa94-04c1-424b-9868-57a2d4851a1d" />
    <TestEntry testId="ab185303-1c61-730b-0e07-0cdb8340d0b5" executionId="52ae168a-bec1-45b2-b550-bd415c4cae4f" testListId="8c84fa94-04c1-424b-9868-57a2d4851a1d" />
    <TestEntry testId="5f290192-4dc5-462d-edc2-55fd9033dd1a" executionId="bf02c467-4305-47f8-bc9f-b1e558a4bda1" testListId="8c84fa94-04c1-424b-9868-57a2d4851a1d" />
    <TestEntry testId="d5eeaa87-94d1-a418-3db4-5e6aeb1005c7" executionId="8e7e11e0-b342-483b-81da-465e163dc7b7" testListId="8c84fa94-04c1-424b-9868-57a2d4851a1d" />
    <TestEntry testId="04fecbeb-8e9d-0e7a-8daa-a10abcba925d" executionId="945d48d7-cad7-407e-a2a2-a65ae3af1b95" testListId="8c84fa94-04c1-424b-9868-57a2d4851a1d" />
    <TestEntry testId="03a83f1d-385e-8fb0-27b7-a8e86f0681ab" executionId="e8a02dc3-d285-4bc3-91d5-2e8f6b667c29" testListId="8c84fa94-04c1-424b-9868-57a2d4851a1d" />
    <TestEntry testId="e23a1a1f-c13d-b8d0-faf6-c274f55313f8" executionId="bf6edecb-4b8d-4ea3-b1c2-a3d38d5bd38a" testListId="8c84fa94-04c1-424b-9868-57a2d4851a1d" />
    <TestEntry testId="2c383bd1-b4f3-a008-f083-0b37691613fd" executionId="667c70af-1c3e-4cc2-9733-25ef14cc9bbf" testListId="8c84fa94-04c1-424b-9868-57a2d4851a1d" />
    <TestEntry testId="9c0a1b0f-8086-25e8-fd4d-a420a2ca2029" executionId="0868c457-b419-45bb-a167-195155ec5229" testListId="8c84fa94-04c1-424b-9868-57a2d4851a1d" />
    <TestEntry testId="c9d0bd14-84c4-23be-4a09-72720e2fe8b7" executionId="96b229ef-984f-4e86-9df1-279d93bba69f" testListId="8c84fa94-04c1-424b-9868-57a2d4851a1d" />
    <TestEntry testId="e27e69df-9d02-9c14-ff54-cba104f941b6" executionId="52366bbb-f8db-4678-b840-d98b9c6a62b1" testListId="8c84fa94-04c1-424b-9868-57a2d4851a1d" />
    <TestEntry testId="a41e85c1-5cc8-9c45-1fa4-87e0b33b4682" executionId="97f6941f-ae32-46f9-ab92-22bae51bbd3c" testListId="8c84fa94-04c1-424b-9868-57a2d4851a1d" />
    <TestEntry testId="87289c2d-e107-fd0a-59c8-64343a6944a8" executionId="d6837178-86e1-4a9b-ab72-8e2ddb7d1a97" testListId="8c84fa94-04c1-424b-9868-57a2d4851a1d" />
    <TestEntry testId="7bf56665-c1e8-5e5a-0245-dcc9cedd4e0f" executionId="ad510e28-6210-4b20-963b-0d23da26ecea" testListId="8c84fa94-04c1-424b-9868-57a2d4851a1d" />
    <TestEntry testId="59f08923-e58d-1773-f852-59c3d50164b0" executionId="d78447a7-8611-4d9d-b733-b191165fc45d" testListId="8c84fa94-04c1-424b-9868-57a2d4851a1d" />
    <TestEntry testId="57bc0946-2c7e-6998-2232-7fc7518b2914" executionId="44a11894-49fd-4d88-bd11-3e37ae7a4982" testListId="8c84fa94-04c1-424b-9868-57a2d4851a1d" />
    <TestEntry testId="176524da-3dcc-b573-9134-feb55471fce6" executionId="33b970bf-244d-480d-848e-553f5ffd4596" testListId="8c84fa94-04c1-424b-9868-57a2d4851a1d" />
    <TestEntry testId="f3b8d73a-12bc-1ad3-b879-777447e1f928" executionId="d0a4b5e4-6b40-4c6d-90a4-4c0e051655d8" testListId="8c84fa94-04c1-424b-9868-57a2d4851a1d" />
  </TestEntries>
  <TestLists>
    <TestList name="Results Not in a List" id="8c84fa94-04c1-424b-9868-57a2d4851a1d" />
    <TestList name="All Loaded Results" id="19431567-8539-422a-85d7-44ee4e166bda" />
  </TestLists>
  <ResultSummary outcome="Completed">
    <Counters total="317" executed="317" passed="317" failed="0" error="0" timeout="0" aborted="0" inconclusive="0" passedButRunAborted="0" notRunnable="0" notExecuted="0" disconnected="0" warning="0" completed="0" inProgress="0" pending="0" />
    <Output>
      <StdOut>NUnit Adapter 4.5.0.0: Test execution started&#xD;
Running all tests in C:\Users\talha\Downloads\desktop-helper-helper\desktop-helper-helper\DesktopTaskAid.Tests\bin\Debug\net48\DesktopTaskAid.Tests.dll&#xD;
   NUnit3TestExecutor discovered 317 of 317 NUnit test cases using Current Discovery mode, Non-Explicit run&#xD;
NUnit Adapter 4.5.0.0: Test execution complete&#xD;
</StdOut>
    </Output>
  </ResultSummary>
</TestRun>