<?xml version="1.0" encoding="utf-8"?>
<coverage line-rate="0.8101" branch-rate="0.7906" version="1.9" timestamp="1761288559" lines-covered="1528" lines-valid="1886" branches-covered="442" branches-valid="559">
  <sources>
    <source>C:\Users\talha\Downloads\test-app-main\test-app-main\</source>
  </sources>
  <packages>
    <package name="DesktopTaskAid" line-rate="0.8101" branch-rate="0.7906" complexity="725">
      <classes>
        <class name="XamlGeneratedNamespace.GeneratedInternalTypeHelper" filename="obj\Debug\net48\GeneratedInternalTypeHelper.g.cs" line-rate="0" branch-rate="1" complexity="5">
          <methods>
            <method name="CreateInstance" signature="(System.Type,System.Globalization.CultureInfo)" line-rate="0" branch-rate="1" complexity="1">
              <lines>
                <line number="24" hits="0" branch="False" />
                <line number="25" hits="0" branch="False" />
                <line number="26" hits="0" branch="False" />
                <line number="27" hits="0" branch="False" />
              </lines>
            </method>
            <method name="GetPropertyValue" signature="(System.Reflection.PropertyInfo,System.Object,System.Globalization.CultureInfo)" line-rate="0" branch-rate="1" complexity="1">
              <lines>
                <line number="32" hits="0" branch="False" />
                <line number="33" hits="0" branch="False" />
                <line number="34" hits="0" branch="False" />
              </lines>
            </method>
            <method name="SetPropertyValue" signature="(System.Reflection.PropertyInfo,System.Object,System.Object,System.Globalization.CultureInfo)" line-rate="0" branch-rate="1" complexity="1">
              <lines>
                <line number="39" hits="0" branch="False" />
                <line number="40" hits="0" branch="False" />
                <line number="41" hits="0" branch="False" />
              </lines>
            </method>
            <method name="CreateDelegate" signature="(System.Type,System.Object,System.String)" line-rate="0" branch-rate="1" complexity="1">
              <lines>
                <line number="46" hits="0" branch="False" />
                <line number="47" hits="0" branch="False" />
                <line number="48" hits="0" branch="False" />
                <line number="49" hits="0" branch="False" />
                <line number="50" hits="0" branch="False" />
                <line number="51" hits="0" branch="False" />
              </lines>
            </method>
            <method name="AddEventHandler" signature="(System.Reflection.EventInfo,System.Object,System.Delegate)" line-rate="0" branch-rate="1" complexity="1">
              <lines>
                <line number="56" hits="0" branch="False" />
                <line number="57" hits="0" branch="False" />
                <line number="58" hits="0" branch="False" />
              </lines>
            </method>
          </methods>
          <lines>
            <line number="24" hits="0" branch="False" />
            <line number="25" hits="0" branch="False" />
            <line number="26" hits="0" branch="False" />
            <line number="27" hits="0" branch="False" />
            <line number="32" hits="0" branch="False" />
            <line number="33" hits="0" branch="False" />
            <line number="34" hits="0" branch="False" />
            <line number="39" hits="0" branch="False" />
            <line number="40" hits="0" branch="False" />
            <line number="41" hits="0" branch="False" />
            <line number="46" hits="0" branch="False" />
            <line number="47" hits="0" branch="False" />
            <line number="48" hits="0" branch="False" />
            <line number="49" hits="0" branch="False" />
            <line number="50" hits="0" branch="False" />
            <line number="51" hits="0" branch="False" />
            <line number="56" hits="0" branch="False" />
            <line number="57" hits="0" branch="False" />
            <line number="58" hits="0" branch="False" />
          </lines>
        </class>
        <class name="DesktopTaskAid.App" filename="App.xaml.cs" line-rate="0.4489" branch-rate="0.25" complexity="6">
          <methods>
            <method name="OnStartup" signature="(System.Windows.StartupEventArgs)" line-rate="0.6296" branch-rate="1" complexity="1">
              <lines>
                <line number="13" hits="2" branch="False" />
                <line number="14" hits="2" branch="False" />
                <line number="17" hits="2" branch="False" />
                <line number="19" hits="2" branch="False" />
                <line number="20" hits="2" branch="False" />
                <line number="21" hits="2" branch="False" />
                <line number="22" hits="2" branch="False" />
                <line number="23" hits="2" branch="False" />
                <line number="24" hits="2" branch="False" />
                <line number="26" hits="2" branch="False" />
                <line number="29" hits="2" branch="False" />
                <line number="30" hits="2" branch="False" />
                <line number="32" hits="2" branch="False" />
                <line number="33" hits="2" branch="False" />
                <line number="35" hits="2" branch="False" />
                <line number="36" hits="2" branch="False" />
                <line number="37" hits="0" branch="False" />
                <line number="38" hits="0" branch="False" />
                <line number="39" hits="0" branch="False" />
                <line number="40" hits="0" branch="False" />
                <line number="41" hits="0" branch="False" />
                <line number="42" hits="0" branch="False" />
                <line number="43" hits="0" branch="False" />
                <line number="44" hits="0" branch="False" />
                <line number="45" hits="0" branch="False" />
                <line number="46" hits="0" branch="False" />
                <line number="47" hits="2" branch="False" />
              </lines>
            </method>
            <method name="CurrentDomain_UnhandledException" signature="(System.Object,System.UnhandledExceptionEventArgs)" line-rate="0.3846" branch-rate="0.25" complexity="4">
              <lines>
                <line number="50" hits="1" branch="False" />
                <line number="51" hits="1" branch="False" />
                <line number="52" hits="1" branch="False" />
                <line number="54" hits="1" branch="True" condition-coverage="50% (1/2)">
                  <conditions>
                    <condition number="33" type="jump" coverage="50%" />
                  </conditions>
                </line>
                <line number="55" hits="0" branch="False" />
                <line number="56" hits="0" branch="False" />
                <line number="57" hits="0" branch="True" condition-coverage="0% (0/2)">
                  <conditions>
                    <condition number="109" type="jump" coverage="0%" />
                  </conditions>
                </line>
                <line number="58" hits="0" branch="False" />
                <line number="59" hits="0" branch="False" />
                <line number="60" hits="0" branch="False" />
                <line number="61" hits="0" branch="False" />
                <line number="62" hits="0" branch="False" />
                <line number="63" hits="1" branch="False" />
              </lines>
            </method>
            <method name="App_DispatcherUnhandledException" signature="(System.Object,System.Windows.Threading.DispatcherUnhandledExceptionEventArgs)" line-rate="0" branch-rate="1" complexity="1">
              <lines>
                <line number="66" hits="0" branch="False" />
                <line number="67" hits="0" branch="False" />
                <line number="69" hits="0" branch="False" />
                <line number="70" hits="0" branch="False" />
                <line number="71" hits="0" branch="False" />
                <line number="72" hits="0" branch="False" />
                <line number="73" hits="0" branch="False" />
                <line number="76" hits="0" branch="False" />
                <line number="77" hits="0" branch="False" />
              </lines>
            </method>
          </methods>
          <lines>
            <line number="13" hits="2" branch="False" />
            <line number="14" hits="2" branch="False" />
            <line number="17" hits="2" branch="False" />
            <line number="19" hits="2" branch="False" />
            <line number="20" hits="2" branch="False" />
            <line number="21" hits="2" branch="False" />
            <line number="22" hits="2" branch="False" />
            <line number="23" hits="2" branch="False" />
            <line number="24" hits="2" branch="False" />
            <line number="26" hits="2" branch="False" />
            <line number="29" hits="2" branch="False" />
            <line number="30" hits="2" branch="False" />
            <line number="32" hits="2" branch="False" />
            <line number="33" hits="2" branch="False" />
            <line number="35" hits="2" branch="False" />
            <line number="36" hits="2" branch="False" />
            <line number="37" hits="0" branch="False" />
            <line number="38" hits="0" branch="False" />
            <line number="39" hits="0" branch="False" />
            <line number="40" hits="0" branch="False" />
            <line number="41" hits="0" branch="False" />
            <line number="42" hits="0" branch="False" />
            <line number="43" hits="0" branch="False" />
            <line number="44" hits="0" branch="False" />
            <line number="45" hits="0" branch="False" />
            <line number="46" hits="0" branch="False" />
            <line number="47" hits="2" branch="False" />
            <line number="50" hits="1" branch="False" />
            <line number="51" hits="1" branch="False" />
            <line number="52" hits="1" branch="False" />
            <line number="54" hits="1" branch="True" condition-coverage="50% (1/2)">
              <conditions>
                <condition number="33" type="jump" coverage="50%" />
              </conditions>
            </line>
            <line number="55" hits="0" branch="False" />
            <line number="56" hits="0" branch="False" />
            <line number="57" hits="0" branch="True" condition-coverage="0% (0/2)">
              <conditions>
                <condition number="109" type="jump" coverage="0%" />
              </conditions>
            </line>
            <line number="58" hits="0" branch="False" />
            <line number="59" hits="0" branch="False" />
            <line number="60" hits="0" branch="False" />
            <line number="61" hits="0" branch="False" />
            <line number="62" hits="0" branch="False" />
            <line number="63" hits="1" branch="False" />
            <line number="66" hits="0" branch="False" />
            <line number="67" hits="0" branch="False" />
            <line number="69" hits="0" branch="False" />
            <line number="70" hits="0" branch="False" />
            <line number="71" hits="0" branch="False" />
            <line number="72" hits="0" branch="False" />
            <line number="73" hits="0" branch="False" />
            <line number="76" hits="0" branch="False" />
            <line number="77" hits="0" branch="False" />
          </lines>
        </class>
        <class name="DesktopTaskAid.App" filename="obj\Debug\net48\App.g.cs" line-rate="0" branch-rate="0" complexity="2">
          <methods>
            <method name="InitializeComponent" signature="()" line-rate="0" branch-rate="0" complexity="2">
              <lines>
                <line number="50" hits="0" branch="False" />
                <line number="51" hits="0" branch="True" condition-coverage="0% (0/2)">
                  <conditions>
                    <condition number="9" type="jump" coverage="0%" />
                  </conditions>
                </line>
                <line number="52" hits="0" branch="False" />
                <line number="54" hits="0" branch="False" />
              </lines>
            </method>
          </methods>
          <lines>
            <line number="50" hits="0" branch="False" />
            <line number="51" hits="0" branch="True" condition-coverage="0% (0/2)">
              <conditions>
                <condition number="9" type="jump" coverage="0%" />
              </conditions>
            </line>
            <line number="52" hits="0" branch="False" />
            <line number="54" hits="0" branch="False" />
          </lines>
        </class>
        <class name="DesktopTaskAid.App" filename="App.xaml" line-rate="0" branch-rate="1" complexity="1">
          <methods>
            <method name="InitializeComponent" signature="()" line-rate="0" branch-rate="1" complexity="1">
              <lines>
                <line number="1" hits="0" branch="False" />
                <line number="5" hits="0" branch="False" />
              </lines>
            </method>
          </methods>
          <lines>
            <line number="1" hits="0" branch="False" />
            <line number="5" hits="0" branch="False" />
          </lines>
        </class>
        <class name="DesktopTaskAid.MainWindow" filename="MainWindow.xaml.cs" line-rate="0.8529000000000001" branch-rate="0.5832999999999999" complexity="15">
          <methods>
            <method name="UpdateWelcomeIllustration" signature="()" line-rate="0.7272" branch-rate="0.5" complexity="4">
              <lines>
                <line number="45" hits="5" branch="False" />
                <line number="47" hits="5" branch="False" />
                <line number="48" hits="6" branch="True" condition-coverage="50% (1/2)">
                  <conditions>
                    <condition number="7" type="jump" coverage="50%" />
                  </conditions>
                </line>
                <line number="50" hits="5" branch="True" condition-coverage="50% (1/2)">
                  <conditions>
                    <condition number="54" type="jump" coverage="50%" />
                  </conditions>
                </line>
                <line number="53" hits="5" branch="False" />
                <line number="54" hits="5" branch="False" />
                <line number="55" hits="5" branch="False" />
                <line number="56" hits="0" branch="False" />
                <line number="57" hits="0" branch="False" />
                <line number="58" hits="5" branch="False" />
                <line number="59" hits="5" branch="False" />
                <line number="60" hits="5" branch="False" />
                <line number="63" hits="5" branch="False" />
                <line number="64" hits="5" branch="False" />
                <line number="65" hits="5" branch="False" />
                <line number="66" hits="5" branch="False" />
                <line number="67" hits="0" branch="False" />
                <line number="68" hits="0" branch="False" />
                <line number="69" hits="0" branch="False" />
                <line number="70" hits="0" branch="False" />
                <line number="71" hits="5" branch="False" />
                <line number="72" hits="5" branch="False" />
              </lines>
            </method>
            <method name="MainWindow_Loaded" signature="(System.Object,System.Windows.RoutedEventArgs)" line-rate="1" branch-rate="0.5" complexity="4">
              <lines>
                <line number="75" hits="1" branch="False" />
                <line number="76" hits="1" branch="False" />
                <line number="77" hits="1" branch="False" />
                <line number="78" hits="1" branch="False" />
                <line number="79" hits="1" branch="False" />
                <line number="80" hits="1" branch="True" condition-coverage="50% (2/4)">
                  <conditions>
                    <condition number="136" type="jump" coverage="50%" />
                    <condition number="153" type="jump" coverage="50%" />
                  </conditions>
                </line>
                <line number="81" hits="1" branch="False" />
              </lines>
            </method>
            <method name="MainWindow_ContentRendered" signature="(System.Object,System.EventArgs)" line-rate="1" branch-rate="1" complexity="1">
              <lines>
                <line number="84" hits="1" branch="False" />
                <line number="85" hits="1" branch="False" />
                <line number="86" hits="1" branch="False" />
              </lines>
            </method>
            <method name="MinimizeWindow" signature="(System.Object,System.Windows.RoutedEventArgs)" line-rate="1" branch-rate="1" complexity="1">
              <lines>
                <line number="89" hits="1" branch="False" />
                <line number="90" hits="1" branch="False" />
                <line number="91" hits="1" branch="False" />
                <line number="92" hits="1" branch="False" />
              </lines>
            </method>
            <method name="MaximizeWindow" signature="(System.Object,System.Windows.RoutedEventArgs)" line-rate="1" branch-rate="0.5" complexity="2">
              <lines>
                <line number="95" hits="1" branch="False" />
                <line number="96" hits="1" branch="False" />
                <line number="97" hits="1" branch="True" condition-coverage="50% (1/2)">
                  <conditions>
                    <condition number="25" type="jump" coverage="50%" />
                  </conditions>
                </line>
                <line number="98" hits="1" branch="False" />
                <line number="99" hits="1" branch="False" />
                <line number="100" hits="1" branch="False" />
              </lines>
            </method>
            <method name="CloseWindow" signature="(System.Object,System.Windows.RoutedEventArgs)" line-rate="1" branch-rate="1" complexity="1">
              <lines>
                <line number="103" hits="1" branch="False" />
                <line number="104" hits="1" branch="False" />
                <line number="105" hits="1" branch="False" />
                <line number="106" hits="1" branch="False" />
              </lines>
            </method>
            <method name=".ctor" signature="()" line-rate="0.8181" branch-rate="1" complexity="2">
              <lines>
                <line number="11" hits="3" branch="False" />
                <line number="12" hits="3" branch="False" />
                <line number="13" hits="3" branch="False" />
                <line number="16" hits="3" branch="False" />
                <line number="17" hits="3" branch="False" />
                <line number="18" hits="3" branch="False" />
                <line number="19" hits="3" branch="False" />
                <line number="22" hits="3" branch="False" />
                <line number="25" hits="3" branch="True" condition-coverage="100% (2/2)">
                  <conditions>
                    <condition number="89" type="jump" coverage="100%" />
                  </conditions>
                </line>
                <line number="26" hits="3" branch="False" />
                <line number="27" hits="3" branch="False" />
                <line number="28" hits="3" branch="False" />
                <line number="29" hits="3" branch="False" />
                <line number="32" hits="3" branch="False" />
                <line number="33" hits="3" branch="False" />
                <line number="35" hits="3" branch="False" />
                <line number="36" hits="3" branch="False" />
                <line number="37" hits="0" branch="False" />
                <line number="38" hits="0" branch="False" />
                <line number="39" hits="0" branch="False" />
                <line number="40" hits="0" branch="False" />
                <line number="42" hits="3" branch="False" />
              </lines>
            </method>
          </methods>
          <lines>
            <line number="45" hits="5" branch="False" />
            <line number="47" hits="5" branch="False" />
            <line number="48" hits="6" branch="True" condition-coverage="50% (1/2)">
              <conditions>
                <condition number="7" type="jump" coverage="50%" />
              </conditions>
            </line>
            <line number="50" hits="5" branch="True" condition-coverage="50% (1/2)">
              <conditions>
                <condition number="54" type="jump" coverage="50%" />
              </conditions>
            </line>
            <line number="53" hits="5" branch="False" />
            <line number="54" hits="5" branch="False" />
            <line number="55" hits="5" branch="False" />
            <line number="56" hits="0" branch="False" />
            <line number="57" hits="0" branch="False" />
            <line number="58" hits="5" branch="False" />
            <line number="59" hits="5" branch="False" />
            <line number="60" hits="5" branch="False" />
            <line number="63" hits="5" branch="False" />
            <line number="64" hits="5" branch="False" />
            <line number="65" hits="5" branch="False" />
            <line number="66" hits="5" branch="False" />
            <line number="67" hits="0" branch="False" />
            <line number="68" hits="0" branch="False" />
            <line number="69" hits="0" branch="False" />
            <line number="70" hits="0" branch="False" />
            <line number="71" hits="5" branch="False" />
            <line number="72" hits="5" branch="False" />
            <line number="75" hits="1" branch="False" />
            <line number="76" hits="1" branch="False" />
            <line number="77" hits="1" branch="False" />
            <line number="78" hits="1" branch="False" />
            <line number="79" hits="1" branch="False" />
            <line number="80" hits="1" branch="True" condition-coverage="50% (2/4)">
              <conditions>
                <condition number="136" type="jump" coverage="50%" />
                <condition number="153" type="jump" coverage="50%" />
              </conditions>
            </line>
            <line number="81" hits="1" branch="False" />
            <line number="84" hits="1" branch="False" />
            <line number="85" hits="1" branch="False" />
            <line number="86" hits="1" branch="False" />
            <line number="89" hits="1" branch="False" />
            <line number="90" hits="1" branch="False" />
            <line number="91" hits="1" branch="False" />
            <line number="92" hits="1" branch="False" />
            <line number="95" hits="1" branch="False" />
            <line number="96" hits="1" branch="False" />
            <line number="97" hits="1" branch="True" condition-coverage="50% (1/2)">
              <conditions>
                <condition number="25" type="jump" coverage="50%" />
              </conditions>
            </line>
            <line number="98" hits="1" branch="False" />
            <line number="99" hits="1" branch="False" />
            <line number="100" hits="1" branch="False" />
            <line number="103" hits="1" branch="False" />
            <line number="104" hits="1" branch="False" />
            <line number="105" hits="1" branch="False" />
            <line number="106" hits="1" branch="False" />
            <line number="11" hits="3" branch="False" />
            <line number="12" hits="3" branch="False" />
            <line number="13" hits="3" branch="False" />
            <line number="16" hits="3" branch="False" />
            <line number="17" hits="3" branch="False" />
            <line number="18" hits="3" branch="False" />
            <line number="19" hits="3" branch="False" />
            <line number="22" hits="3" branch="False" />
            <line number="25" hits="3" branch="True" condition-coverage="100% (2/2)">
              <conditions>
                <condition number="89" type="jump" coverage="100%" />
              </conditions>
            </line>
            <line number="26" hits="3" branch="False" />
            <line number="27" hits="3" branch="False" />
            <line number="28" hits="3" branch="False" />
            <line number="29" hits="3" branch="False" />
            <line number="32" hits="3" branch="False" />
            <line number="33" hits="3" branch="False" />
            <line number="35" hits="3" branch="False" />
            <line number="36" hits="3" branch="False" />
            <line number="37" hits="0" branch="False" />
            <line number="38" hits="0" branch="False" />
            <line number="39" hits="0" branch="False" />
            <line number="40" hits="0" branch="False" />
            <line number="42" hits="3" branch="False" />
          </lines>
        </class>
        <class name="DesktopTaskAid.MainWindow" filename="MainWindow.xaml" line-rate="1" branch-rate="0.5" complexity="2">
          <methods>
            <method name="InitializeComponent" signature="()" line-rate="1" branch-rate="0.5" complexity="2">
              <lines>
                <line number="1" hits="3" branch="True" condition-coverage="50% (1/2)">
                  <conditions>
                    <condition number="9" type="jump" coverage="50%" />
                  </conditions>
                </line>
              </lines>
            </method>
          </methods>
          <lines>
            <line number="1" hits="3" branch="True" condition-coverage="50% (1/2)">
              <conditions>
                <condition number="9" type="jump" coverage="50%" />
              </conditions>
            </line>
          </lines>
        </class>
        <class name="DesktopTaskAid.ViewModels.MainViewModel" filename="ViewModels\MainViewModel.cs" line-rate="0.8791" branch-rate="0.8290000000000001" complexity="278">
          <methods>
            <method name="get_AllTasks" signature="()" line-rate="1" branch-rate="1" complexity="1">
              <lines>
                <line number="35" hits="9146" branch="False" />
              </lines>
            </method>
            <method name="set_AllTasks" signature="(System.Collections.ObjectModel.ObservableCollection`1&lt;DesktopTaskAid.Models.TaskItem&gt;)" line-rate="1" branch-rate="1" complexity="1">
              <lines>
                <line number="36" hits="108" branch="False" />
              </lines>
            </method>
            <method name="get_DisplayedTasks" signature="()" line-rate="1" branch-rate="1" complexity="1">
              <lines>
                <line number="42" hits="864" branch="False" />
              </lines>
            </method>
            <method name="set_DisplayedTasks" signature="(System.Collections.ObjectModel.ObservableCollection`1&lt;DesktopTaskAid.Models.TaskItem&gt;)" line-rate="1" branch-rate="1" complexity="1">
              <lines>
                <line number="43" hits="108" branch="False" />
              </lines>
            </method>
            <method name="get_SearchText" signature="()" line-rate="1" branch-rate="1" complexity="1">
              <lines>
                <line number="49" hits="516" branch="False" />
              </lines>
            </method>
            <method name="set_SearchText" signature="(System.String)" line-rate="1" branch-rate="1" complexity="2">
              <lines>
                <line number="51" hits="118" branch="False" />
                <line number="52" hits="118" branch="True" condition-coverage="100% (2/2)">
                  <conditions>
                    <condition number="21" type="jump" coverage="100%" />
                  </conditions>
                </line>
                <line number="53" hits="118" branch="False" />
                <line number="54" hits="118" branch="False" />
                <line number="55" hits="118" branch="False" />
                <line number="56" hits="118" branch="False" />
              </lines>
            </method>
            <method name="get_CurrentTheme" signature="()" line-rate="1" branch-rate="1" complexity="1">
              <lines>
                <line number="62" hits="227" branch="False" />
              </lines>
            </method>
            <method name="set_CurrentTheme" signature="(System.String)" line-rate="1" branch-rate="1" complexity="1">
              <lines>
                <line number="63" hits="111" branch="False" />
              </lines>
            </method>
            <method name="get_IsDarkTheme" signature="()" line-rate="1" branch-rate="1" complexity="1">
              <lines>
                <line number="69" hits="128" branch="False" />
              </lines>
            </method>
            <method name="set_IsDarkTheme" signature="(System.Boolean)" line-rate="1" branch-rate="1" complexity="1">
              <lines>
                <line number="70" hits="119" branch="False" />
              </lines>
            </method>
            <method name="get_UpcomingTask" signature="()" line-rate="1" branch-rate="1" complexity="1">
              <lines>
                <line number="76" hits="7" branch="False" />
              </lines>
            </method>
            <method name="set_UpcomingTask" signature="(DesktopTaskAid.Models.TaskItem)" line-rate="1" branch-rate="1" complexity="1">
              <lines>
                <line number="77" hits="123" branch="False" />
              </lines>
            </method>
            <method name="get_TimerRemaining" signature="()" line-rate="1" branch-rate="1" complexity="1">
              <lines>
                <line number="83" hits="9" branch="False" />
              </lines>
            </method>
            <method name="set_TimerRemaining" signature="(System.Int32)" line-rate="1" branch-rate="1" complexity="1">
              <lines>
                <line number="84" hits="112" branch="False" />
              </lines>
            </method>
            <method name="get_TimerRunning" signature="()" line-rate="1" branch-rate="1" complexity="1">
              <lines>
                <line number="90" hits="35" branch="False" />
              </lines>
            </method>
            <method name="set_TimerRunning" signature="(System.Boolean)" line-rate="1" branch-rate="1" complexity="2">
              <lines>
                <line number="92" hits="122" branch="False" />
                <line number="93" hits="122" branch="True" condition-coverage="100% (2/2)">
                  <conditions>
                    <condition number="21" type="jump" coverage="100%" />
                  </conditions>
                </line>
                <line number="94" hits="11" branch="False" />
                <line number="95" hits="11" branch="False" />
                <line number="96" hits="11" branch="False" />
                <line number="97" hits="122" branch="False" />
              </lines>
            </method>
            <method name="get_TimerButtonText" signature="()" line-rate="1" branch-rate="1" complexity="2">
              <lines>
                <line number="100" hits="8" branch="True" condition-coverage="100% (2/2)">
                  <conditions>
                    <condition number="6" type="jump" coverage="100%" />
                  </conditions>
                </line>
              </lines>
            </method>
            <method name="get_DoneTodaySeconds" signature="()" line-rate="1" branch-rate="1" complexity="1">
              <lines>
                <line number="105" hits="4" branch="False" />
              </lines>
            </method>
            <method name="set_DoneTodaySeconds" signature="(System.Int32)" line-rate="1" branch-rate="1" complexity="1">
              <lines>
                <line number="106" hits="109" branch="False" />
              </lines>
            </method>
            <method name="get_CurrentMonth" signature="()" line-rate="1" branch-rate="1" complexity="1">
              <lines>
                <line number="112" hits="16098" branch="False" />
              </lines>
            </method>
            <method name="set_CurrentMonth" signature="(System.DateTime)" line-rate="1" branch-rate="1" complexity="2">
              <lines>
                <line number="114" hits="123" branch="False" />
                <line number="115" hits="123" branch="True" condition-coverage="100% (2/2)">
                  <conditions>
                    <condition number="21" type="jump" coverage="100%" />
                  </conditions>
                </line>
                <line number="116" hits="121" branch="False" />
                <line number="117" hits="121" branch="False" />
                <line number="118" hits="121" branch="False" />
                <line number="119" hits="121" branch="False" />
                <line number="120" hits="123" branch="False" />
              </lines>
            </method>
            <method name="get_CurrentMonthDisplay" signature="()" line-rate="1" branch-rate="1" complexity="1">
              <lines>
                <line number="123" hits="9" branch="False" />
              </lines>
            </method>
            <method name="get_SelectedDate" signature="()" line-rate="1" branch-rate="1" complexity="1">
              <lines>
                <line number="128" hits="7823" branch="False" />
              </lines>
            </method>
            <method name="set_SelectedDate" signature="(System.DateTime)" line-rate="1" branch-rate="1" complexity="2">
              <lines>
                <line number="130" hits="119" branch="False" />
                <line number="131" hits="119" branch="True" condition-coverage="100% (2/2)">
                  <conditions>
                    <condition number="21" type="jump" coverage="100%" />
                  </conditions>
                </line>
                <line number="132" hits="117" branch="False" />
                <line number="133" hits="117" branch="False" />
                <line number="134" hits="117" branch="False" />
                <line number="135" hits="119" branch="False" />
              </lines>
            </method>
            <method name="get_CalendarDays" signature="()" line-rate="1" branch-rate="1" complexity="1">
              <lines>
                <line number="141" hits="8599" branch="False" />
              </lines>
            </method>
            <method name="set_CalendarDays" signature="(System.Collections.ObjectModel.ObservableCollection`1&lt;DesktopTaskAid.ViewModels.CalendarDay&gt;)" line-rate="1" branch-rate="1" complexity="1">
              <lines>
                <line number="142" hits="108" branch="False" />
              </lines>
            </method>
            <method name="get_DailyTasks" signature="()" line-rate="1" branch-rate="1" complexity="1">
              <lines>
                <line number="148" hits="379" branch="False" />
              </lines>
            </method>
            <method name="set_DailyTasks" signature="(System.Collections.ObjectModel.ObservableCollection`1&lt;DesktopTaskAid.Models.TaskItem&gt;)" line-rate="1" branch-rate="1" complexity="1">
              <lines>
                <line number="149" hits="108" branch="False" />
              </lines>
            </method>
            <method name="get_SelectedDateDisplay" signature="()" line-rate="1" branch-rate="1" complexity="1">
              <lines>
                <line number="155" hits="5" branch="False" />
              </lines>
            </method>
            <method name="set_SelectedDateDisplay" signature="(System.String)" line-rate="1" branch-rate="1" complexity="1">
              <lines>
                <line number="156" hits="241" branch="False" />
              </lines>
            </method>
            <method name="get_DailyTaskCount" signature="()" line-rate="1" branch-rate="1" complexity="1">
              <lines>
                <line number="162" hits="8" branch="False" />
              </lines>
            </method>
            <method name="set_DailyTaskCount" signature="(System.Int32)" line-rate="1" branch-rate="1" complexity="1">
              <lines>
                <line number="163" hits="241" branch="False" />
              </lines>
            </method>
            <method name="get_CurrentPage" signature="()" line-rate="1" branch-rate="1" complexity="1">
              <lines>
                <line number="169" hits="1047" branch="False" />
              </lines>
            </method>
            <method name="set_CurrentPage" signature="(System.Int32)" line-rate="1" branch-rate="1" complexity="2">
              <lines>
                <line number="171" hits="261" branch="False" />
                <line number="172" hits="261" branch="True" condition-coverage="100% (2/2)">
                  <conditions>
                    <condition number="21" type="jump" coverage="100%" />
                  </conditions>
                </line>
                <line number="173" hits="127" branch="False" />
                <line number="174" hits="127" branch="False" />
                <line number="175" hits="127" branch="False" />
                <line number="176" hits="261" branch="False" />
              </lines>
            </method>
            <method name="get_PageSize" signature="()" line-rate="1" branch-rate="1" complexity="1">
              <lines>
                <line number="182" hits="1529" branch="False" />
              </lines>
            </method>
            <method name="set_PageSize" signature="(System.Int32)" line-rate="1" branch-rate="1" complexity="2">
              <lines>
                <line number="184" hits="133" branch="False" />
                <line number="185" hits="133" branch="True" condition-coverage="100% (2/2)">
                  <conditions>
                    <condition number="21" type="jump" coverage="100%" />
                  </conditions>
                </line>
                <line number="186" hits="127" branch="False" />
                <line number="187" hits="127" branch="False" />
                <line number="188" hits="127" branch="False" />
                <line number="189" hits="127" branch="False" />
                <line number="190" hits="133" branch="False" />
              </lines>
            </method>
            <method name="get_PaginationText" signature="()" line-rate="1" branch-rate="1" complexity="1">
              <lines>
                <line number="196" hits="10" branch="False" />
              </lines>
            </method>
            <method name="set_PaginationText" signature="(System.String)" line-rate="1" branch-rate="1" complexity="1">
              <lines>
                <line number="197" hits="494" branch="False" />
              </lines>
            </method>
            <method name="get_EditingTask" signature="()" line-rate="1" branch-rate="1" complexity="1">
              <lines>
                <line number="203" hits="126" branch="False" />
              </lines>
            </method>
            <method name="set_EditingTask" signature="(DesktopTaskAid.Models.TaskItem)" line-rate="1" branch-rate="1" complexity="1">
              <lines>
                <line number="204" hits="30" branch="False" />
              </lines>
            </method>
            <method name="get_IsModalOpen" signature="()" line-rate="1" branch-rate="1" complexity="1">
              <lines>
                <line number="210" hits="17" branch="False" />
              </lines>
            </method>
            <method name="set_IsModalOpen" signature="(System.Boolean)" line-rate="1" branch-rate="1" complexity="1">
              <lines>
                <line number="211" hits="31" branch="False" />
              </lines>
            </method>
            <method name="get_ModalTitle" signature="()" line-rate="1" branch-rate="1" complexity="1">
              <lines>
                <line number="217" hits="6" branch="False" />
              </lines>
            </method>
            <method name="set_ModalTitle" signature="(System.String)" line-rate="1" branch-rate="1" complexity="1">
              <lines>
                <line number="218" hits="18" branch="False" />
              </lines>
            </method>
            <method name="get_ImportStatusMessage" signature="()" line-rate="1" branch-rate="1" complexity="1">
              <lines>
                <line number="224" hits="13" branch="False" />
              </lines>
            </method>
            <method name="set_ImportStatusMessage" signature="(System.String)" line-rate="1" branch-rate="1" complexity="1">
              <lines>
                <line number="225" hits="116" branch="False" />
              </lines>
            </method>
            <method name="get_IsImportRunning" signature="()" line-rate="1" branch-rate="1" complexity="1">
              <lines>
                <line number="231" hits="17" branch="False" />
              </lines>
            </method>
            <method name="set_IsImportRunning" signature="(System.Boolean)" line-rate="1" branch-rate="0.6666" complexity="6">
              <lines>
                <line number="233" hits="1" branch="False" />
                <line number="234" hits="1" branch="True" condition-coverage="100% (2/2)">
                  <conditions>
                    <condition number="21" type="jump" coverage="100%" />
                  </conditions>
                </line>
                <line number="235" hits="1" branch="False" />
                <line number="236" hits="1" branch="True" condition-coverage="50% (1/2)">
                  <conditions>
                    <condition number="31" type="jump" coverage="50%" />
                  </conditions>
                </line>
                <line number="237" hits="1" branch="True" condition-coverage="50% (1/2)">
                  <conditions>
                    <condition number="49" type="jump" coverage="50%" />
                  </conditions>
                </line>
                <line number="238" hits="1" branch="False" />
                <line number="239" hits="1" branch="False" />
              </lines>
            </method>
            <method name="get_HasValidCredentials" signature="()" line-rate="0" branch-rate="1" complexity="1">
              <lines>
                <line number="245" hits="0" branch="False" />
              </lines>
            </method>
            <method name="set_HasValidCredentials" signature="(System.Boolean)" line-rate="1" branch-rate="0.75" complexity="4">
              <lines>
                <line number="247" hits="109" branch="False" />
                <line number="248" hits="109" branch="True" condition-coverage="100% (2/2)">
                  <conditions>
                    <condition number="21" type="jump" coverage="100%" />
                  </conditions>
                </line>
                <line number="249" hits="108" branch="False" />
                <line number="250" hits="108" branch="True" condition-coverage="50% (1/2)">
                  <conditions>
                    <condition number="31" type="jump" coverage="50%" />
                  </conditions>
                </line>
                <line number="251" hits="108" branch="False" />
                <line number="252" hits="109" branch="False" />
              </lines>
            </method>
            <method name="get_IsCalendarImportModalOpen" signature="()" line-rate="1" branch-rate="1" complexity="1">
              <lines>
                <line number="258" hits="15" branch="False" />
              </lines>
            </method>
            <method name="set_IsCalendarImportModalOpen" signature="(System.Boolean)" line-rate="1" branch-rate="1" complexity="1">
              <lines>
                <line number="259" hits="9" branch="False" />
              </lines>
            </method>
            <method name="get_ToggleThemeCommand" signature="()" line-rate="1" branch-rate="1" complexity="1">
              <lines>
                <line number="266" hits="7" branch="False" />
              </lines>
            </method>
            <method name="get_ToggleTimerCommand" signature="()" line-rate="1" branch-rate="1" complexity="1">
              <lines>
                <line number="267" hits="13" branch="False" />
              </lines>
            </method>
            <method name="get_ResetTimerCommand" signature="()" line-rate="1" branch-rate="1" complexity="1">
              <lines>
                <line number="268" hits="7" branch="False" />
              </lines>
            </method>
            <method name="get_PreviousMonthCommand" signature="()" line-rate="1" branch-rate="1" complexity="1">
              <lines>
                <line number="269" hits="8" branch="False" />
              </lines>
            </method>
            <method name="get_NextMonthCommand" signature="()" line-rate="1" branch-rate="1" complexity="1">
              <lines>
                <line number="270" hits="8" branch="False" />
              </lines>
            </method>
            <method name="get_SelectDateCommand" signature="()" line-rate="1" branch-rate="1" complexity="1">
              <lines>
                <line number="271" hits="5" branch="False" />
              </lines>
            </method>
            <method name="get_AddTaskCommand" signature="()" line-rate="1" branch-rate="1" complexity="1">
              <lines>
                <line number="272" hits="19" branch="False" />
              </lines>
            </method>
            <method name="get_EditTaskCommand" signature="()" line-rate="1" branch-rate="1" complexity="1">
              <lines>
                <line number="273" hits="6" branch="False" />
              </lines>
            </method>
            <method name="get_DeleteTaskCommand" signature="()" line-rate="1" branch-rate="1" complexity="1">
              <lines>
                <line number="274" hits="4" branch="False" />
              </lines>
            </method>
            <method name="get_SaveTaskCommand" signature="()" line-rate="1" branch-rate="1" complexity="1">
              <lines>
                <line number="275" hits="18" branch="False" />
              </lines>
            </method>
            <method name="get_CloseModalCommand" signature="()" line-rate="1" branch-rate="1" complexity="1">
              <lines>
                <line number="276" hits="10" branch="False" />
              </lines>
            </method>
            <method name="get_PreviousPageCommand" signature="()" line-rate="1" branch-rate="1" complexity="1">
              <lines>
                <line number="277" hits="10" branch="False" />
              </lines>
            </method>
            <method name="get_NextPageCommand" signature="()" line-rate="1" branch-rate="1" complexity="1">
              <lines>
                <line number="278" hits="11" branch="False" />
              </lines>
            </method>
            <method name="get_ImportNextMonthCommand" signature="()" line-rate="1" branch-rate="1" complexity="1">
              <lines>
                <line number="279" hits="10" branch="False" />
              </lines>
            </method>
            <method name="get_CreateGoogleAccountCommand" signature="()" line-rate="1" branch-rate="1" complexity="1">
              <lines>
                <line number="280" hits="2" branch="False" />
              </lines>
            </method>
            <method name="get_OpenCalendarImportModalCommand" signature="()" line-rate="1" branch-rate="1" complexity="1">
              <lines>
                <line number="281" hits="9" branch="False" />
              </lines>
            </method>
            <method name="get_CloseCalendarImportModalCommand" signature="()" line-rate="1" branch-rate="1" complexity="1">
              <lines>
                <line number="282" hits="8" branch="False" />
              </lines>
            </method>
            <method name="ToggleTheme" signature="()" line-rate="0.5555" branch-rate="0.75" complexity="8">
              <lines>
                <line number="390" hits="2" branch="False" />
                <line number="391" hits="2" branch="False" />
                <line number="392" hits="2" branch="True" condition-coverage="50% (1/2)">
                  <conditions>
                    <condition number="24" type="jump" coverage="50%" />
                  </conditions>
                </line>
                <line number="393" hits="2" branch="False" />
                <line number="394" hits="2" branch="False" />
                <line number="398" hits="2" branch="False" />
                <line number="399" hits="2" branch="True" condition-coverage="100% (2/2)">
                  <conditions>
                    <condition number="85" type="jump" coverage="100%" />
                  </conditions>
                </line>
                <line number="400" hits="2" branch="False" />
                <line number="401" hits="2" branch="False" />
                <line number="402" hits="2" branch="False" />
                <line number="405" hits="2" branch="True" condition-coverage="50% (1/2)">
                  <conditions>
                    <condition number="160" type="jump" coverage="50%" />
                  </conditions>
                </line>
                <line number="406" hits="0" branch="False" />
                <line number="407" hits="0" branch="False" />
                <line number="408" hits="0" branch="False" />
                <line number="409" hits="0" branch="False" />
                <line number="410" hits="0" branch="False" />
                <line number="411" hits="0" branch="False" />
                <line number="412" hits="0" branch="False" />
                <line number="413" hits="0" branch="False" />
                <line number="414" hits="2" branch="False" />
                <line number="415" hits="2" branch="False" />
                <line number="416" hits="0" branch="False" />
                <line number="417" hits="0" branch="False" />
                <line number="419" hits="0" branch="False" />
                <line number="420" hits="0" branch="False" />
                <line number="423" hits="2" branch="True" condition-coverage="100% (2/2)">
                  <conditions>
                    <condition number="274" type="jump" coverage="100%" />
                  </conditions>
                </line>
                <line number="424" hits="2" branch="False" />
              </lines>
            </method>
            <method name="IsRunningUnderUnitTest" signature="()" line-rate="0.8887999999999999" branch-rate="0.7" complexity="10">
              <lines>
                <line number="428" hits="2" branch="False" />
                <line number="430" hits="2" branch="False" />
                <line number="431" hits="2" branch="False" />
                <line number="432" hits="2" branch="False" />
                <line number="433" hits="6" branch="True" condition-coverage="70% (7/10)">
                  <conditions>
                    <condition number="7" type="jump" coverage="50%" />
                    <condition number="25" type="jump" coverage="100%" />
                    <condition number="34" type="jump" coverage="50%" />
                    <condition number="52" type="jump" coverage="100%" />
                    <condition number="61" type="jump" coverage="50%" />
                  </conditions>
                </line>
                <line number="434" hits="6" branch="False" />
                <line number="435" hits="6" branch="False" />
                <line number="437" hits="0" branch="False" />
                <line number="438" hits="2" branch="False" />
              </lines>
            </method>
            <method name="ToggleTimer" signature="()" line-rate="1" branch-rate="1" complexity="2">
              <lines>
                <line number="441" hits="5" branch="False" />
                <line number="442" hits="5" branch="False" />
                <line number="444" hits="5" branch="True" condition-coverage="100% (2/2)">
                  <conditions>
                    <condition number="25" type="jump" coverage="100%" />
                  </conditions>
                </line>
                <line number="445" hits="3" branch="False" />
                <line number="446" hits="3" branch="False" />
                <line number="447" hits="3" branch="False" />
                <line number="449" hits="2" branch="False" />
                <line number="450" hits="2" branch="False" />
                <line number="451" hits="2" branch="False" />
                <line number="453" hits="5" branch="False" />
                <line number="454" hits="5" branch="False" />
                <line number="455" hits="5" branch="False" />
              </lines>
            </method>
            <method name="ResetTimer" signature="()" line-rate="1" branch-rate="1" complexity="1">
              <lines>
                <line number="458" hits="2" branch="False" />
                <line number="459" hits="2" branch="False" />
                <line number="460" hits="2" branch="False" />
                <line number="461" hits="2" branch="False" />
                <line number="462" hits="2" branch="False" />
                <line number="463" hits="2" branch="False" />
                <line number="464" hits="2" branch="False" />
                <line number="465" hits="2" branch="False" />
              </lines>
            </method>
            <method name="TimerTick" signature="(System.Object,System.EventArgs)" line-rate="0" branch-rate="0" complexity="2">
              <lines>
                <line number="468" hits="0" branch="False" />
                <line number="469" hits="0" branch="True" condition-coverage="0% (0/2)">
                  <conditions>
                    <condition number="12" type="jump" coverage="0%" />
                  </conditions>
                </line>
                <line number="470" hits="0" branch="False" />
                <line number="471" hits="0" branch="False" />
                <line number="472" hits="0" branch="False" />
                <line number="473" hits="0" branch="False" />
                <line number="475" hits="0" branch="False" />
                <line number="477" hits="0" branch="False" />
                <line number="478" hits="0" branch="False" />
                <line number="479" hits="0" branch="False" />
                <line number="480" hits="0" branch="False" />
                <line number="481" hits="0" branch="False" />
                <line number="482" hits="0" branch="False" />
                <line number="483" hits="0" branch="False" />
                <line number="485" hits="0" branch="False" />
                <line number="486" hits="0" branch="False" />
                <line number="488" hits="0" branch="False" />
                <line number="489" hits="0" branch="False" />
              </lines>
            </method>
            <method name="ChangeMonth" signature="(System.Int32)" line-rate="1" branch-rate="1" complexity="1">
              <lines>
                <line number="492" hits="6" branch="False" />
                <line number="493" hits="6" branch="False" />
                <line number="494" hits="6" branch="False" />
                <line number="495" hits="6" branch="False" />
                <line number="496" hits="6" branch="False" />
              </lines>
            </method>
            <method name="SelectDate" signature="(System.Object)" line-rate="1" branch-rate="1" complexity="4">
              <lines>
                <line number="499" hits="4" branch="False" />
                <line number="500" hits="4" branch="True" condition-coverage="100% (4/4)">
                  <conditions>
                    <condition number="7" type="jump" coverage="100%" />
                    <condition number="22" type="jump" coverage="100%" />
                  </conditions>
                </line>
                <line number="501" hits="3" branch="False" />
                <line number="502" hits="3" branch="False" />
                <line number="503" hits="3" branch="False" />
                <line number="504" hits="3" branch="False" />
                <line number="505" hits="3" branch="False" />
                <line number="506" hits="4" branch="False" />
              </lines>
            </method>
            <method name="GenerateCalendarDays" signature="()" line-rate="1" branch-rate="1" complexity="8">
              <lines>
                <line number="509" hits="242" branch="False" />
                <line number="510" hits="242" branch="False" />
                <line number="512" hits="242" branch="False" />
                <line number="513" hits="242" branch="False" />
                <line number="514" hits="242" branch="False" />
                <line number="517" hits="1962" branch="True" condition-coverage="100% (2/2)">
                  <conditions>
                    <condition number="138" type="jump" coverage="100%" />
                  </conditions>
                </line>
                <line number="518" hits="739" branch="False" />
                <line number="519" hits="739" branch="False" />
                <line number="520" hits="739" branch="False" />
                <line number="523" hits="15472" branch="True" condition-coverage="100% (2/2)">
                  <conditions>
                    <condition number="375" type="jump" coverage="100%" />
                  </conditions>
                </line>
                <line number="524" hits="7494" branch="False" />
                <line number="525" hits="7494" branch="False" />
                <line number="526" hits="7988" branch="True" condition-coverage="100% (4/4)">
                  <conditions>
                    <condition number="15" type="jump" coverage="100%" />
                    <condition number="68" type="jump" coverage="100%" />
                  </conditions>
                </line>
                <line number="527" hits="7494" branch="False" />
                <line number="528" hits="7494" branch="False" />
                <line number="530" hits="7494" branch="False" />
                <line number="531" hits="7494" branch="False" />
                <line number="532" hits="7494" branch="False" />
                <line number="533" hits="7494" branch="False" />
                <line number="534" hits="7494" branch="False" />
                <line number="535" hits="7494" branch="False" />
                <line number="536" hits="7494" branch="False" />
                <line number="537" hits="7494" branch="False" />
                <line number="538" hits="7494" branch="False" />
                <line number="539" hits="7494" branch="False" />
                <line number="540" hits="242" branch="False" />
              </lines>
            </method>
            <method name="RefreshDailyTasks" signature="()" line-rate="1" branch-rate="1" complexity="4">
              <lines>
                <line number="543" hits="240" branch="False" />
                <line number="544" hits="240" branch="False" />
                <line number="546" hits="240" branch="False" />
                <line number="547" hits="40" branch="False" />
                <line number="548" hits="27" branch="True" condition-coverage="100% (2/2)">
                  <conditions>
                    <condition number="14" type="jump" coverage="100%" />
                  </conditions>
                </line>
                <line number="549" hits="240" branch="False" />
                <line number="550" hits="240" branch="False" />
                <line number="552" hits="762" branch="True" condition-coverage="100% (2/2)">
                  <conditions>
                    <condition number="124" type="jump" coverage="100%" />
                  </conditions>
                </line>
                <line number="553" hits="21" branch="False" />
                <line number="554" hits="21" branch="False" />
                <line number="555" hits="21" branch="False" />
                <line number="557" hits="280" branch="False" />
                <line number="558" hits="240" branch="False" />
                <line number="559" hits="240" branch="False" />
              </lines>
            </method>
            <method name="RefreshUpcomingTask" signature="()" line-rate="1" branch-rate="1" complexity="2">
              <lines>
                <line number="562" hits="122" branch="False" />
                <line number="563" hits="122" branch="False" />
                <line number="564" hits="122" branch="False" />
                <line number="565" hits="16" branch="False" />
                <line number="566" hits="15" branch="False" />
                <line number="567" hits="122" branch="False" />
                <line number="569" hits="136" branch="True" condition-coverage="100% (2/2)">
                  <conditions>
                    <condition number="122" type="jump" coverage="100%" />
                  </conditions>
                </line>
                <line number="570" hits="122" branch="False" />
                <line number="571" hits="122" branch="False" />
              </lines>
            </method>
            <method name="RefreshDisplayedTasks" signature="()" line-rate="1" branch-rate="0.9285" complexity="14">
              <lines>
                <line number="574" hits="493" branch="False" />
                <line number="575" hits="493" branch="False" />
                <line number="578" hits="493" branch="True" condition-coverage="100% (2/2)">
                  <conditions>
                    <condition number="31" type="jump" coverage="100%" />
                  </conditions>
                </line>
                <line number="579" hits="11" branch="False" />
                <line number="580" hits="11" branch="False" />
                <line number="581" hits="11" branch="False" />
                <line number="582" hits="77" branch="True" condition-coverage="75% (3/4)">
                  <conditions>
                    <condition number="22" type="jump" coverage="100%" />
                    <condition number="31" type="jump" coverage="50%" />
                  </conditions>
                </line>
                <line number="583" hits="77" branch="False" />
                <line number="584" hits="11" branch="False" />
                <line number="585" hits="11" branch="False" />
                <line number="587" hits="493" branch="False" />
                <line number="588" hits="661" branch="True" condition-coverage="100% (2/2)">
                  <conditions>
                    <condition number="14" type="jump" coverage="100%" />
                  </conditions>
                </line>
                <line number="589" hits="493" branch="False" />
                <line number="591" hits="493" branch="False" />
                <line number="592" hits="493" branch="False" />
                <line number="595" hits="493" branch="True" condition-coverage="100% (2/2)">
                  <conditions>
                    <condition number="166" type="jump" coverage="100%" />
                  </conditions>
                </line>
                <line number="596" hits="2" branch="False" />
                <line number="597" hits="2" branch="False" />
                <line number="598" hits="2" branch="False" />
                <line number="600" hits="493" branch="False" />
                <line number="601" hits="493" branch="False" />
                <line number="603" hits="493" branch="False" />
                <line number="604" hits="1971" branch="True" condition-coverage="100% (2/2)">
                  <conditions>
                    <condition number="277" type="jump" coverage="100%" />
                  </conditions>
                </line>
                <line number="605" hits="246" branch="False" />
                <line number="606" hits="246" branch="False" />
                <line number="607" hits="246" branch="False" />
                <line number="609" hits="493" branch="True" condition-coverage="100% (2/2)">
                  <conditions>
                    <condition number="297" type="jump" coverage="100%" />
                  </conditions>
                </line>
                <line number="610" hits="493" branch="False" />
                <line number="611" hits="493" branch="False" />
                <line number="612" hits="493" branch="False" />
              </lines>
            </method>
            <method name="CanGoNextPage" signature="()" line-rate="0.5" branch-rate="0.1666" complexity="6">
              <lines>
                <line number="615" hits="8" branch="False" />
                <line number="616" hits="8" branch="False" />
                <line number="617" hits="8" branch="True" condition-coverage="50% (1/2)">
                  <conditions>
                    <condition number="29" type="jump" coverage="50%" />
                  </conditions>
                </line>
                <line number="618" hits="0" branch="False" />
                <line number="619" hits="0" branch="False" />
                <line number="620" hits="0" branch="False" />
                <line number="621" hits="0" branch="True" condition-coverage="0% (0/4)">
                  <conditions>
                    <condition number="22" type="jump" coverage="0%" />
                    <condition number="31" type="jump" coverage="0%" />
                  </conditions>
                </line>
                <line number="622" hits="0" branch="False" />
                <line number="623" hits="0" branch="False" />
                <line number="624" hits="0" branch="False" />
                <line number="625" hits="8" branch="False" />
                <line number="626" hits="8" branch="False" />
                <line number="627" hits="8" branch="False" />
                <line number="628" hits="8" branch="False" />
              </lines>
            </method>
            <method name="ChangePage" signature="(System.Int32)" line-rate="1" branch-rate="1" complexity="1">
              <lines>
                <line number="631" hits="4" branch="False" />
                <line number="632" hits="4" branch="False" />
                <line number="633" hits="4" branch="False" />
              </lines>
            </method>
            <method name="OpenAddTaskModal" signature="()" line-rate="1" branch-rate="1" complexity="1">
              <lines>
                <line number="636" hits="14" branch="False" />
                <line number="637" hits="14" branch="False" />
                <line number="638" hits="14" branch="False" />
                <line number="639" hits="14" branch="False" />
                <line number="640" hits="14" branch="False" />
                <line number="641" hits="14" branch="False" />
                <line number="642" hits="14" branch="False" />
                <line number="643" hits="14" branch="False" />
                <line number="644" hits="14" branch="False" />
                <line number="645" hits="14" branch="False" />
              </lines>
            </method>
            <method name="OpenEditTaskModal" signature="(DesktopTaskAid.Models.TaskItem)" line-rate="1" branch-rate="1" complexity="2">
              <lines>
                <line number="648" hits="5" branch="False" />
                <line number="649" hits="7" branch="True" condition-coverage="100% (2/2)">
                  <conditions>
                    <condition number="7" type="jump" coverage="100%" />
                  </conditions>
                </line>
                <line number="651" hits="3" branch="False" />
                <line number="652" hits="3" branch="False" />
                <line number="653" hits="3" branch="False" />
                <line number="654" hits="3" branch="False" />
                <line number="655" hits="3" branch="False" />
                <line number="656" hits="3" branch="False" />
                <line number="657" hits="3" branch="False" />
                <line number="658" hits="3" branch="False" />
                <line number="659" hits="3" branch="False" />
                <line number="660" hits="3" branch="False" />
                <line number="661" hits="3" branch="False" />
                <line number="662" hits="3" branch="False" />
                <line number="663" hits="3" branch="False" />
                <line number="664" hits="5" branch="False" />
              </lines>
            </method>
            <method name="SaveTask" signature="()" line-rate="1" branch-rate="0.9" complexity="10">
              <lines>
                <line number="667" hits="13" branch="False" />
                <line number="668" hits="13" branch="True" condition-coverage="75% (3/4)">
                  <conditions>
                    <condition number="7" type="jump" coverage="50%" />
                    <condition number="30" type="jump" coverage="100%" />
                  </conditions>
                </line>
                <line number="669" hits="3" branch="False" />
                <line number="670" hits="3" branch="False" />
                <line number="671" hits="3" branch="False" />
                <line number="675" hits="10" branch="True" condition-coverage="100% (2/2)">
                  <conditions>
                    <condition number="80" type="jump" coverage="100%" />
                  </conditions>
                </line>
                <line number="676" hits="6" branch="False" />
                <line number="677" hits="6" branch="False" />
                <line number="678" hits="6" branch="False" />
                <line number="679" hits="4" branch="True" condition-coverage="100% (2/2)">
                  <conditions>
                    <condition number="133" type="jump" coverage="100%" />
                  </conditions>
                </line>
                <line number="680" hits="2" branch="False" />
                <line number="681" hits="2" branch="False" />
                <line number="682" hits="2" branch="False" />
                <line number="684" hits="2" branch="False" />
                <line number="685" hits="2" branch="False" />
                <line number="686" hits="2" branch="False" />
                <line number="688" hits="12" branch="False" />
                <line number="690" hits="10" branch="True" condition-coverage="100% (2/2)">
                  <conditions>
                    <condition number="207" type="jump" coverage="100%" />
                  </conditions>
                </line>
                <line number="691" hits="2" branch="False" />
                <line number="693" hits="2" branch="False" />
                <line number="694" hits="2" branch="False" />
                <line number="695" hits="2" branch="False" />
                <line number="696" hits="2" branch="False" />
                <line number="697" hits="2" branch="False" />
                <line number="698" hits="2" branch="False" />
                <line number="700" hits="8" branch="False" />
                <line number="702" hits="8" branch="False" />
                <line number="703" hits="8" branch="False" />
                <line number="705" hits="10" branch="False" />
                <line number="706" hits="10" branch="False" />
                <line number="708" hits="10" branch="False" />
                <line number="709" hits="10" branch="False" />
                <line number="710" hits="10" branch="False" />
                <line number="711" hits="10" branch="False" />
                <line number="713" hits="10" branch="False" />
                <line number="714" hits="13" branch="False" />
              </lines>
            </method>
            <method name="GetReminderLabelForActive" signature="(DesktopTaskAid.Models.TaskItem)" line-rate="1" branch-rate="1" complexity="6">
              <lines>
                <line number="717" hits="7" branch="False" />
                <line number="718" hits="7" branch="True" condition-coverage="100% (4/4)">
                  <conditions>
                    <condition number="15" type="jump" coverage="100%" />
                    <condition number="36" type="jump" coverage="100%" />
                  </conditions>
                </line>
                <line number="719" hits="6" branch="False" />
                <line number="720" hits="6" branch="False" />
                <line number="721" hits="6" branch="False" />
                <line number="722" hits="6" branch="False" />
                <line number="723" hits="6" branch="True" condition-coverage="100% (2/2)">
                  <conditions>
                    <condition number="166" type="jump" coverage="100%" />
                  </conditions>
                </line>
                <line number="724" hits="6" branch="False" />
                <line number="726" hits="1" branch="False" />
                <line number="727" hits="7" branch="False" />
              </lines>
            </method>
            <method name="DeleteTask" signature="(DesktopTaskAid.Models.TaskItem)" line-rate="0.1578" branch-rate="0.5" complexity="4">
              <lines>
                <line number="730" hits="3" branch="False" />
                <line number="731" hits="6" branch="True" condition-coverage="50% (1/2)">
                  <conditions>
                    <condition number="7" type="jump" coverage="50%" />
                  </conditions>
                </line>
                <line number="733" hits="0" branch="False" />
                <line number="734" hits="0" branch="False" />
                <line number="735" hits="0" branch="False" />
                <line number="736" hits="0" branch="False" />
                <line number="737" hits="0" branch="False" />
                <line number="738" hits="0" branch="False" />
                <line number="740" hits="0" branch="True" condition-coverage="50% (1/2)">
                  <conditions>
                    <condition number="52" type="jump" coverage="50%" />
                  </conditions>
                </line>
                <line number="741" hits="0" branch="False" />
                <line number="742" hits="0" branch="False" />
                <line number="743" hits="0" branch="False" />
                <line number="744" hits="0" branch="False" />
                <line number="746" hits="0" branch="False" />
                <line number="747" hits="0" branch="False" />
                <line number="748" hits="0" branch="False" />
                <line number="749" hits="0" branch="False" />
                <line number="750" hits="0" branch="False" />
                <line number="751" hits="3" branch="False" />
              </lines>
            </method>
            <method name="CloseModal" signature="()" line-rate="1" branch-rate="1" complexity="1">
              <lines>
                <line number="754" hits="12" branch="False" />
                <line number="755" hits="12" branch="False" />
                <line number="756" hits="12" branch="False" />
                <line number="757" hits="12" branch="False" />
              </lines>
            </method>
            <method name="CalendarImportServiceOnCredentialsChanged" signature="(System.Object,System.EventArgs)" line-rate="0" branch-rate="0" complexity="4">
              <lines>
                <line number="760" hits="0" branch="False" />
                <line number="761" hits="0" branch="True" condition-coverage="0% (0/4)">
                  <conditions>
                    <condition number="7" type="jump" coverage="0%" />
                    <condition number="19" type="jump" coverage="0%" />
                  </conditions>
                </line>
                <line number="762" hits="0" branch="False" />
                <line number="763" hits="0" branch="False" />
              </lines>
            </method>
            <method name="ApplyCredentialState" signature="(DesktopTaskAid.Services.CredentialState)" line-rate="0.7142000000000001" branch-rate="0.5" complexity="2">
              <lines>
                <line number="766" hits="109" branch="False" />
                <line number="767" hits="109" branch="True" condition-coverage="50% (1/2)">
                  <conditions>
                    <condition number="7" type="jump" coverage="50%" />
                  </conditions>
                </line>
                <line number="768" hits="0" branch="False" />
                <line number="769" hits="0" branch="False" />
                <line number="772" hits="109" branch="False" />
                <line number="773" hits="109" branch="False" />
                <line number="774" hits="109" branch="False" />
              </lines>
            </method>
            <method name="OpenCalendarImportModal" signature="()" line-rate="0.6666" branch-rate="0.5" complexity="2">
              <lines>
                <line number="811" hits="5" branch="False" />
                <line number="812" hits="5" branch="True" condition-coverage="50% (1/2)">
                  <conditions>
                    <condition number="9" type="jump" coverage="50%" />
                  </conditions>
                </line>
                <line number="813" hits="0" branch="False" />
                <line number="814" hits="0" branch="False" />
                <line number="817" hits="5" branch="False" />
                <line number="818" hits="5" branch="False" />
              </lines>
            </method>
            <method name="CloseCalendarImportModal" signature="()" line-rate="1" branch-rate="1" complexity="1">
              <lines>
                <line number="821" hits="3" branch="False" />
                <line number="822" hits="3" branch="False" />
                <line number="823" hits="3" branch="False" />
              </lines>
            </method>
            <method name="HandleImportResultAsync" signature="(DesktopTaskAid.Services.CalendarImportResult)" line-rate="0.8332999999999999" branch-rate="0.7272" complexity="11">
              <lines>
                <line number="866" hits="6" branch="False" />
                <line number="867" hits="6" branch="True" condition-coverage="100% (2/2)">
                  <conditions>
                    <condition number="7" type="jump" coverage="100%" />
                  </conditions>
                </line>
                <line number="868" hits="1" branch="False" />
                <line number="869" hits="1" branch="False" />
                <line number="870" hits="1" branch="False" />
                <line number="873" hits="5" branch="True" condition-coverage="85.71% (6/7)">
                  <conditions>
                    <condition number="45" type="switch" coverage="85.71%" />
                  </conditions>
                </line>
                <line number="876" hits="1" branch="False" />
                <line number="877" hits="1" branch="False" />
                <line number="878" hits="1" branch="False" />
                <line number="880" hits="1" branch="False" />
                <line number="881" hits="1" branch="False" />
                <line number="883" hits="1" branch="False" />
                <line number="884" hits="1" branch="False" />
                <line number="886" hits="1" branch="False" />
                <line number="887" hits="1" branch="False" />
                <line number="890" hits="1" branch="False" />
[...]
              </lines>
            </method>
            <method name="ConvertBack" signature="(System.Object,System.Type,System.Object,System.Globalization.CultureInfo)" line-rate="0.8332999999999999" branch-rate="0.5" complexity="4">
              <lines>
                <line number="20" hits="2" branch="False" />
                <line number="21" hits="2" branch="True" condition-coverage="50% (2/4)">
                  <conditions>
                    <condition number="7" type="jump" coverage="50%" />
                    <condition number="22" type="jump" coverage="50%" />
                  </conditions>
                </line>
                <line number="22" hits="2" branch="False" />
                <line number="23" hits="2" branch="False" />
                <line number="25" hits="0" branch="False" />
                <line number="26" hits="2" branch="False" />
              </lines>
            </method>
          </methods>
          <lines>
            <line number="11" hits="2" branch="False" />
            <line number="12" hits="2" branch="True" condition-coverage="50% (2/4)">
              <conditions>
                <condition number="7" type="jump" coverage="50%" />
                <condition number="22" type="jump" coverage="50%" />
              </conditions>
            </line>
            <line number="13" hits="2" branch="False" />
            <line number="14" hits="2" branch="True" condition-coverage="100% (2/2)">
              <conditions>
                <condition number="26" type="jump" coverage="100%" />
              </conditions>
            </line>
            <line number="16" hits="0" branch="False" />
            <line number="17" hits="2" branch="False" />
            <line number="20" hits="2" branch="False" />
            <line number="21" hits="2" branch="True" condition-coverage="50% (2/4)">
              <conditions>
                <condition number="7" type="jump" coverage="50%" />
                <condition number="22" type="jump" coverage="50%" />
              </conditions>
            </line>
            <line number="22" hits="2" branch="False" />
            <line number="23" hits="2" branch="False" />
            <line number="25" hits="0" branch="False" />
            <line number="26" hits="2" branch="False" />
          </lines>
        </class>
        <class name="DesktopTaskAid.Converters.ReminderStatusToBrushConverter" filename="Converters\ReminderStatusToBrushConverter.cs" line-rate="0.5882000000000001" branch-rate="1" complexity="9">
          <methods>
            <method name="Convert" signature="(System.Object,System.Type,System.Object,System.Globalization.CultureInfo)" line-rate="0.7142000000000001" branch-rate="1" complexity="8">
              <lines>
                <line number="12" hits="4" branch="False" />
                <line number="14" hits="4" branch="False" />
                <line number="15" hits="4" branch="True" condition-coverage="100% (2/2)">
                  <conditions>
                    <condition number="15" type="jump" coverage="100%" />
                  </conditions>
                </line>
                <line number="16" hits="3" branch="False" />
                <line number="17" hits="3" branch="True" condition-coverage="100% (6/6)">
                  <conditions>
                    <condition number="41" type="jump" coverage="100%" />
                    <condition number="54" type="jump" coverage="100%" />
                    <condition number="67" type="jump" coverage="100%" />
                  </conditions>
                </line>
                <line number="20" hits="1" branch="False" />
                <line number="22" hits="1" branch="False" />
                <line number="25" hits="1" branch="False" />
                <line number="28" hits="1" branch="False" />
                <line number="30" hits="0" branch="False" />
                <line number="31" hits="0" branch="False" />
                <line number="32" hits="0" branch="False" />
                <line number="33" hits="0" branch="False" />
                <line number="35" hits="4" branch="False" />
              </lines>
            </method>
            <method name="ConvertBack" signature="(System.Object,System.Type,System.Object,System.Globalization.CultureInfo)" line-rate="0" branch-rate="1" complexity="1">
              <lines>
                <line number="38" hits="0" branch="False" />
                <line number="39" hits="0" branch="False" />
                <line number="40" hits="0" branch="False" />
              </lines>
            </method>
          </methods>
          <lines>
            <line number="12" hits="4" branch="False" />
            <line number="14" hits="4" branch="False" />
            <line number="15" hits="4" branch="True" condition-coverage="100% (2/2)">
              <conditions>
                <condition number="15" type="jump" coverage="100%" />
              </conditions>
            </line>
            <line number="16" hits="3" branch="False" />
            <line number="17" hits="3" branch="True" condition-coverage="100% (6/6)">
              <conditions>
                <condition number="41" type="jump" coverage="100%" />
                <condition number="54" type="jump" coverage="100%" />
                <condition number="67" type="jump" coverage="100%" />
              </conditions>
            </line>
            <line number="20" hits="1" branch="False" />
            <line number="22" hits="1" branch="False" />
            <line number="25" hits="1" branch="False" />
            <line number="28" hits="1" branch="False" />
            <line number="30" hits="0" branch="False" />
            <line number="31" hits="0" branch="False" />
            <line number="32" hits="0" branch="False" />
            <line number="33" hits="0" branch="False" />
            <line number="35" hits="4" branch="False" />
            <line number="38" hits="0" branch="False" />
            <line number="39" hits="0" branch="False" />
            <line number="40" hits="0" branch="False" />
          </lines>
        </class>
        <class name="DesktopTaskAid.Converters.ReminderStatusToTextColorConverter" filename="Converters\ReminderStatusToTextColorConverter.cs" line-rate="0.75" branch-rate="1" complexity="9">
          <methods>
            <method name="Convert" signature="(System.Object,System.Type,System.Object,System.Globalization.CultureInfo)" line-rate="1" branch-rate="1" complexity="8">
              <lines>
                <line number="11" hits="4" branch="False" />
                <line number="12" hits="4" branch="True" condition-coverage="100% (2/2)">
                  <conditions>
                    <condition number="14" type="jump" coverage="100%" />
                  </conditions>
                </line>
                <line number="13" hits="3" branch="False" />
                <line number="14" hits="3" branch="True" condition-coverage="100% (6/6)">
                  <conditions>
                    <condition number="37" type="jump" coverage="100%" />
                    <condition number="50" type="jump" coverage="100%" />
                    <condition number="63" type="jump" coverage="100%" />
                  </conditions>
                </line>
                <line number="17" hits="1" branch="False" />
                <line number="19" hits="1" branch="False" />
                <line number="22" hits="1" branch="False" />
                <line number="25" hits="1" branch="False" />
                <line number="26" hits="4" branch="False" />
              </lines>
            </method>
            <method name="ConvertBack" signature="(System.Object,System.Type,System.Object,System.Globalization.CultureInfo)" line-rate="0" branch-rate="1" complexity="1">
              <lines>
                <line number="29" hits="0" branch="False" />
                <line number="30" hits="0" branch="False" />
                <line number="31" hits="0" branch="False" />
              </lines>
            </method>
          </methods>
          <lines>
            <line number="11" hits="4" branch="False" />
            <line number="12" hits="4" branch="True" condition-coverage="100% (2/2)">
              <conditions>
                <condition number="14" type="jump" coverage="100%" />
              </conditions>
            </line>
            <line number="13" hits="3" branch="False" />
            <line number="14" hits="3" branch="True" condition-coverage="100% (6/6)">
              <conditions>
                <condition number="37" type="jump" coverage="100%" />
                <condition number="50" type="jump" coverage="100%" />
                <condition number="63" type="jump" coverage="100%" />
              </conditions>
            </line>
            <line number="17" hits="1" branch="False" />
            <line number="19" hits="1" branch="False" />
            <line number="22" hits="1" branch="False" />
            <line number="25" hits="1" branch="False" />
            <line number="26" hits="4" branch="False" />
            <line number="29" hits="0" branch="False" />
            <line number="30" hits="0" branch="False" />
            <line number="31" hits="0" branch="False" />
          </lines>
        </class>
        <class name="DesktopTaskAid.Converters.SecondsToDurationConverter" filename="Converters\SecondsToDurationConverter.cs" line-rate="0.5882000000000001" branch-rate="1" complexity="5">
          <methods>
            <method name="Convert" signature="(System.Object,System.Type,System.Object,System.Globalization.CultureInfo)" line-rate="0.7142000000000001" branch-rate="1" complexity="4">
              <lines>
                <line number="11" hits="5" branch="False" />
                <line number="13" hits="5" branch="False" />
                <line number="14" hits="5" branch="True" condition-coverage="100% (4/4)">
                  <conditions>
                    <condition number="8" type="jump" coverage="100%" />
                    <condition number="23" type="jump" coverage="100%" />
                  </conditions>
                </line>
                <line number="15" hits="4" branch="False" />
                <line number="16" hits="4" branch="False" />
                <line number="17" hits="4" branch="False" />
                <line number="18" hits="4" branch="False" />
                <line number="19" hits="4" branch="False" />
                <line number="21" hits="1" branch="False" />
                <line number="23" hits="0" branch="False" />
                <line number="24" hits="0" branch="False" />
                <line number="25" hits="0" branch="False" />
                <line number="26" hits="0" branch="False" />
                <line number="28" hits="5" branch="False" />
              </lines>
            </method>
            <method name="ConvertBack" signature="(System.Object,System.Type,System.Object,System.Globalization.CultureInfo)" line-rate="0" branch-rate="1" complexity="1">
              <lines>
                <line number="31" hits="0" branch="False" />
                <line number="32" hits="0" branch="False" />
                <line number="33" hits="0" branch="False" />
              </lines>
            </method>
          </methods>
          <lines>
            <line number="11" hits="5" branch="False" />
            <line number="13" hits="5" branch="False" />
            <line number="14" hits="5" branch="True" condition-coverage="100% (4/4)">
              <conditions>
                <condition number="8" type="jump" coverage="100%" />
                <condition number="23" type="jump" coverage="100%" />
              </conditions>
            </line>
            <line number="15" hits="4" branch="False" />
            <line number="16" hits="4" branch="False" />
            <line number="17" hits="4" branch="False" />
            <line number="18" hits="4" branch="False" />
            <line number="19" hits="4" branch="False" />
            <line number="21" hits="1" branch="False" />
            <line number="23" hits="0" branch="False" />
            <line number="24" hits="0" branch="False" />
            <line number="25" hits="0" branch="False" />
            <line number="26" hits="0" branch="False" />
            <line number="28" hits="5" branch="False" />
            <line number="31" hits="0" branch="False" />
            <line number="32" hits="0" branch="False" />
            <line number="33" hits="0" branch="False" />
          </lines>
        </class>
        <class name="DesktopTaskAid.Converters.SecondsToTimerDisplayConverter" filename="Converters\SecondsToTimerDisplayConverter.cs" line-rate="0.5625" branch-rate="1" complexity="5">
          <methods>
            <method name="Convert" signature="(System.Object,System.Type,System.Object,System.Globalization.CultureInfo)" line-rate="0.6923" branch-rate="1" complexity="4">
              <lines>
                <line number="11" hits="5" branch="False" />
                <line number="13" hits="5" branch="False" />
                <line number="14" hits="5" branch="True" condition-coverage="100% (4/4)">
                  <conditions>
                    <condition number="8" type="jump" coverage="100%" />
                    <condition number="23" type="jump" coverage="100%" />
                  </conditions>
                </line>
                <line number="15" hits="4" branch="False" />
                <line number="16" hits="4" branch="False" />
                <line number="17" hits="4" branch="False" />
                <line number="18" hits="4" branch="False" />
                <line number="20" hits="1" branch="False" />
                <line number="22" hits="0" branch="False" />
                <line number="23" hits="0" branch="False" />
                <line number="24" hits="0" branch="False" />
                <line number="25" hits="0" branch="False" />
                <line number="27" hits="5" branch="False" />
              </lines>
            </method>
            <method name="ConvertBack" signature="(System.Object,System.Type,System.Object,System.Globalization.CultureInfo)" line-rate="0" branch-rate="1" complexity="1">
              <lines>
                <line number="30" hits="0" branch="False" />
                <line number="31" hits="0" branch="False" />
                <line number="32" hits="0" branch="False" />
              </lines>
            </method>
          </methods>
          <lines>
            <line number="11" hits="5" branch="False" />
            <line number="13" hits="5" branch="False" />
            <line number="14" hits="5" branch="True" condition-coverage="100% (4/4)">
              <conditions>
                <condition number="8" type="jump" coverage="100%" />
                <condition number="23" type="jump" coverage="100%" />
              </conditions>
            </line>
            <line number="15" hits="4" branch="False" />
            <line number="16" hits="4" branch="False" />
            <line number="17" hits="4" branch="False" />
            <line number="18" hits="4" branch="False" />
            <line number="20" hits="1" branch="False" />
            <line number="22" hits="0" branch="False" />
            <line number="23" hits="0" branch="False" />
            <line number="24" hits="0" branch="False" />
            <line number="25" hits="0" branch="False" />
            <line number="27" hits="5" branch="False" />
            <line number="30" hits="0" branch="False" />
            <line number="31" hits="0" branch="False" />
            <line number="32" hits="0" branch="False" />
          </lines>
        </class>
        <class name="DesktopTaskAid.Converters.TimeFormatConverter" filename="Converters\TimeFormatConverter.cs" line-rate="0.8" branch-rate="0.9" complexity="11">
          <methods>
            <method name="Convert" signature="(System.Object,System.Type,System.Object,System.Globalization.CultureInfo)" line-rate="1" branch-rate="0.9" complexity="10">
              <lines>
                <line number="10" hits="3" branch="False" />
                <line number="11" hits="3" branch="True" condition-coverage="100% (4/4)">
                  <conditions>
                    <condition number="7" type="jump" coverage="100%" />
                    <condition number="22" type="jump" coverage="100%" />
                  </conditions>
                </line>
                <line number="12" hits="2" branch="False" />
                <line number="13" hits="2" branch="False" />
                <line number="14" hits="2" branch="False" />
                <line number="15" hits="2" branch="True" condition-coverage="100% (2/2)">
                  <conditions>
                    <condition number="44" type="jump" coverage="100%" />
                  </conditions>
                </line>
                <line number="16" hits="2" branch="True" condition-coverage="50% (1/2)">
                  <conditions>
                    <condition number="64" type="jump" coverage="50%" />
                  </conditions>
                </line>
                <line number="18" hits="2" branch="True" condition-coverage="100% (2/2)">
                  <conditions>
                    <condition number="84" type="jump" coverage="100%" />
                  </conditions>
                </line>
                <line number="19" hits="1" branch="False" />
                <line number="21" hits="1" branch="False" />
                <line number="23" hits="1" branch="False" />
                <line number="24" hits="3" branch="False" />
              </lines>
            </method>
            <method name="ConvertBack" signature="(System.Object,System.Type,System.Object,System.Globalization.CultureInfo)" line-rate="0" branch-rate="1" complexity="1">
              <lines>
                <line number="27" hits="0" branch="False" />
                <line number="28" hits="0" branch="False" />
                <line number="29" hits="0" branch="False" />
              </lines>
            </method>
          </methods>
          <lines>
            <line number="10" hits="3" branch="False" />
            <line number="11" hits="3" branch="True" condition-coverage="100% (4/4)">
              <conditions>
                <condition number="7" type="jump" coverage="100%" />
                <condition number="22" type="jump" coverage="100%" />
              </conditions>
            </line>
            <line number="12" hits="2" branch="False" />
            <line number="13" hits="2" branch="False" />
            <line number="14" hits="2" branch="False" />
            <line number="15" hits="2" branch="True" condition-coverage="100% (2/2)">
              <conditions>
                <condition number="44" type="jump" coverage="100%" />
              </conditions>
            </line>
            <line number="16" hits="2" branch="True" condition-coverage="50% (1/2)">
              <conditions>
                <condition number="64" type="jump" coverage="50%" />
              </conditions>
            </line>
            <line number="18" hits="2" branch="True" condition-coverage="100% (2/2)">
              <conditions>
                <condition number="84" type="jump" coverage="100%" />
              </conditions>
            </line>
            <line number="19" hits="1" branch="False" />
            <line number="21" hits="1" branch="False" />
            <line number="23" hits="1" branch="False" />
            <line number="24" hits="3" branch="False" />
            <line number="27" hits="0" branch="False" />
            <line number="28" hits="0" branch="False" />
            <line number="29" hits="0" branch="False" />
          </lines>
        </class>
      </classes>
    </package>
  </packages>
</coverage>